Checking out 434 to /scratch/12309511/temp_checkouts/Chart_19f_randoop_4... OK
Init local repository...................................................... OK
Tag post-fix revision...................................................... OK
Apply patch................................................................ OK
Run post-checkout hook..................................................... OK
Excluding broken/flaky tests............................................... OK
Excluding broken/flaky tests............................................... OK
Initialize fixed program version........................................... OK
Apply patch................................................................ OK
Initialize buggy program version........................................... OK
Diff 434:430............................................................... OK
sh: line 1: 113757 Segmentation fault      (core dumped) git apply -p1 --check /scratch/12309511/temp_checkouts/Chart_19f_randoop_4/.defects4j.diff 2>&1
Apply patch................................................................ OK
Tag pre-fix revision....................................................... OK
Check out program version: Chart-19f....................................... OK
Running ant (compile)...................................................... OK
Running ant (compile.tests)................................................ OK
Compiling mutant definition (mml).......................................... OK
Running ant (mutate)....................................................... OK
Extract test suite......................................................... OK
Running ant (compile.gen.tests)............................................ 