Checking out 231 to /scratch/12309511/temp_checkouts/Chart_21f_evosuite_3.. OK
Init local repository...................................................... OK
Tag post-fix revision...................................................... OK
Apply patch................................................................ OK
Run post-checkout hook..................................................... OK
Excluding broken/flaky tests............................................... OK
Excluding broken/flaky tests............................................... OK
Initialize fixed program version........................................... OK
Apply patch................................................................ OK
Initialize buggy program version........................................... OK
Diff 231:227............................................................... OK
sh: line 1: 39399 Segmentation fault      (core dumped) git apply -p1 --check /scratch/12309511/temp_checkouts/Chart_21f_evosuite_3/.defects4j.diff 2>&1
Apply patch................................................................ OK
Tag pre-fix revision....................................................... OK
Check out program version: Chart-21f....................................... OK
Running ant (compile)...................................................... OK
Running ant (compile.tests)................................................ OK
Compiling mutant definition (mml).......................................... OK
Running ant (mutate)....................................................... OK
Extract test suite......................................................... OK
Running ant (compile.gen.tests)............................................ OK
Running ant (mutation.test)................................................ org.jfree.data.statistics.DefaultBoxAndWhiskerCategoryDataset_ESTest::test00
FAIL
Executed command:  cd /scratch/12309511/temp_checkouts/Chart_21f_evosuite_3 && /home/people/12309511/mutation_testing/defects4j/major/bin/ant -f /home/people/12309511/mutation_testing/defects4j/framework/projects/defects4j.build.xml -Dd4j.home=/home/people/12309511/mutation_testing/defects4j -Dd4j.dir.projects=/home/people/12309511/mutation_testing/defects4j/framework/projects -Dbasedir=/scratch/12309511/temp_checkouts/Chart_21f_evosuite_3 -Dbuild.compiler=major.ant.MajorCompiler -Dd4j.test.dir=/scratch/12309511/temp_checkouts/Chart_21f_evosuite_3/.test_suite -Dd4j.test.include=*.java -Dmajor.kill.log=/scratch/12309511/temp_checkouts/Chart_21f_evosuite_3/kill.csv -logfile /scratch/12309511/temp_checkouts/Chart_21f_evosuite_3/.mutation.log  -Dtest.entry.class=org.jfree.data.statistics.DefaultBoxAndWhiskerCategoryDataset_ESTest -Dtest.entry.method=test00 mutation.test 2>&1
OpenJDK 64-Bit Server VM warning: ignoring option MaxPermSize=1G; support was removed in 8.0
Unable to locate tools.jar. Expected to find it in /usr/lib/jvm/java-1.8.0-openjdk-1.8.0.212.b04-0.el7_6.x86_64/lib/tools.jar
Buildfile: /home/people/12309511/mutation_testing/defects4j/framework/projects/defects4j.build.xml
Moving csv files to results directories
mv: cannot stat ‘/scratch/12309511/temp_checkouts/Chart_21f_evosuite_3/killMap.csv’: No such file or directory
mv: cannot stat ‘/scratch/12309511/temp_checkouts/Chart_21f_evosuite_3/testMap.csv’: No such file or directory
mv: cannot stat ‘/scratch/12309511/temp_checkouts/Chart_21f_evosuite_3/summary.csv’: No such file or directory
Running ant (mutation.test)................................................ org.jfree.data.statistics.DefaultBoxAndWhiskerCategoryDataset_ESTest::test01
FAIL
Executed command:  cd /scratch/12309511/temp_checkouts/Chart_21f_evosuite_3 && /home/people/12309511/mutation_testing/defects4j/major/bin/ant -f /home/people/12309511/mutation_testing/defects4j/framework/projects/defects4j.build.xml -Dd4j.home=/home/people/12309511/mutation_testing/defects4j -Dd4j.dir.projects=/home/people/12309511/mutation_testing/defects4j/framework/projects -Dbasedir=/scratch/12309511/temp_checkouts/Chart_21f_evosuite_3 -Dbuild.compiler=major.ant.MajorCompiler -Dd4j.test.dir=/scratch/12309511/temp_checkouts/Chart_21f_evosuite_3/.test_suite -Dd4j.test.include=*.java -Dmajor.kill.log=/scratch/12309511/temp_checkouts/Chart_21f_evosuite_3/kill.csv -logfile /scratch/12309511/temp_checkouts/Chart_21f_evosuite_3/.mutation.log  -Dtest.entry.class=org.jfree.data.statistics.DefaultBoxAndWhiskerCategoryDataset_ESTest -Dtest.entry.method=test01 mutation.test 2>&1
OpenJDK 64-Bit Server VM warning: ignoring option MaxPermSize=1G; support was removed in 8.0
Unable to locate tools.jar. Expected to find it in /usr/lib/jvm/java-1.8.0-openjdk-1.8.0.212.b04-0.el7_6.x86_64/lib/tools.jar
Buildfile: /home/people/12309511/mutation_testing/defects4j/framework/projects/defects4j.build.xml
Moving csv files to results directories
mv: cannot stat ‘/scratch/12309511/temp_checkouts/Chart_21f_evosuite_3/killMap.csv’: No such file or directory
mv: cannot stat ‘/scratch/12309511/temp_checkouts/Chart_21f_evosuite_3/testMap.csv’: No such file or directory
mv: cannot stat ‘/scratch/12309511/temp_checkouts/Chart_21f_evosuite_3/summary.csv’: No such file or directory
Running ant (mutation.test)................................................ org.jfree.data.statistics.DefaultBoxAndWhiskerCategoryDataset_ESTest::test02
FAIL
Executed command:  cd /scratch/12309511/temp_checkouts/Chart_21f_evosuite_3 && /home/people/12309511/mutation_testing/defects4j/major/bin/ant -f /home/people/12309511/mutation_testing/defects4j/framework/projects/defects4j.build.xml -Dd4j.home=/home/people/12309511/mutation_testing/defects4j -Dd4j.dir.projects=/home/people/12309511/mutation_testing/defects4j/framework/projects -Dbasedir=/scratch/12309511/temp_checkouts/Chart_21f_evosuite_3 -Dbuild.compiler=major.ant.MajorCompiler -Dd4j.test.dir=/scratch/12309511/temp_checkouts/Chart_21f_evosuite_3/.test_suite -Dd4j.test.include=*.java -Dmajor.kill.log=/scratch/12309511/temp_checkouts/Chart_21f_evosuite_3/kill.csv -logfile /scratch/12309511/temp_checkouts/Chart_21f_evosuite_3/.mutation.log  -Dtest.entry.class=org.jfree.data.statistics.DefaultBoxAndWhiskerCategoryDataset_ESTest -Dtest.entry.method=test02 mutation.test 2>&1
OpenJDK 64-Bit Server VM warning: ignoring option MaxPermSize=1G; support was removed in 8.0
Unable to locate tools.jar. Expected to find it in /usr/lib/jvm/java-1.8.0-openjdk-1.8.0.212.b04-0.el7_6.x86_64/lib/tools.jar
Buildfile: /home/people/12309511/mutation_testing/defects4j/framework/projects/defects4j.build.xml
Moving csv files to results directories
mv: cannot stat ‘/scratch/12309511/temp_checkouts/Chart_21f_evosuite_3/killMap.csv’: No such file or directory
mv: cannot stat ‘/scratch/12309511/temp_checkouts/Chart_21f_evosuite_3/testMap.csv’: No such file or directory
mv: cannot stat ‘/scratch/12309511/temp_checkouts/Chart_21f_evosuite_3/summary.csv’: No such file or directory
Running ant (mutation.test)................................................ org.jfree.data.statistics.DefaultBoxAndWhiskerCategoryDataset_ESTest::test03
FAIL
Executed command:  cd /scratch/12309511/temp_checkouts/Chart_21f_evosuite_3 && /home/people/12309511/mutation_testing/defects4j/major/bin/ant -f /home/people/12309511/mutation_testing/defects4j/framework/projects/defects4j.build.xml -Dd4j.home=/home/people/12309511/mutation_testing/defects4j -Dd4j.dir.projects=/home/people/12309511/mutation_testing/defects4j/framework/projects -Dbasedir=/scratch/12309511/temp_checkouts/Chart_21f_evosuite_3 -Dbuild.compiler=major.ant.MajorCompiler -Dd4j.test.dir=/scratch/12309511/temp_checkouts/Chart_21f_evosuite_3/.test_suite -Dd4j.test.include=*.java -Dmajor.kill.log=/scratch/12309511/temp_checkouts/Chart_21f_evosuite_3/kill.csv -logfile /scratch/12309511/temp_checkouts/Chart_21f_evosuite_3/.mutation.log  -Dtest.entry.class=org.jfree.data.statistics.DefaultBoxAndWhiskerCategoryDataset_ESTest -Dtest.entry.method=test03 mutation.test 2>&1
OpenJDK 64-Bit Server VM warning: ignoring option MaxPermSize=1G; support was removed in 8.0
Unable to locate tools.jar. Expected to find it in /usr/lib/jvm/java-1.8.0-openjdk-1.8.0.212.b04-0.el7_6.x86_64/lib/tools.jar
Buildfile: /home/people/12309511/mutation_testing/defects4j/framework/projects/defects4j.build.xml
Moving csv files to results directories
mv: cannot stat ‘/scratch/12309511/temp_checkouts/Chart_21f_evosuite_3/killMap.csv’: No such file or directory
mv: cannot stat ‘/scratch/12309511/temp_checkouts/Chart_21f_evosuite_3/testMap.csv’: No such file or directory
mv: cannot stat ‘/scratch/12309511/temp_checkouts/Chart_21f_evosuite_3/summary.csv’: No such file or directory
Running ant (mutation.test)................................................ org.jfree.data.statistics.DefaultBoxAndWhiskerCategoryDataset_ESTest::test04
FAIL
Executed command:  cd /scratch/12309511/temp_checkouts/Chart_21f_evosuite_3 && /home/people/12309511/mutation_testing/defects4j/major/bin/ant -f /home/people/12309511/mutation_testing/defects4j/framework/projects/defects4j.build.xml -Dd4j.home=/home/people/12309511/mutation_testing/defects4j -Dd4j.dir.projects=/home/people/12309511/mutation_testing/defects4j/framework/projects -Dbasedir=/scratch/12309511/temp_checkouts/Chart_21f_evosuite_3 -Dbuild.compiler=major.ant.MajorCompiler -Dd4j.test.dir=/scratch/12309511/temp_checkouts/Chart_21f_evosuite_3/.test_suite -Dd4j.test.include=*.java -Dmajor.kill.log=/scratch/12309511/temp_checkouts/Chart_21f_evosuite_3/kill.csv -logfile /scratch/12309511/temp_checkouts/Chart_21f_evosuite_3/.mutation.log  -Dtest.entry.class=org.jfree.data.statistics.DefaultBoxAndWhiskerCategoryDataset_ESTest -Dtest.entry.method=test04 mutation.test 2>&1
OpenJDK 64-Bit Server VM warning: ignoring option MaxPermSize=1G; support was removed in 8.0
Unable to locate tools.jar. Expected to find it in /usr/lib/jvm/java-1.8.0-openjdk-1.8.0.212.b04-0.el7_6.x86_64/lib/tools.jar
Buildfile: /home/people/12309511/mutation_testing/defects4j/framework/projects/defects4j.build.xml
Moving csv files to results directories
mv: cannot stat ‘/scratch/12309511/temp_checkouts/Chart_21f_evosuite_3/killMap.csv’: No such file or directory
mv: cannot stat ‘/scratch/12309511/temp_checkouts/Chart_21f_evosuite_3/testMap.csv’: No such file or directory
mv: cannot stat ‘/scratch/12309511/temp_checkouts/Chart_21f_evosuite_3/summary.csv’: No such file or directory
Running ant (mutation.test)................................................ org.jfree.data.statistics.DefaultBoxAndWhiskerCategoryDataset_ESTest::test05
FAIL
Executed command:  cd /scratch/12309511/temp_checkouts/Chart_21f_evosuite_3 && /home/people/12309511/mutation_testing/defects4j/major/bin/ant -f /home/people/12309511/mutation_testing/defects4j/framework/projects/defects4j.build.xml -Dd4j.home=/home/people/12309511/mutation_testing/defects4j -Dd4j.dir.projects=/home/people/12309511/mutation_testing/defects4j/framework/projects -Dbasedir=/scratch/12309511/temp_checkouts/Chart_21f_evosuite_3 -Dbuild.compiler=major.ant.MajorCompiler -Dd4j.test.dir=/scratch/12309511/temp_checkouts/Chart_21f_evosuite_3/.test_suite -Dd4j.test.include=*.java -Dmajor.kill.log=/scratch/12309511/temp_checkouts/Chart_21f_evosuite_3/kill.csv -logfile /scratch/12309511/temp_checkouts/Chart_21f_evosuite_3/.mutation.log  -Dtest.entry.class=org.jfree.data.statistics.DefaultBoxAndWhiskerCategoryDataset_ESTest -Dtest.entry.method=test05 mutation.test 2>&1
OpenJDK 64-Bit Server VM warning: ignoring option MaxPermSize=1G; support was removed in 8.0
Unable to locate tools.jar. Expected to find it in /usr/lib/jvm/java-1.8.0-openjdk-1.8.0.212.b04-0.el7_6.x86_64/lib/tools.jar
Buildfile: /home/people/12309511/mutation_testing/defects4j/framework/projects/defects4j.build.xml
Moving csv files to results directories
mv: cannot stat ‘/scratch/12309511/temp_checkouts/Chart_21f_evosuite_3/killMap.csv’: No such file or directory
mv: cannot stat ‘/scratch/12309511/temp_checkouts/Chart_21f_evosuite_3/testMap.csv’: No such file or directory
mv: cannot stat ‘/scratch/12309511/temp_checkouts/Chart_21f_evosuite_3/summary.csv’: No such file or directory
Running ant (mutation.test)................................................ org.jfree.data.statistics.DefaultBoxAndWhiskerCategoryDataset_ESTest::test06
FAIL
Executed command:  cd /scratch/12309511/temp_checkouts/Chart_21f_evosuite_3 && /home/people/12309511/mutation_testing/defects4j/major/bin/ant -f /home/people/12309511/mutation_testing/defects4j/framework/projects/defects4j.build.xml -Dd4j.home=/home/people/12309511/mutation_testing/defects4j -Dd4j.dir.projects=/home/people/12309511/mutation_testing/defects4j/framework/projects -Dbasedir=/scratch/12309511/temp_checkouts/Chart_21f_evosuite_3 -Dbuild.compiler=major.ant.MajorCompiler -Dd4j.test.dir=/scratch/12309511/temp_checkouts/Chart_21f_evosuite_3/.test_suite -Dd4j.test.include=*.java -Dmajor.kill.log=/scratch/12309511/temp_checkouts/Chart_21f_evosuite_3/kill.csv -logfile /scratch/12309511/temp_checkouts/Chart_21f_evosuite_3/.mutation.log  -Dtest.entry.class=org.jfree.data.statistics.DefaultBoxAndWhiskerCategoryDataset_ESTest -Dtest.entry.method=test06 mutation.test 2>&1
OpenJDK 64-Bit Server VM warning: ignoring option MaxPermSize=1G; support was removed in 8.0
Unable to locate tools.jar. Expected to find it in /usr/lib/jvm/java-1.8.0-openjdk-1.8.0.212.b04-0.el7_6.x86_64/lib/tools.jar
Buildfile: /home/people/12309511/mutation_testing/defects4j/framework/projects/defects4j.build.xml
Moving csv files to results directories
mv: cannot stat ‘/scratch/12309511/temp_checkouts/Chart_21f_evosuite_3/killMap.csv’: No such file or directory
mv: cannot stat ‘/scratch/12309511/temp_checkouts/Chart_21f_evosuite_3/testMap.csv’: No such file or directory
mv: cannot stat ‘/scratch/12309511/temp_checkouts/Chart_21f_evosuite_3/summary.csv’: No such file or directory
Running ant (mutation.test)................................................ org.jfree.data.statistics.DefaultBoxAndWhiskerCategoryDataset_ESTest::test07
FAIL
Executed command:  cd /scratch/12309511/temp_checkouts/Chart_21f_evosuite_3 && /home/people/12309511/mutation_testing/defects4j/major/bin/ant -f /home/people/12309511/mutation_testing/defects4j/framework/projects/defects4j.build.xml -Dd4j.home=/home/people/12309511/mutation_testing/defects4j -Dd4j.dir.projects=/home/people/12309511/mutation_testing/defects4j/framework/projects -Dbasedir=/scratch/12309511/temp_checkouts/Chart_21f_evosuite_3 -Dbuild.compiler=major.ant.MajorCompiler -Dd4j.test.dir=/scratch/12309511/temp_checkouts/Chart_21f_evosuite_3/.test_suite -Dd4j.test.include=*.java -Dmajor.kill.log=/scratch/12309511/temp_checkouts/Chart_21f_evosuite_3/kill.csv -logfile /scratch/12309511/temp_checkouts/Chart_21f_evosuite_3/.mutation.log  -Dtest.entry.class=org.jfree.data.statistics.DefaultBoxAndWhiskerCategoryDataset_ESTest -Dtest.entry.method=test07 mutation.test 2>&1
OpenJDK 64-Bit Server VM warning: ignoring option MaxPermSize=1G; support was removed in 8.0
Unable to locate tools.jar. Expected to find it in /usr/lib/jvm/java-1.8.0-openjdk-1.8.0.212.b04-0.el7_6.x86_64/lib/tools.jar
Buildfile: /home/people/12309511/mutation_testing/defects4j/framework/projects/defects4j.build.xml
Moving csv files to results directories
mv: cannot stat ‘/scratch/12309511/temp_checkouts/Chart_21f_evosuite_3/killMap.csv’: No such file or directory
mv: cannot stat ‘/scratch/12309511/temp_checkouts/Chart_21f_evosuite_3/testMap.csv’: No such file or directory
mv: cannot stat ‘/scratch/12309511/temp_checkouts/Chart_21f_evosuite_3/summary.csv’: No such file or directory
Running ant (mutation.test)................................................ org.jfree.data.statistics.DefaultBoxAndWhiskerCategoryDataset_ESTest::test08
FAIL
Executed command:  cd /scratch/12309511/temp_checkouts/Chart_21f_evosuite_3 && /home/people/12309511/mutation_testing/defects4j/major/bin/ant -f /home/people/12309511/mutation_testing/defects4j/framework/projects/defects4j.build.xml -Dd4j.home=/home/people/12309511/mutation_testing/defects4j -Dd4j.dir.projects=/home/people/12309511/mutation_testing/defects4j/framework/projects -Dbasedir=/scratch/12309511/temp_checkouts/Chart_21f_evosuite_3 -Dbuild.compiler=major.ant.MajorCompiler -Dd4j.test.dir=/scratch/12309511/temp_checkouts/Chart_21f_evosuite_3/.test_suite -Dd4j.test.include=*.java -Dmajor.kill.log=/scratch/12309511/temp_checkouts/Chart_21f_evosuite_3/kill.csv -logfile /scratch/12309511/temp_checkouts/Chart_21f_evosuite_3/.mutation.log  -Dtest.entry.class=org.jfree.data.statistics.DefaultBoxAndWhiskerCategoryDataset_ESTest -Dtest.entry.method=test08 mutation.test 2>&1
OpenJDK 64-Bit Server VM warning: ignoring option MaxPermSize=1G; support was removed in 8.0
Unable to locate tools.jar. Expected to find it in /usr/lib/jvm/java-1.8.0-openjdk-1.8.0.212.b04-0.el7_6.x86_64/lib/tools.jar
Buildfile: /home/people/12309511/mutation_testing/defects4j/framework/projects/defects4j.build.xml
Moving csv files to results directories
mv: cannot stat ‘/scratch/12309511/temp_checkouts/Chart_21f_evosuite_3/killMap.csv’: No such file or directory
mv: cannot stat ‘/scratch/12309511/temp_checkouts/Chart_21f_evosuite_3/testMap.csv’: No such file or directory
mv: cannot stat ‘/scratch/12309511/temp_checkouts/Chart_21f_evosuite_3/summary.csv’: No such file or directory
Running ant (mutation.test)................................................ org.jfree.data.statistics.DefaultBoxAndWhiskerCategoryDataset_ESTest::test09
FAIL
Executed command:  cd /scratch/12309511/temp_checkouts/Chart_21f_evosuite_3 && /home/people/12309511/mutation_testing/defects4j/major/bin/ant -f /home/people/12309511/mutation_testing/defects4j/framework/projects/defects4j.build.xml -Dd4j.home=/home/people/12309511/mutation_testing/defects4j -Dd4j.dir.projects=/home/people/12309511/mutation_testing/defects4j/framework/projects -Dbasedir=/scratch/12309511/temp_checkouts/Chart_21f_evosuite_3 -Dbuild.compiler=major.ant.MajorCompiler -Dd4j.test.dir=/scratch/12309511/temp_checkouts/Chart_21f_evosuite_3/.test_suite -Dd4j.test.include=*.java -Dmajor.kill.log=/scratch/12309511/temp_checkouts/Chart_21f_evosuite_3/kill.csv -logfile /scratch/12309511/temp_checkouts/Chart_21f_evosuite_3/.mutation.log  -Dtest.entry.class=org.jfree.data.statistics.DefaultBoxAndWhiskerCategoryDataset_ESTest -Dtest.entry.method=test09 mutation.test 2>&1
OpenJDK 64-Bit Server VM warning: ignoring option MaxPermSize=1G; support was removed in 8.0
Unable to locate tools.jar. Expected to find it in /usr/lib/jvm/java-1.8.0-openjdk-1.8.0.212.b04-0.el7_6.x86_64/lib/tools.jar
Buildfile: /home/people/12309511/mutation_testing/defects4j/framework/projects/defects4j.build.xml
Moving csv files to results directories
mv: cannot stat ‘/scratch/12309511/temp_checkouts/Chart_21f_evosuite_3/killMap.csv’: No such file or directory
mv: cannot stat ‘/scratch/12309511/temp_checkouts/Chart_21f_evosuite_3/testMap.csv’: No such file or directory
mv: cannot stat ‘/scratch/12309511/temp_checkouts/Chart_21f_evosuite_3/summary.csv’: No such file or directory
Running ant (mutation.test)................................................ org.jfree.data.statistics.DefaultBoxAndWhiskerCategoryDataset_ESTest::test10
FAIL
Executed command:  cd /scratch/12309511/temp_checkouts/Chart_21f_evosuite_3 && /home/people/12309511/mutation_testing/defects4j/major/bin/ant -f /home/people/12309511/mutation_testing/defects4j/framework/projects/defects4j.build.xml -Dd4j.home=/home/people/12309511/mutation_testing/defects4j -Dd4j.dir.projects=/home/people/12309511/mutation_testing/defects4j/framework/projects -Dbasedir=/scratch/12309511/temp_checkouts/Chart_21f_evosuite_3 -Dbuild.compiler=major.ant.MajorCompiler -Dd4j.test.dir=/scratch/12309511/temp_checkouts/Chart_21f_evosuite_3/.test_suite -Dd4j.test.include=*.java -Dmajor.kill.log=/scratch/12309511/temp_checkouts/Chart_21f_evosuite_3/kill.csv -logfile /scratch/12309511/temp_checkouts/Chart_21f_evosuite_3/.mutation.log  -Dtest.entry.class=org.jfree.data.statistics.DefaultBoxAndWhiskerCategoryDataset_ESTest -Dtest.entry.method=test10 mutation.test 2>&1
OpenJDK 64-Bit Server VM warning: ignoring option MaxPermSize=1G; support was removed in 8.0
Unable to locate tools.jar. Expected to find it in /usr/lib/jvm/java-1.8.0-openjdk-1.8.0.212.b04-0.el7_6.x86_64/lib/tools.jar
Buildfile: /home/people/12309511/mutation_testing/defects4j/framework/projects/defects4j.build.xml
Moving csv files to results directories
mv: cannot stat ‘/scratch/12309511/temp_checkouts/Chart_21f_evosuite_3/killMap.csv’: No such file or directory
mv: cannot stat ‘/scratch/12309511/temp_checkouts/Chart_21f_evosuite_3/testMap.csv’: No such file or directory
mv: cannot stat ‘/scratch/12309511/temp_checkouts/Chart_21f_evosuite_3/summary.csv’: No such file or directory
Running ant (mutation.test)................................................ org.jfree.data.statistics.DefaultBoxAndWhiskerCategoryDataset_ESTest::test11
FAIL
Executed command:  cd /scratch/12309511/temp_checkouts/Chart_21f_evosuite_3 && /home/people/12309511/mutation_testing/defects4j/major/bin/ant -f /home/people/12309511/mutation_testing/defects4j/framework/projects/defects4j.build.xml -Dd4j.home=/home/people/12309511/mutation_testing/defects4j -Dd4j.dir.projects=/home/people/12309511/mutation_testing/defects4j/framework/projects -Dbasedir=/scratch/12309511/temp_checkouts/Chart_21f_evosuite_3 -Dbuild.compiler=major.ant.MajorCompiler -Dd4j.test.dir=/scratch/12309511/temp_checkouts/Chart_21f_evosuite_3/.test_suite -Dd4j.test.include=*.java -Dmajor.kill.log=/scratch/12309511/temp_checkouts/Chart_21f_evosuite_3/kill.csv -logfile /scratch/12309511/temp_checkouts/Chart_21f_evosuite_3/.mutation.log  -Dtest.entry.class=org.jfree.data.statistics.DefaultBoxAndWhiskerCategoryDataset_ESTest -Dtest.entry.method=test11 mutation.test 2>&1
OpenJDK 64-Bit Server VM warning: ignoring option MaxPermSize=1G; support was removed in 8.0
Unable to locate tools.jar. Expected to find it in /usr/lib/jvm/java-1.8.0-openjdk-1.8.0.212.b04-0.el7_6.x86_64/lib/tools.jar
Buildfile: /home/people/12309511/mutation_testing/defects4j/framework/projects/defects4j.build.xml
Moving csv files to results directories
mv: cannot stat ‘/scratch/12309511/temp_checkouts/Chart_21f_evosuite_3/killMap.csv’: No such file or directory
mv: cannot stat ‘/scratch/12309511/temp_checkouts/Chart_21f_evosuite_3/testMap.csv’: No such file or directory
mv: cannot stat ‘/scratch/12309511/temp_checkouts/Chart_21f_evosuite_3/summary.csv’: No such file or directory
Running ant (mutation.test)................................................ org.jfree.data.statistics.DefaultBoxAndWhiskerCategoryDataset_ESTest::test12
FAIL
Executed command:  cd /scratch/12309511/temp_checkouts/Chart_21f_evosuite_3 && /home/people/12309511/mutation_testing/defects4j/major/bin/ant -f /home/people/12309511/mutation_testing/defects4j/framework/projects/defects4j.build.xml -Dd4j.home=/home/people/12309511/mutation_testing/defects4j -Dd4j.dir.projects=/home/people/12309511/mutation_testing/defects4j/framework/projects -Dbasedir=/scratch/12309511/temp_checkouts/Chart_21f_evosuite_3 -Dbuild.compiler=major.ant.MajorCompiler -Dd4j.test.dir=/scratch/12309511/temp_checkouts/Chart_21f_evosuite_3/.test_suite -Dd4j.test.include=*.java -Dmajor.kill.log=/scratch/12309511/temp_checkouts/Chart_21f_evosuite_3/kill.csv -logfile /scratch/12309511/temp_checkouts/Chart_21f_evosuite_3/.mutation.log  -Dtest.entry.class=org.jfree.data.statistics.DefaultBoxAndWhiskerCategoryDataset_ESTest -Dtest.entry.method=test12 mutation.test 2>&1
OpenJDK 64-Bit Server VM warning: ignoring option MaxPermSize=1G; support was removed in 8.0
Unable to locate tools.jar. Expected to find it in /usr/lib/jvm/java-1.8.0-openjdk-1.8.0.212.b04-0.el7_6.x86_64/lib/tools.jar
Buildfile: /home/people/12309511/mutation_testing/defects4j/framework/projects/defects4j.build.xml
Moving csv files to results directories
mv: cannot stat ‘/scratch/12309511/temp_checkouts/Chart_21f_evosuite_3/killMap.csv’: No such file or directory
mv: cannot stat ‘/scratch/12309511/temp_checkouts/Chart_21f_evosuite_3/testMap.csv’: No such file or directory
mv: cannot stat ‘/scratch/12309511/temp_checkouts/Chart_21f_evosuite_3/summary.csv’: No such file or directory
Running ant (mutation.test)................................................ org.jfree.data.statistics.DefaultBoxAndWhiskerCategoryDataset_ESTest::test13
FAIL
Executed command:  cd /scratch/12309511/temp_checkouts/Chart_21f_evosuite_3 && /home/people/12309511/mutation_testing/defects4j/major/bin/ant -f /home/people/12309511/mutation_testing/defects4j/framework/projects/defects4j.build.xml -Dd4j.home=/home/people/12309511/mutation_testing/defects4j -Dd4j.dir.projects=/home/people/12309511/mutation_testing/defects4j/framework/projects -Dbasedir=/scratch/12309511/temp_checkouts/Chart_21f_evosuite_3 -Dbuild.compiler=major.ant.MajorCompiler -Dd4j.test.dir=/scratch/12309511/temp_checkouts/Chart_21f_evosuite_3/.test_suite -Dd4j.test.include=*.java -Dmajor.kill.log=/scratch/12309511/temp_checkouts/Chart_21f_evosuite_3/kill.csv -logfile /scratch/12309511/temp_checkouts/Chart_21f_evosuite_3/.mutation.log  -Dtest.entry.class=org.jfree.data.statistics.DefaultBoxAndWhiskerCategoryDataset_ESTest -Dtest.entry.method=test13 mutation.test 2>&1
OpenJDK 64-Bit Server VM warning: ignoring option MaxPermSize=1G; support was removed in 8.0
Unable to locate tools.jar. Expected to find it in /usr/lib/jvm/java-1.8.0-openjdk-1.8.0.212.b04-0.el7_6.x86_64/lib/tools.jar
Buildfile: /home/people/12309511/mutation_testing/defects4j/framework/projects/defects4j.build.xml
Moving csv files to results directories
mv: cannot stat ‘/scratch/12309511/temp_checkouts/Chart_21f_evosuite_3/killMap.csv’: No such file or directory
mv: cannot stat ‘/scratch/12309511/temp_checkouts/Chart_21f_evosuite_3/testMap.csv’: No such file or directory
mv: cannot stat ‘/scratch/12309511/temp_checkouts/Chart_21f_evosuite_3/summary.csv’: No such file or directory
Running ant (mutation.test)................................................ org.jfree.data.statistics.DefaultBoxAndWhiskerCategoryDataset_ESTest::test14
FAIL
Executed command:  cd /scratch/12309511/temp_checkouts/Chart_21f_evosuite_3 && /home/people/12309511/mutation_testing/defects4j/major/bin/ant -f /home/people/12309511/mutation_testing/defects4j/framework/projects/defects4j.build.xml -Dd4j.home=/home/people/12309511/mutation_testing/defects4j -Dd4j.dir.projects=/home/people/12309511/mutation_testing/defects4j/framework/projects -Dbasedir=/scratch/12309511/temp_checkouts/Chart_21f_evosuite_3 -Dbuild.compiler=major.ant.MajorCompiler -Dd4j.test.dir=/scratch/12309511/temp_checkouts/Chart_21f_evosuite_3/.test_suite -Dd4j.test.include=*.java -Dmajor.kill.log=/scratch/12309511/temp_checkouts/Chart_21f_evosuite_3/kill.csv -logfile /scratch/12309511/temp_checkouts/Chart_21f_evosuite_3/.mutation.log  -Dtest.entry.class=org.jfree.data.statistics.DefaultBoxAndWhiskerCategoryDataset_ESTest -Dtest.entry.method=test14 mutation.test 2>&1
OpenJDK 64-Bit Server VM warning: ignoring option MaxPermSize=1G; support was removed in 8.0
Unable to locate tools.jar. Expected to find it in /usr/lib/jvm/java-1.8.0-openjdk-1.8.0.212.b04-0.el7_6.x86_64/lib/tools.jar
Buildfile: /home/people/12309511/mutation_testing/defects4j/framework/projects/defects4j.build.xml
Moving csv files to results directories
mv: cannot stat ‘/scratch/12309511/temp_checkouts/Chart_21f_evosuite_3/killMap.csv’: No such file or directory
mv: cannot stat ‘/scratch/12309511/temp_checkouts/Chart_21f_evosuite_3/testMap.csv’: No such file or directory
mv: cannot stat ‘/scratch/12309511/temp_checkouts/Chart_21f_evosuite_3/summary.csv’: No such file or directory
Running ant (mutation.test)................................................ org.jfree.data.statistics.DefaultBoxAndWhiskerCategoryDataset_ESTest::test15
FAIL
Executed command:  cd /scratch/12309511/temp_checkouts/Chart_21f_evosuite_3 && /home/people/12309511/mutation_testing/defects4j/major/bin/ant -f /home/people/12309511/mutation_testing/defects4j/framework/projects/defects4j.build.xml -Dd4j.home=/home/people/12309511/mutation_testing/defects4j -Dd4j.dir.projects=/home/people/12309511/mutation_testing/defects4j/framework/projects -Dbasedir=/scratch/12309511/temp_checkouts/Chart_21f_evosuite_3 -Dbuild.compiler=major.ant.MajorCompiler -Dd4j.test.dir=/scratch/12309511/temp_checkouts/Chart_21f_evosuite_3/.test_suite -Dd4j.test.include=*.java -Dmajor.kill.log=/scratch/12309511/temp_checkouts/Chart_21f_evosuite_3/kill.csv -logfile /scratch/12309511/temp_checkouts/Chart_21f_evosuite_3/.mutation.log  -Dtest.entry.class=org.jfree.data.statistics.DefaultBoxAndWhiskerCategoryDataset_ESTest -Dtest.entry.method=test15 mutation.test 2>&1
OpenJDK 64-Bit Server VM warning: ignoring option MaxPermSize=1G; support was removed in 8.0
Unable to locate tools.jar. Expected to find it in /usr/lib/jvm/java-1.8.0-openjdk-1.8.0.212.b04-0.el7_6.x86_64/lib/tools.jar
Buildfile: /home/people/12309511/mutation_testing/defects4j/framework/projects/defects4j.build.xml
Moving csv files to results directories
mv: cannot stat ‘/scratch/12309511/temp_checkouts/Chart_21f_evosuite_3/killMap.csv’: No such file or directory
mv: cannot stat ‘/scratch/12309511/temp_checkouts/Chart_21f_evosuite_3/testMap.csv’: No such file or directory
mv: cannot stat ‘/scratch/12309511/temp_checkouts/Chart_21f_evosuite_3/summary.csv’: No such file or directory
Running ant (mutation.test)................................................ org.jfree.data.statistics.DefaultBoxAndWhiskerCategoryDataset_ESTest::test16
FAIL
Executed command:  cd /scratch/12309511/temp_checkouts/Chart_21f_evosuite_3 && /home/people/12309511/mutation_testing/defects4j/major/bin/ant -f /home/people/12309511/mutation_testing/defects4j/framework/projects/defects4j.build.xml -Dd4j.home=/home/people/12309511/mutation_testing/defects4j -Dd4j.dir.projects=/home/people/12309511/mutation_testing/defects4j/framework/projects -Dbasedir=/scratch/12309511/temp_checkouts/Chart_21f_evosuite_3 -Dbuild.compiler=major.ant.MajorCompiler -Dd4j.test.dir=/scratch/12309511/temp_checkouts/Chart_21f_evosuite_3/.test_suite -Dd4j.test.include=*.java -Dmajor.kill.log=/scratch/12309511/temp_checkouts/Chart_21f_evosuite_3/kill.csv -logfile /scratch/12309511/temp_checkouts/Chart_21f_evosuite_3/.mutation.log  -Dtest.entry.class=org.jfree.data.statistics.DefaultBoxAndWhiskerCategoryDataset_ESTest -Dtest.entry.method=test16 mutation.test 2>&1
OpenJDK 64-Bit Server VM warning: ignoring option MaxPermSize=1G; support was removed in 8.0
Unable to locate tools.jar. Expected to find it in /usr/lib/jvm/java-1.8.0-openjdk-1.8.0.212.b04-0.el7_6.x86_64/lib/tools.jar
Buildfile: /home/people/12309511/mutation_testing/defects4j/framework/projects/defects4j.build.xml
Moving csv files to results directories
mv: cannot stat ‘/scratch/12309511/temp_checkouts/Chart_21f_evosuite_3/killMap.csv’: No such file or directory
mv: cannot stat ‘/scratch/12309511/temp_checkouts/Chart_21f_evosuite_3/testMap.csv’: No such file or directory
mv: cannot stat ‘/scratch/12309511/temp_checkouts/Chart_21f_evosuite_3/summary.csv’: No such file or directory
Running ant (mutation.test)................................................ org.jfree.data.statistics.DefaultBoxAndWhiskerCategoryDataset_ESTest::test17
FAIL
Executed command:  cd /scratch/12309511/temp_checkouts/Chart_21f_evosuite_3 && /home/people/12309511/mutation_testing/defects4j/major/bin/ant -f /home/people/12309511/mutation_testing/defects4j/framework/projects/defects4j.build.xml -Dd4j.home=/home/people/12309511/mutation_testing/defects4j -Dd4j.dir.projects=/home/people/12309511/mutation_testing/defects4j/framework/projects -Dbasedir=/scratch/12309511/temp_checkouts/Chart_21f_evosuite_3 -Dbuild.compiler=major.ant.MajorCompiler -Dd4j.test.dir=/scratch/12309511/temp_checkouts/Chart_21f_evosuite_3/.test_suite -Dd4j.test.include=*.java -Dmajor.kill.log=/scratch/12309511/temp_checkouts/Chart_21f_evosuite_3/kill.csv -logfile /scratch/12309511/temp_checkouts/Chart_21f_evosuite_3/.mutation.log  -Dtest.entry.class=org.jfree.data.statistics.DefaultBoxAndWhiskerCategoryDataset_ESTest -Dtest.entry.method=test17 mutation.test 2>&1
OpenJDK 64-Bit Server VM warning: ignoring option MaxPermSize=1G; support was removed in 8.0
Unable to locate tools.jar. Expected to find it in /usr/lib/jvm/java-1.8.0-openjdk-1.8.0.212.b04-0.el7_6.x86_64/lib/tools.jar
Buildfile: /home/people/12309511/mutation_testing/defects4j/framework/projects/defects4j.build.xml
Moving csv files to results directories
mv: cannot stat ‘/scratch/12309511/temp_checkouts/Chart_21f_evosuite_3/killMap.csv’: No such file or directory
mv: cannot stat ‘/scratch/12309511/temp_checkouts/Chart_21f_evosuite_3/testMap.csv’: No such file or directory
mv: cannot stat ‘/scratch/12309511/temp_checkouts/Chart_21f_evosuite_3/summary.csv’: No such file or directory
Running ant (mutation.test)................................................ org.jfree.data.statistics.DefaultBoxAndWhiskerCategoryDataset_ESTest::test18
FAIL
Executed command:  cd /scratch/12309511/temp_checkouts/Chart_21f_evosuite_3 && /home/people/12309511/mutation_testing/defects4j/major/bin/ant -f /home/people/12309511/mutation_testing/defects4j/framework/projects/defects4j.build.xml -Dd4j.home=/home/people/12309511/mutation_testing/defects4j -Dd4j.dir.projects=/home/people/12309511/mutation_testing/defects4j/framework/projects -Dbasedir=/scratch/12309511/temp_checkouts/Chart_21f_evosuite_3 -Dbuild.compiler=major.ant.MajorCompiler -Dd4j.test.dir=/scratch/12309511/temp_checkouts/Chart_21f_evosuite_3/.test_suite -Dd4j.test.include=*.java -Dmajor.kill.log=/scratch/12309511/temp_checkouts/Chart_21f_evosuite_3/kill.csv -logfile /scratch/12309511/temp_checkouts/Chart_21f_evosuite_3/.mutation.log  -Dtest.entry.class=org.jfree.data.statistics.DefaultBoxAndWhiskerCategoryDataset_ESTest -Dtest.entry.method=test18 mutation.test 2>&1
OpenJDK 64-Bit Server VM warning: ignoring option MaxPermSize=1G; support was removed in 8.0
Unable to locate tools.jar. Expected to find it in /usr/lib/jvm/java-1.8.0-openjdk-1.8.0.212.b04-0.el7_6.x86_64/lib/tools.jar
Buildfile: /home/people/12309511/mutation_testing/defects4j/framework/projects/defects4j.build.xml
Moving csv files to results directories
mv: cannot stat ‘/scratch/12309511/temp_checkouts/Chart_21f_evosuite_3/killMap.csv’: No such file or directory
mv: cannot stat ‘/scratch/12309511/temp_checkouts/Chart_21f_evosuite_3/testMap.csv’: No such file or directory
mv: cannot stat ‘/scratch/12309511/temp_checkouts/Chart_21f_evosuite_3/summary.csv’: No such file or directory
Running ant (mutation.test)................................................ org.jfree.data.statistics.DefaultBoxAndWhiskerCategoryDataset_ESTest::test19
FAIL
Executed command:  cd /scratch/12309511/temp_checkouts/Chart_21f_evosuite_3 && /home/people/12309511/mutation_testing/defects4j/major/bin/ant -f /home/people/12309511/mutation_testing/defects4j/framework/projects/defects4j.build.xml -Dd4j.home=/home/people/12309511/mutation_testing/defects4j -Dd4j.dir.projects=/home/people/12309511/mutation_testing/defects4j/framework/projects -Dbasedir=/scratch/12309511/temp_checkouts/Chart_21f_evosuite_3 -Dbuild.compiler=major.ant.MajorCompiler -Dd4j.test.dir=/scratch/12309511/temp_checkouts/Chart_21f_evosuite_3/.test_suite -Dd4j.test.include=*.java -Dmajor.kill.log=/scratch/12309511/temp_checkouts/Chart_21f_evosuite_3/kill.csv -logfile /scratch/12309511/temp_checkouts/Chart_21f_evosuite_3/.mutation.log  -Dtest.entry.class=org.jfree.data.statistics.DefaultBoxAndWhiskerCategoryDataset_ESTest -Dtest.entry.method=test19 mutation.test 2>&1
OpenJDK 64-Bit Server VM warning: ignoring option MaxPermSize=1G; support was removed in 8.0
Unable to locate tools.jar. Expected to find it in /usr/lib/jvm/java-1.8.0-openjdk-1.8.0.212.b04-0.el7_6.x86_64/lib/tools.jar
Buildfile: /home/people/12309511/mutation_testing/defects4j/framework/projects/defects4j.build.xml
Moving csv files to results directories
mv: cannot stat ‘/scratch/12309511/temp_checkouts/Chart_21f_evosuite_3/killMap.csv’: No such file or directory
mv: cannot stat ‘/scratch/12309511/temp_checkouts/Chart_21f_evosuite_3/testMap.csv’: No such file or directory
mv: cannot stat ‘/scratch/12309511/temp_checkouts/Chart_21f_evosuite_3/summary.csv’: No such file or directory
Running ant (mutation.test)................................................ org.jfree.data.statistics.DefaultBoxAndWhiskerCategoryDataset_ESTest::test20
FAIL
Executed command:  cd /scratch/12309511/temp_checkouts/Chart_21f_evosuite_3 && /home/people/12309511/mutation_testing/defects4j/major/bin/ant -f /home/people/12309511/mutation_testing/defects4j/framework/projects/defects4j.build.xml -Dd4j.home=/home/people/12309511/mutation_testing/defects4j -Dd4j.dir.projects=/home/people/12309511/mutation_testing/defects4j/framework/projects -Dbasedir=/scratch/12309511/temp_checkouts/Chart_21f_evosuite_3 -Dbuild.compiler=major.ant.MajorCompiler -Dd4j.test.dir=/scratch/12309511/temp_checkouts/Chart_21f_evosuite_3/.test_suite -Dd4j.test.include=*.java -Dmajor.kill.log=/scratch/12309511/temp_checkouts/Chart_21f_evosuite_3/kill.csv -logfile /scratch/12309511/temp_checkouts/Chart_21f_evosuite_3/.mutation.log  -Dtest.entry.class=org.jfree.data.statistics.DefaultBoxAndWhiskerCategoryDataset_ESTest -Dtest.entry.method=test20 mutation.test 2>&1
OpenJDK 64-Bit Server VM warning: ignoring option MaxPermSize=1G; support was removed in 8.0
Unable to locate tools.jar. Expected to find it in /usr/lib/jvm/java-1.8.0-openjdk-1.8.0.212.b04-0.el7_6.x86_64/lib/tools.jar
Buildfile: /home/people/12309511/mutation_testing/defects4j/framework/projects/defects4j.build.xml
Moving csv files to results directories
mv: cannot stat ‘/scratch/12309511/temp_checkouts/Chart_21f_evosuite_3/killMap.csv’: No such file or directory
mv: cannot stat ‘/scratch/12309511/temp_checkouts/Chart_21f_evosuite_3/testMap.csv’: No such file or directory
mv: cannot stat ‘/scratch/12309511/temp_checkouts/Chart_21f_evosuite_3/summary.csv’: No such file or directory
Running ant (mutation.test)................................................ org.jfree.data.statistics.DefaultBoxAndWhiskerCategoryDataset_ESTest::test21
FAIL
Executed command:  cd /scratch/12309511/temp_checkouts/Chart_21f_evosuite_3 && /home/people/12309511/mutation_testing/defects4j/major/bin/ant -f /home/people/12309511/mutation_testing/defects4j/framework/projects/defects4j.build.xml -Dd4j.home=/home/people/12309511/mutation_testing/defects4j -Dd4j.dir.projects=/home/people/12309511/mutation_testing/defects4j/framework/projects -Dbasedir=/scratch/12309511/temp_checkouts/Chart_21f_evosuite_3 -Dbuild.compiler=major.ant.MajorCompiler -Dd4j.test.dir=/scratch/12309511/temp_checkouts/Chart_21f_evosuite_3/.test_suite -Dd4j.test.include=*.java -Dmajor.kill.log=/scratch/12309511/temp_checkouts/Chart_21f_evosuite_3/kill.csv -logfile /scratch/12309511/temp_checkouts/Chart_21f_evosuite_3/.mutation.log  -Dtest.entry.class=org.jfree.data.statistics.DefaultBoxAndWhiskerCategoryDataset_ESTest -Dtest.entry.method=test21 mutation.test 2>&1
OpenJDK 64-Bit Server VM warning: ignoring option MaxPermSize=1G; support was removed in 8.0
Unable to locate tools.jar. Expected to find it in /usr/lib/jvm/java-1.8.0-openjdk-1.8.0.212.b04-0.el7_6.x86_64/lib/tools.jar
Buildfile: /home/people/12309511/mutation_testing/defects4j/framework/projects/defects4j.build.xml
Moving csv files to results directories
mv: cannot stat ‘/scratch/12309511/temp_checkouts/Chart_21f_evosuite_3/killMap.csv’: No such file or directory
mv: cannot stat ‘/scratch/12309511/temp_checkouts/Chart_21f_evosuite_3/testMap.csv’: No such file or directory
mv: cannot stat ‘/scratch/12309511/temp_checkouts/Chart_21f_evosuite_3/summary.csv’: No such file or directory
Running ant (mutation.test)................................................ org.jfree.data.statistics.DefaultBoxAndWhiskerCategoryDataset_ESTest::test22
FAIL
Executed command:  cd /scratch/12309511/temp_checkouts/Chart_21f_evosuite_3 && /home/people/12309511/mutation_testing/defects4j/major/bin/ant -f /home/people/12309511/mutation_testing/defects4j/framework/projects/defects4j.build.xml -Dd4j.home=/home/people/12309511/mutation_testing/defects4j -Dd4j.dir.projects=/home/people/12309511/mutation_testing/defects4j/framework/projects -Dbasedir=/scratch/12309511/temp_checkouts/Chart_21f_evosuite_3 -Dbuild.compiler=major.ant.MajorCompiler -Dd4j.test.dir=/scratch/12309511/temp_checkouts/Chart_21f_evosuite_3/.test_suite -Dd4j.test.include=*.java -Dmajor.kill.log=/scratch/12309511/temp_checkouts/Chart_21f_evosuite_3/kill.csv -logfile /scratch/12309511/temp_checkouts/Chart_21f_evosuite_3/.mutation.log  -Dtest.entry.class=org.jfree.data.statistics.DefaultBoxAndWhiskerCategoryDataset_ESTest -Dtest.entry.method=test22 mutation.test 2>&1
OpenJDK 64-Bit Server VM warning: ignoring option MaxPermSize=1G; support was removed in 8.0
Unable to locate tools.jar. Expected to find it in /usr/lib/jvm/java-1.8.0-openjdk-1.8.0.212.b04-0.el7_6.x86_64/lib/tools.jar
Buildfile: /home/people/12309511/mutation_testing/defects4j/framework/projects/defects4j.build.xml
Moving csv files to results directories
mv: cannot stat ‘/scratch/12309511/temp_checkouts/Chart_21f_evosuite_3/killMap.csv’: No such file or directory
mv: cannot stat ‘/scratch/12309511/temp_checkouts/Chart_21f_evosuite_3/testMap.csv’: No such file or directory
mv: cannot stat ‘/scratch/12309511/temp_checkouts/Chart_21f_evosuite_3/summary.csv’: No such file or directory
Running ant (mutation.test)................................................ org.jfree.data.statistics.DefaultBoxAndWhiskerCategoryDataset_ESTest::test23
FAIL
Executed command:  cd /scratch/12309511/temp_checkouts/Chart_21f_evosuite_3 && /home/people/12309511/mutation_testing/defects4j/major/bin/ant -f /home/people/12309511/mutation_testing/defects4j/framework/projects/defects4j.build.xml -Dd4j.home=/home/people/12309511/mutation_testing/defects4j -Dd4j.dir.projects=/home/people/12309511/mutation_testing/defects4j/framework/projects -Dbasedir=/scratch/12309511/temp_checkouts/Chart_21f_evosuite_3 -Dbuild.compiler=major.ant.MajorCompiler -Dd4j.test.dir=/scratch/12309511/temp_checkouts/Chart_21f_evosuite_3/.test_suite -Dd4j.test.include=*.java -Dmajor.kill.log=/scratch/12309511/temp_checkouts/Chart_21f_evosuite_3/kill.csv -logfile /scratch/12309511/temp_checkouts/Chart_21f_evosuite_3/.mutation.log  -Dtest.entry.class=org.jfree.data.statistics.DefaultBoxAndWhiskerCategoryDataset_ESTest -Dtest.entry.method=test23 mutation.test 2>&1
OpenJDK 64-Bit Server VM warning: ignoring option MaxPermSize=1G; support was removed in 8.0
Unable to locate tools.jar. Expected to find it in /usr/lib/jvm/java-1.8.0-openjdk-1.8.0.212.b04-0.el7_6.x86_64/lib/tools.jar
Buildfile: /home/people/12309511/mutation_testing/defects4j/framework/projects/defects4j.build.xml
Moving csv files to results directories
mv: cannot stat ‘/scratch/12309511/temp_checkouts/Chart_21f_evosuite_3/killMap.csv’: No such file or directory
mv: cannot stat ‘/scratch/12309511/temp_checkouts/Chart_21f_evosuite_3/testMap.csv’: No such file or directory
mv: cannot stat ‘/scratch/12309511/temp_checkouts/Chart_21f_evosuite_3/summary.csv’: No such file or directory
Running ant (mutation.test)................................................ org.jfree.data.statistics.DefaultBoxAndWhiskerCategoryDataset_ESTest::test24
FAIL
Executed command:  cd /scratch/12309511/temp_checkouts/Chart_21f_evosuite_3 && /home/people/12309511/mutation_testing/defects4j/major/bin/ant -f /home/people/12309511/mutation_testing/defects4j/framework/projects/defects4j.build.xml -Dd4j.home=/home/people/12309511/mutation_testing/defects4j -Dd4j.dir.projects=/home/people/12309511/mutation_testing/defects4j/framework/projects -Dbasedir=/scratch/12309511/temp_checkouts/Chart_21f_evosuite_3 -Dbuild.compiler=major.ant.MajorCompiler -Dd4j.test.dir=/scratch/12309511/temp_checkouts/Chart_21f_evosuite_3/.test_suite -Dd4j.test.include=*.java -Dmajor.kill.log=/scratch/12309511/temp_checkouts/Chart_21f_evosuite_3/kill.csv -logfile /scratch/12309511/temp_checkouts/Chart_21f_evosuite_3/.mutation.log  -Dtest.entry.class=org.jfree.data.statistics.DefaultBoxAndWhiskerCategoryDataset_ESTest -Dtest.entry.method=test24 mutation.test 2>&1
OpenJDK 64-Bit Server VM warning: ignoring option MaxPermSize=1G; support was removed in 8.0
Unable to locate tools.jar. Expected to find it in /usr/lib/jvm/java-1.8.0-openjdk-1.8.0.212.b04-0.el7_6.x86_64/lib/tools.jar
Buildfile: /home/people/12309511/mutation_testing/defects4j/framework/projects/defects4j.build.xml
Moving csv files to results directories
mv: cannot stat ‘/scratch/12309511/temp_checkouts/Chart_21f_evosuite_3/killMap.csv’: No such file or directory
mv: cannot stat ‘/scratch/12309511/temp_checkouts/Chart_21f_evosuite_3/testMap.csv’: No such file or directory
mv: cannot stat ‘/scratch/12309511/temp_checkouts/Chart_21f_evosuite_3/summary.csv’: No such file or directory
Running ant (mutation.test)................................................ org.jfree.data.statistics.DefaultBoxAndWhiskerCategoryDataset_ESTest::test25
FAIL
Executed command:  cd /scratch/12309511/temp_checkouts/Chart_21f_evosuite_3 && /home/people/12309511/mutation_testing/defects4j/major/bin/ant -f /home/people/12309511/mutation_testing/defects4j/framework/projects/defects4j.build.xml -Dd4j.home=/home/people/12309511/mutation_testing/defects4j -Dd4j.dir.projects=/home/people/12309511/mutation_testing/defects4j/framework/projects -Dbasedir=/scratch/12309511/temp_checkouts/Chart_21f_evosuite_3 -Dbuild.compiler=major.ant.MajorCompiler -Dd4j.test.dir=/scratch/12309511/temp_checkouts/Chart_21f_evosuite_3/.test_suite -Dd4j.test.include=*.java -Dmajor.kill.log=/scratch/12309511/temp_checkouts/Chart_21f_evosuite_3/kill.csv -logfile /scratch/12309511/temp_checkouts/Chart_21f_evosuite_3/.mutation.log  -Dtest.entry.class=org.jfree.data.statistics.DefaultBoxAndWhiskerCategoryDataset_ESTest -Dtest.entry.method=test25 mutation.test 2>&1
OpenJDK 64-Bit Server VM warning: ignoring option MaxPermSize=1G; support was removed in 8.0
Unable to locate tools.jar. Expected to find it in /usr/lib/jvm/java-1.8.0-openjdk-1.8.0.212.b04-0.el7_6.x86_64/lib/tools.jar
Buildfile: /home/people/12309511/mutation_testing/defects4j/framework/projects/defects4j.build.xml
Moving csv files to results directories
mv: cannot stat ‘/scratch/12309511/temp_checkouts/Chart_21f_evosuite_3/killMap.csv’: No such file or directory
mv: cannot stat ‘/scratch/12309511/temp_checkouts/Chart_21f_evosuite_3/testMap.csv’: No such file or directory
mv: cannot stat ‘/scratch/12309511/temp_checkouts/Chart_21f_evosuite_3/summary.csv’: No such file or directory
Running ant (mutation.test)................................................ org.jfree.data.statistics.DefaultBoxAndWhiskerCategoryDataset_ESTest::test26
FAIL
Executed command:  cd /scratch/12309511/temp_checkouts/Chart_21f_evosuite_3 && /home/people/12309511/mutation_testing/defects4j/major/bin/ant -f /home/people/12309511/mutation_testing/defects4j/framework/projects/defects4j.build.xml -Dd4j.home=/home/people/12309511/mutation_testing/defects4j -Dd4j.dir.projects=/home/people/12309511/mutation_testing/defects4j/framework/projects -Dbasedir=/scratch/12309511/temp_checkouts/Chart_21f_evosuite_3 -Dbuild.compiler=major.ant.MajorCompiler -Dd4j.test.dir=/scratch/12309511/temp_checkouts/Chart_21f_evosuite_3/.test_suite -Dd4j.test.include=*.java -Dmajor.kill.log=/scratch/12309511/temp_checkouts/Chart_21f_evosuite_3/kill.csv -logfile /scratch/12309511/temp_checkouts/Chart_21f_evosuite_3/.mutation.log  -Dtest.entry.class=org.jfree.data.statistics.DefaultBoxAndWhiskerCategoryDataset_ESTest -Dtest.entry.method=test26 mutation.test 2>&1
OpenJDK 64-Bit Server VM warning: ignoring option MaxPermSize=1G; support was removed in 8.0
Unable to locate tools.jar. Expected to find it in /usr/lib/jvm/java-1.8.0-openjdk-1.8.0.212.b04-0.el7_6.x86_64/lib/tools.jar
Buildfile: /home/people/12309511/mutation_testing/defects4j/framework/projects/defects4j.build.xml
Moving csv files to results directories
mv: cannot stat ‘/scratch/12309511/temp_checkouts/Chart_21f_evosuite_3/killMap.csv’: No such file or directory
mv: cannot stat ‘/scratch/12309511/temp_checkouts/Chart_21f_evosuite_3/testMap.csv’: No such file or directory
mv: cannot stat ‘/scratch/12309511/temp_checkouts/Chart_21f_evosuite_3/summary.csv’: No such file or directory
Running ant (mutation.test)................................................ org.jfree.data.statistics.DefaultBoxAndWhiskerCategoryDataset_ESTest::test27
FAIL
Executed command:  cd /scratch/12309511/temp_checkouts/Chart_21f_evosuite_3 && /home/people/12309511/mutation_testing/defects4j/major/bin/ant -f /home/people/12309511/mutation_testing/defects4j/framework/projects/defects4j.build.xml -Dd4j.home=/home/people/12309511/mutation_testing/defects4j -Dd4j.dir.projects=/home/people/12309511/mutation_testing/defects4j/framework/projects -Dbasedir=/scratch/12309511/temp_checkouts/Chart_21f_evosuite_3 -Dbuild.compiler=major.ant.MajorCompiler -Dd4j.test.dir=/scratch/12309511/temp_checkouts/Chart_21f_evosuite_3/.test_suite -Dd4j.test.include=*.java -Dmajor.kill.log=/scratch/12309511/temp_checkouts/Chart_21f_evosuite_3/kill.csv -logfile /scratch/12309511/temp_checkouts/Chart_21f_evosuite_3/.mutation.log  -Dtest.entry.class=org.jfree.data.statistics.DefaultBoxAndWhiskerCategoryDataset_ESTest -Dtest.entry.method=test27 mutation.test 2>&1
OpenJDK 64-Bit Server VM warning: ignoring option MaxPermSize=1G; support was removed in 8.0
Unable to locate tools.jar. Expected to find it in /usr/lib/jvm/java-1.8.0-openjdk-1.8.0.212.b04-0.el7_6.x86_64/lib/tools.jar
Buildfile: /home/people/12309511/mutation_testing/defects4j/framework/projects/defects4j.build.xml
Moving csv files to results directories
mv: cannot stat ‘/scratch/12309511/temp_checkouts/Chart_21f_evosuite_3/killMap.csv’: No such file or directory
mv: cannot stat ‘/scratch/12309511/temp_checkouts/Chart_21f_evosuite_3/testMap.csv’: No such file or directory
mv: cannot stat ‘/scratch/12309511/temp_checkouts/Chart_21f_evosuite_3/summary.csv’: No such file or directory
Running ant (mutation.test)................................................ org.jfree.data.statistics.DefaultBoxAndWhiskerCategoryDataset_ESTest::test28
FAIL
Executed command:  cd /scratch/12309511/temp_checkouts/Chart_21f_evosuite_3 && /home/people/12309511/mutation_testing/defects4j/major/bin/ant -f /home/people/12309511/mutation_testing/defects4j/framework/projects/defects4j.build.xml -Dd4j.home=/home/people/12309511/mutation_testing/defects4j -Dd4j.dir.projects=/home/people/12309511/mutation_testing/defects4j/framework/projects -Dbasedir=/scratch/12309511/temp_checkouts/Chart_21f_evosuite_3 -Dbuild.compiler=major.ant.MajorCompiler -Dd4j.test.dir=/scratch/12309511/temp_checkouts/Chart_21f_evosuite_3/.test_suite -Dd4j.test.include=*.java -Dmajor.kill.log=/scratch/12309511/temp_checkouts/Chart_21f_evosuite_3/kill.csv -logfile /scratch/12309511/temp_checkouts/Chart_21f_evosuite_3/.mutation.log  -Dtest.entry.class=org.jfree.data.statistics.DefaultBoxAndWhiskerCategoryDataset_ESTest -Dtest.entry.method=test28 mutation.test 2>&1
OpenJDK 64-Bit Server VM warning: ignoring option MaxPermSize=1G; support was removed in 8.0
Unable to locate tools.jar. Expected to find it in /usr/lib/jvm/java-1.8.0-openjdk-1.8.0.212.b04-0.el7_6.x86_64/lib/tools.jar
Buildfile: /home/people/12309511/mutation_testing/defects4j/framework/projects/defects4j.build.xml
Moving csv files to results directories
mv: cannot stat ‘/scratch/12309511/temp_checkouts/Chart_21f_evosuite_3/killMap.csv’: No such file or directory
mv: cannot stat ‘/scratch/12309511/temp_checkouts/Chart_21f_evosuite_3/testMap.csv’: No such file or directory
mv: cannot stat ‘/scratch/12309511/temp_checkouts/Chart_21f_evosuite_3/summary.csv’: No such file or directory
Running ant (mutation.test)................................................ org.jfree.data.statistics.DefaultBoxAndWhiskerCategoryDataset_ESTest::test29
FAIL
Executed command:  cd /scratch/12309511/temp_checkouts/Chart_21f_evosuite_3 && /home/people/12309511/mutation_testing/defects4j/major/bin/ant -f /home/people/12309511/mutation_testing/defects4j/framework/projects/defects4j.build.xml -Dd4j.home=/home/people/12309511/mutation_testing/defects4j -Dd4j.dir.projects=/home/people/12309511/mutation_testing/defects4j/framework/projects -Dbasedir=/scratch/12309511/temp_checkouts/Chart_21f_evosuite_3 -Dbuild.compiler=major.ant.MajorCompiler -Dd4j.test.dir=/scratch/12309511/temp_checkouts/Chart_21f_evosuite_3/.test_suite -Dd4j.test.include=*.java -Dmajor.kill.log=/scratch/12309511/temp_checkouts/Chart_21f_evosuite_3/kill.csv -logfile /scratch/12309511/temp_checkouts/Chart_21f_evosuite_3/.mutation.log  -Dtest.entry.class=org.jfree.data.statistics.DefaultBoxAndWhiskerCategoryDataset_ESTest -Dtest.entry.method=test29 mutation.test 2>&1
OpenJDK 64-Bit Server VM warning: ignoring option MaxPermSize=1G; support was removed in 8.0
Unable to locate tools.jar. Expected to find it in /usr/lib/jvm/java-1.8.0-openjdk-1.8.0.212.b04-0.el7_6.x86_64/lib/tools.jar
Buildfile: /home/people/12309511/mutation_testing/defects4j/framework/projects/defects4j.build.xml
Moving csv files to results directories
mv: cannot stat ‘/scratch/12309511/temp_checkouts/Chart_21f_evosuite_3/killMap.csv’: No such file or directory
mv: cannot stat ‘/scratch/12309511/temp_checkouts/Chart_21f_evosuite_3/testMap.csv’: No such file or directory
mv: cannot stat ‘/scratch/12309511/temp_checkouts/Chart_21f_evosuite_3/summary.csv’: No such file or directory
Running ant (mutation.test)................................................ org.jfree.data.statistics.DefaultBoxAndWhiskerCategoryDataset_ESTest::test30
FAIL
Executed command:  cd /scratch/12309511/temp_checkouts/Chart_21f_evosuite_3 && /home/people/12309511/mutation_testing/defects4j/major/bin/ant -f /home/people/12309511/mutation_testing/defects4j/framework/projects/defects4j.build.xml -Dd4j.home=/home/people/12309511/mutation_testing/defects4j -Dd4j.dir.projects=/home/people/12309511/mutation_testing/defects4j/framework/projects -Dbasedir=/scratch/12309511/temp_checkouts/Chart_21f_evosuite_3 -Dbuild.compiler=major.ant.MajorCompiler -Dd4j.test.dir=/scratch/12309511/temp_checkouts/Chart_21f_evosuite_3/.test_suite -Dd4j.test.include=*.java -Dmajor.kill.log=/scratch/12309511/temp_checkouts/Chart_21f_evosuite_3/kill.csv -logfile /scratch/12309511/temp_checkouts/Chart_21f_evosuite_3/.mutation.log  -Dtest.entry.class=org.jfree.data.statistics.DefaultBoxAndWhiskerCategoryDataset_ESTest -Dtest.entry.method=test30 mutation.test 2>&1
OpenJDK 64-Bit Server VM warning: ignoring option MaxPermSize=1G; support was removed in 8.0
Unable to locate tools.jar. Expected to find it in /usr/lib/jvm/java-1.8.0-openjdk-1.8.0.212.b04-0.el7_6.x86_64/lib/tools.jar
Buildfile: /home/people/12309511/mutation_testing/defects4j/framework/projects/defects4j.build.xml
Moving csv files to results directories
mv: cannot stat ‘/scratch/12309511/temp_checkouts/Chart_21f_evosuite_3/killMap.csv’: No such file or directory
mv: cannot stat ‘/scratch/12309511/temp_checkouts/Chart_21f_evosuite_3/testMap.csv’: No such file or directory
mv: cannot stat ‘/scratch/12309511/temp_checkouts/Chart_21f_evosuite_3/summary.csv’: No such file or directory
Running ant (mutation.test)................................................ org.jfree.data.statistics.DefaultBoxAndWhiskerCategoryDataset_ESTest::test31
FAIL
Executed command:  cd /scratch/12309511/temp_checkouts/Chart_21f_evosuite_3 && /home/people/12309511/mutation_testing/defects4j/major/bin/ant -f /home/people/12309511/mutation_testing/defects4j/framework/projects/defects4j.build.xml -Dd4j.home=/home/people/12309511/mutation_testing/defects4j -Dd4j.dir.projects=/home/people/12309511/mutation_testing/defects4j/framework/projects -Dbasedir=/scratch/12309511/temp_checkouts/Chart_21f_evosuite_3 -Dbuild.compiler=major.ant.MajorCompiler -Dd4j.test.dir=/scratch/12309511/temp_checkouts/Chart_21f_evosuite_3/.test_suite -Dd4j.test.include=*.java -Dmajor.kill.log=/scratch/12309511/temp_checkouts/Chart_21f_evosuite_3/kill.csv -logfile /scratch/12309511/temp_checkouts/Chart_21f_evosuite_3/.mutation.log  -Dtest.entry.class=org.jfree.data.statistics.DefaultBoxAndWhiskerCategoryDataset_ESTest -Dtest.entry.method=test31 mutation.test 2>&1
OpenJDK 64-Bit Server VM warning: ignoring option MaxPermSize=1G; support was removed in 8.0
Unable to locate tools.jar. Expected to find it in /usr/lib/jvm/java-1.8.0-openjdk-1.8.0.212.b04-0.el7_6.x86_64/lib/tools.jar
Buildfile: /home/people/12309511/mutation_testing/defects4j/framework/projects/defects4j.build.xml
Moving csv files to results directories
mv: cannot stat ‘/scratch/12309511/temp_checkouts/Chart_21f_evosuite_3/killMap.csv’: No such file or directory
mv: cannot stat ‘/scratch/12309511/temp_checkouts/Chart_21f_evosuite_3/testMap.csv’: No such file or directory
mv: cannot stat ‘/scratch/12309511/temp_checkouts/Chart_21f_evosuite_3/summary.csv’: No such file or directory
Running ant (mutation.test)................................................ org.jfree.data.statistics.DefaultBoxAndWhiskerCategoryDataset_ESTest::test32
FAIL
Executed command:  cd /scratch/12309511/temp_checkouts/Chart_21f_evosuite_3 && /home/people/12309511/mutation_testing/defects4j/major/bin/ant -f /home/people/12309511/mutation_testing/defects4j/framework/projects/defects4j.build.xml -Dd4j.home=/home/people/12309511/mutation_testing/defects4j -Dd4j.dir.projects=/home/people/12309511/mutation_testing/defects4j/framework/projects -Dbasedir=/scratch/12309511/temp_checkouts/Chart_21f_evosuite_3 -Dbuild.compiler=major.ant.MajorCompiler -Dd4j.test.dir=/scratch/12309511/temp_checkouts/Chart_21f_evosuite_3/.test_suite -Dd4j.test.include=*.java -Dmajor.kill.log=/scratch/12309511/temp_checkouts/Chart_21f_evosuite_3/kill.csv -logfile /scratch/12309511/temp_checkouts/Chart_21f_evosuite_3/.mutation.log  -Dtest.entry.class=org.jfree.data.statistics.DefaultBoxAndWhiskerCategoryDataset_ESTest -Dtest.entry.method=test32 mutation.test 2>&1
OpenJDK 64-Bit Server VM warning: ignoring option MaxPermSize=1G; support was removed in 8.0
Unable to locate tools.jar. Expected to find it in /usr/lib/jvm/java-1.8.0-openjdk-1.8.0.212.b04-0.el7_6.x86_64/lib/tools.jar
Buildfile: /home/people/12309511/mutation_testing/defects4j/framework/projects/defects4j.build.xml
Moving csv files to results directories
mv: cannot stat ‘/scratch/12309511/temp_checkouts/Chart_21f_evosuite_3/killMap.csv’: No such file or directory
mv: cannot stat ‘/scratch/12309511/temp_checkouts/Chart_21f_evosuite_3/testMap.csv’: No such file or directory
mv: cannot stat ‘/scratch/12309511/temp_checkouts/Chart_21f_evosuite_3/summary.csv’: No such file or directory
Running ant (mutation.test)................................................ org.jfree.data.statistics.DefaultBoxAndWhiskerCategoryDataset_ESTest::test33
FAIL
Executed command:  cd /scratch/12309511/temp_checkouts/Chart_21f_evosuite_3 && /home/people/12309511/mutation_testing/defects4j/major/bin/ant -f /home/people/12309511/mutation_testing/defects4j/framework/projects/defects4j.build.xml -Dd4j.home=/home/people/12309511/mutation_testing/defects4j -Dd4j.dir.projects=/home/people/12309511/mutation_testing/defects4j/framework/projects -Dbasedir=/scratch/12309511/temp_checkouts/Chart_21f_evosuite_3 -Dbuild.compiler=major.ant.MajorCompiler -Dd4j.test.dir=/scratch/12309511/temp_checkouts/Chart_21f_evosuite_3/.test_suite -Dd4j.test.include=*.java -Dmajor.kill.log=/scratch/12309511/temp_checkouts/Chart_21f_evosuite_3/kill.csv -logfile /scratch/12309511/temp_checkouts/Chart_21f_evosuite_3/.mutation.log  -Dtest.entry.class=org.jfree.data.statistics.DefaultBoxAndWhiskerCategoryDataset_ESTest -Dtest.entry.method=test33 mutation.test 2>&1
OpenJDK 64-Bit Server VM warning: ignoring option MaxPermSize=1G; support was removed in 8.0
Unable to locate tools.jar. Expected to find it in /usr/lib/jvm/java-1.8.0-openjdk-1.8.0.212.b04-0.el7_6.x86_64/lib/tools.jar
Buildfile: /home/people/12309511/mutation_testing/defects4j/framework/projects/defects4j.build.xml
Moving csv files to results directories
mv: cannot stat ‘/scratch/12309511/temp_checkouts/Chart_21f_evosuite_3/killMap.csv’: No such file or directory
mv: cannot stat ‘/scratch/12309511/temp_checkouts/Chart_21f_evosuite_3/testMap.csv’: No such file or directory
mv: cannot stat ‘/scratch/12309511/temp_checkouts/Chart_21f_evosuite_3/summary.csv’: No such file or directory
Running ant (mutation.test)................................................ org.jfree.data.statistics.DefaultBoxAndWhiskerCategoryDataset_ESTest::test34
FAIL
Executed command:  cd /scratch/12309511/temp_checkouts/Chart_21f_evosuite_3 && /home/people/12309511/mutation_testing/defects4j/major/bin/ant -f /home/people/12309511/mutation_testing/defects4j/framework/projects/defects4j.build.xml -Dd4j.home=/home/people/12309511/mutation_testing/defects4j -Dd4j.dir.projects=/home/people/12309511/mutation_testing/defects4j/framework/projects -Dbasedir=/scratch/12309511/temp_checkouts/Chart_21f_evosuite_3 -Dbuild.compiler=major.ant.MajorCompiler -Dd4j.test.dir=/scratch/12309511/temp_checkouts/Chart_21f_evosuite_3/.test_suite -Dd4j.test.include=*.java -Dmajor.kill.log=/scratch/12309511/temp_checkouts/Chart_21f_evosuite_3/kill.csv -logfile /scratch/12309511/temp_checkouts/Chart_21f_evosuite_3/.mutation.log  -Dtest.entry.class=org.jfree.data.statistics.DefaultBoxAndWhiskerCategoryDataset_ESTest -Dtest.entry.method=test34 mutation.test 2>&1
OpenJDK 64-Bit Server VM warning: ignoring option MaxPermSize=1G; support was removed in 8.0
Unable to locate tools.jar. Expected to find it in /usr/lib/jvm/java-1.8.0-openjdk-1.8.0.212.b04-0.el7_6.x86_64/lib/tools.jar
Buildfile: /home/people/12309511/mutation_testing/defects4j/framework/projects/defects4j.build.xml
Moving csv files to results directories
mv: cannot stat ‘/scratch/12309511/temp_checkouts/Chart_21f_evosuite_3/killMap.csv’: No such file or directory
mv: cannot stat ‘/scratch/12309511/temp_checkouts/Chart_21f_evosuite_3/testMap.csv’: No such file or directory
mv: cannot stat ‘/scratch/12309511/temp_checkouts/Chart_21f_evosuite_3/summary.csv’: No such file or directory
Running ant (mutation.test)................................................ org.jfree.data.statistics.DefaultBoxAndWhiskerCategoryDataset_ESTest::test35
FAIL
Executed command:  cd /scratch/12309511/temp_checkouts/Chart_21f_evosuite_3 && /home/people/12309511/mutation_testing/defects4j/major/bin/ant -f /home/people/12309511/mutation_testing/defects4j/framework/projects/defects4j.build.xml -Dd4j.home=/home/people/12309511/mutation_testing/defects4j -Dd4j.dir.projects=/home/people/12309511/mutation_testing/defects4j/framework/projects -Dbasedir=/scratch/12309511/temp_checkouts/Chart_21f_evosuite_3 -Dbuild.compiler=major.ant.MajorCompiler -Dd4j.test.dir=/scratch/12309511/temp_checkouts/Chart_21f_evosuite_3/.test_suite -Dd4j.test.include=*.java -Dmajor.kill.log=/scratch/12309511/temp_checkouts/Chart_21f_evosuite_3/kill.csv -logfile /scratch/12309511/temp_checkouts/Chart_21f_evosuite_3/.mutation.log  -Dtest.entry.class=org.jfree.data.statistics.DefaultBoxAndWhiskerCategoryDataset_ESTest -Dtest.entry.method=test35 mutation.test 2>&1
OpenJDK 64-Bit Server VM warning: ignoring option MaxPermSize=1G; support was removed in 8.0
Unable to locate tools.jar. Expected to find it in /usr/lib/jvm/java-1.8.0-openjdk-1.8.0.212.b04-0.el7_6.x86_64/lib/tools.jar
Buildfile: /home/people/12309511/mutation_testing/defects4j/framework/projects/defects4j.build.xml
Moving csv files to results directories
mv: cannot stat ‘/scratch/12309511/temp_checkouts/Chart_21f_evosuite_3/killMap.csv’: No such file or directory
mv: cannot stat ‘/scratch/12309511/temp_checkouts/Chart_21f_evosuite_3/testMap.csv’: No such file or directory
mv: cannot stat ‘/scratch/12309511/temp_checkouts/Chart_21f_evosuite_3/summary.csv’: No such file or directory
Running ant (mutation.test)................................................ org.jfree.data.statistics.DefaultBoxAndWhiskerCategoryDataset_ESTest::test36
FAIL
Executed command:  cd /scratch/12309511/temp_checkouts/Chart_21f_evosuite_3 && /home/people/12309511/mutation_testing/defects4j/major/bin/ant -f /home/people/12309511/mutation_testing/defects4j/framework/projects/defects4j.build.xml -Dd4j.home=/home/people/12309511/mutation_testing/defects4j -Dd4j.dir.projects=/home/people/12309511/mutation_testing/defects4j/framework/projects -Dbasedir=/scratch/12309511/temp_checkouts/Chart_21f_evosuite_3 -Dbuild.compiler=major.ant.MajorCompiler -Dd4j.test.dir=/scratch/12309511/temp_checkouts/Chart_21f_evosuite_3/.test_suite -Dd4j.test.include=*.java -Dmajor.kill.log=/scratch/12309511/temp_checkouts/Chart_21f_evosuite_3/kill.csv -logfile /scratch/12309511/temp_checkouts/Chart_21f_evosuite_3/.mutation.log  -Dtest.entry.class=org.jfree.data.statistics.DefaultBoxAndWhiskerCategoryDataset_ESTest -Dtest.entry.method=test36 mutation.test 2>&1
OpenJDK 64-Bit Server VM warning: ignoring option MaxPermSize=1G; support was removed in 8.0
Unable to locate tools.jar. Expected to find it in /usr/lib/jvm/java-1.8.0-openjdk-1.8.0.212.b04-0.el7_6.x86_64/lib/tools.jar
Buildfile: /home/people/12309511/mutation_testing/defects4j/framework/projects/defects4j.build.xml
Moving csv files to results directories
mv: cannot stat ‘/scratch/12309511/temp_checkouts/Chart_21f_evosuite_3/killMap.csv’: No such file or directory
mv: cannot stat ‘/scratch/12309511/temp_checkouts/Chart_21f_evosuite_3/testMap.csv’: No such file or directory
mv: cannot stat ‘/scratch/12309511/temp_checkouts/Chart_21f_evosuite_3/summary.csv’: No such file or directory
Running ant (mutation.test)................................................ org.jfree.data.statistics.DefaultBoxAndWhiskerCategoryDataset_ESTest::test37
FAIL
Executed command:  cd /scratch/12309511/temp_checkouts/Chart_21f_evosuite_3 && /home/people/12309511/mutation_testing/defects4j/major/bin/ant -f /home/people/12309511/mutation_testing/defects4j/framework/projects/defects4j.build.xml -Dd4j.home=/home/people/12309511/mutation_testing/defects4j -Dd4j.dir.projects=/home/people/12309511/mutation_testing/defects4j/framework/projects -Dbasedir=/scratch/12309511/temp_checkouts/Chart_21f_evosuite_3 -Dbuild.compiler=major.ant.MajorCompiler -Dd4j.test.dir=/scratch/12309511/temp_checkouts/Chart_21f_evosuite_3/.test_suite -Dd4j.test.include=*.java -Dmajor.kill.log=/scratch/12309511/temp_checkouts/Chart_21f_evosuite_3/kill.csv -logfile /scratch/12309511/temp_checkouts/Chart_21f_evosuite_3/.mutation.log  -Dtest.entry.class=org.jfree.data.statistics.DefaultBoxAndWhiskerCategoryDataset_ESTest -Dtest.entry.method=test37 mutation.test 2>&1
OpenJDK 64-Bit Server VM warning: ignoring option MaxPermSize=1G; support was removed in 8.0
Unable to locate tools.jar. Expected to find it in /usr/lib/jvm/java-1.8.0-openjdk-1.8.0.212.b04-0.el7_6.x86_64/lib/tools.jar
Buildfile: /home/people/12309511/mutation_testing/defects4j/framework/projects/defects4j.build.xml
Moving csv files to results directories
mv: cannot stat ‘/scratch/12309511/temp_checkouts/Chart_21f_evosuite_3/killMap.csv’: No such file or directory
mv: cannot stat ‘/scratch/12309511/temp_checkouts/Chart_21f_evosuite_3/testMap.csv’: No such file or directory
mv: cannot stat ‘/scratch/12309511/temp_checkouts/Chart_21f_evosuite_3/summary.csv’: No such file or directory
Running ant (mutation.test)................................................ org.jfree.data.statistics.DefaultBoxAndWhiskerCategoryDataset_ESTest::test38
FAIL
Executed command:  cd /scratch/12309511/temp_checkouts/Chart_21f_evosuite_3 && /home/people/12309511/mutation_testing/defects4j/major/bin/ant -f /home/people/12309511/mutation_testing/defects4j/framework/projects/defects4j.build.xml -Dd4j.home=/home/people/12309511/mutation_testing/defects4j -Dd4j.dir.projects=/home/people/12309511/mutation_testing/defects4j/framework/projects -Dbasedir=/scratch/12309511/temp_checkouts/Chart_21f_evosuite_3 -Dbuild.compiler=major.ant.MajorCompiler -Dd4j.test.dir=/scratch/12309511/temp_checkouts/Chart_21f_evosuite_3/.test_suite -Dd4j.test.include=*.java -Dmajor.kill.log=/scratch/12309511/temp_checkouts/Chart_21f_evosuite_3/kill.csv -logfile /scratch/12309511/temp_checkouts/Chart_21f_evosuite_3/.mutation.log  -Dtest.entry.class=org.jfree.data.statistics.DefaultBoxAndWhiskerCategoryDataset_ESTest -Dtest.entry.method=test38 mutation.test 2>&1
OpenJDK 64-Bit Server VM warning: ignoring option MaxPermSize=1G; support was removed in 8.0
Unable to locate tools.jar. Expected to find it in /usr/lib/jvm/java-1.8.0-openjdk-1.8.0.212.b04-0.el7_6.x86_64/lib/tools.jar
Buildfile: /home/people/12309511/mutation_testing/defects4j/framework/projects/defects4j.build.xml
Moving csv files to results directories
mv: cannot stat ‘/scratch/12309511/temp_checkouts/Chart_21f_evosuite_3/killMap.csv’: No such file or directory
mv: cannot stat ‘/scratch/12309511/temp_checkouts/Chart_21f_evosuite_3/testMap.csv’: No such file or directory
mv: cannot stat ‘/scratch/12309511/temp_checkouts/Chart_21f_evosuite_3/summary.csv’: No such file or directory
Running ant (mutation.test)................................................ org.jfree.data.statistics.DefaultBoxAndWhiskerCategoryDataset_ESTest::test39
FAIL
Executed command:  cd /scratch/12309511/temp_checkouts/Chart_21f_evosuite_3 && /home/people/12309511/mutation_testing/defects4j/major/bin/ant -f /home/people/12309511/mutation_testing/defects4j/framework/projects/defects4j.build.xml -Dd4j.home=/home/people/12309511/mutation_testing/defects4j -Dd4j.dir.projects=/home/people/12309511/mutation_testing/defects4j/framework/projects -Dbasedir=/scratch/12309511/temp_checkouts/Chart_21f_evosuite_3 -Dbuild.compiler=major.ant.MajorCompiler -Dd4j.test.dir=/scratch/12309511/temp_checkouts/Chart_21f_evosuite_3/.test_suite -Dd4j.test.include=*.java -Dmajor.kill.log=/scratch/12309511/temp_checkouts/Chart_21f_evosuite_3/kill.csv -logfile /scratch/12309511/temp_checkouts/Chart_21f_evosuite_3/.mutation.log  -Dtest.entry.class=org.jfree.data.statistics.DefaultBoxAndWhiskerCategoryDataset_ESTest -Dtest.entry.method=test39 mutation.test 2>&1
OpenJDK 64-Bit Server VM warning: ignoring option MaxPermSize=1G; support was removed in 8.0
Unable to locate tools.jar. Expected to find it in /usr/lib/jvm/java-1.8.0-openjdk-1.8.0.212.b04-0.el7_6.x86_64/lib/tools.jar
Buildfile: /home/people/12309511/mutation_testing/defects4j/framework/projects/defects4j.build.xml
Moving csv files to results directories
mv: cannot stat ‘/scratch/12309511/temp_checkouts/Chart_21f_evosuite_3/killMap.csv’: No such file or directory
mv: cannot stat ‘/scratch/12309511/temp_checkouts/Chart_21f_evosuite_3/testMap.csv’: No such file or directory
mv: cannot stat ‘/scratch/12309511/temp_checkouts/Chart_21f_evosuite_3/summary.csv’: No such file or directory
Running ant (mutation.test)................................................ org.jfree.data.statistics.DefaultBoxAndWhiskerCategoryDataset_ESTest::test40
FAIL
Executed command:  cd /scratch/12309511/temp_checkouts/Chart_21f_evosuite_3 && /home/people/12309511/mutation_testing/defects4j/major/bin/ant -f /home/people/12309511/mutation_testing/defects4j/framework/projects/defects4j.build.xml -Dd4j.home=/home/people/12309511/mutation_testing/defects4j -Dd4j.dir.projects=/home/people/12309511/mutation_testing/defects4j/framework/projects -Dbasedir=/scratch/12309511/temp_checkouts/Chart_21f_evosuite_3 -Dbuild.compiler=major.ant.MajorCompiler -Dd4j.test.dir=/scratch/12309511/temp_checkouts/Chart_21f_evosuite_3/.test_suite -Dd4j.test.include=*.java -Dmajor.kill.log=/scratch/12309511/temp_checkouts/Chart_21f_evosuite_3/kill.csv -logfile /scratch/12309511/temp_checkouts/Chart_21f_evosuite_3/.mutation.log  -Dtest.entry.class=org.jfree.data.statistics.DefaultBoxAndWhiskerCategoryDataset_ESTest -Dtest.entry.method=test40 mutation.test 2>&1
OpenJDK 64-Bit Server VM warning: ignoring option MaxPermSize=1G; support was removed in 8.0
Unable to locate tools.jar. Expected to find it in /usr/lib/jvm/java-1.8.0-openjdk-1.8.0.212.b04-0.el7_6.x86_64/lib/tools.jar
Buildfile: /home/people/12309511/mutation_testing/defects4j/framework/projects/defects4j.build.xml
Moving csv files to results directories
mv: cannot stat ‘/scratch/12309511/temp_checkouts/Chart_21f_evosuite_3/killMap.csv’: No such file or directory
mv: cannot stat ‘/scratch/12309511/temp_checkouts/Chart_21f_evosuite_3/testMap.csv’: No such file or directory
mv: cannot stat ‘/scratch/12309511/temp_checkouts/Chart_21f_evosuite_3/summary.csv’: No such file or directory
Running ant (mutation.test)................................................ org.jfree.data.statistics.DefaultBoxAndWhiskerCategoryDataset_ESTest::test41
FAIL
Executed command:  cd /scratch/12309511/temp_checkouts/Chart_21f_evosuite_3 && /home/people/12309511/mutation_testing/defects4j/major/bin/ant -f /home/people/12309511/mutation_testing/defects4j/framework/projects/defects4j.build.xml -Dd4j.home=/home/people/12309511/mutation_testing/defects4j -Dd4j.dir.projects=/home/people/12309511/mutation_testing/defects4j/framework/projects -Dbasedir=/scratch/12309511/temp_checkouts/Chart_21f_evosuite_3 -Dbuild.compiler=major.ant.MajorCompiler -Dd4j.test.dir=/scratch/12309511/temp_checkouts/Chart_21f_evosuite_3/.test_suite -Dd4j.test.include=*.java -Dmajor.kill.log=/scratch/12309511/temp_checkouts/Chart_21f_evosuite_3/kill.csv -logfile /scratch/12309511/temp_checkouts/Chart_21f_evosuite_3/.mutation.log  -Dtest.entry.class=org.jfree.data.statistics.DefaultBoxAndWhiskerCategoryDataset_ESTest -Dtest.entry.method=test41 mutation.test 2>&1
OpenJDK 64-Bit Server VM warning: ignoring option MaxPermSize=1G; support was removed in 8.0
Unable to locate tools.jar. Expected to find it in /usr/lib/jvm/java-1.8.0-openjdk-1.8.0.212.b04-0.el7_6.x86_64/lib/tools.jar
Buildfile: /home/people/12309511/mutation_testing/defects4j/framework/projects/defects4j.build.xml
Moving csv files to results directories
mv: cannot stat ‘/scratch/12309511/temp_checkouts/Chart_21f_evosuite_3/killMap.csv’: No such file or directory
mv: cannot stat ‘/scratch/12309511/temp_checkouts/Chart_21f_evosuite_3/testMap.csv’: No such file or directory
mv: cannot stat ‘/scratch/12309511/temp_checkouts/Chart_21f_evosuite_3/summary.csv’: No such file or directory
Running ant (mutation.test)................................................ org.jfree.data.statistics.DefaultBoxAndWhiskerCategoryDataset_ESTest::test42
FAIL
Executed command:  cd /scratch/12309511/temp_checkouts/Chart_21f_evosuite_3 && /home/people/12309511/mutation_testing/defects4j/major/bin/ant -f /home/people/12309511/mutation_testing/defects4j/framework/projects/defects4j.build.xml -Dd4j.home=/home/people/12309511/mutation_testing/defects4j -Dd4j.dir.projects=/home/people/12309511/mutation_testing/defects4j/framework/projects -Dbasedir=/scratch/12309511/temp_checkouts/Chart_21f_evosuite_3 -Dbuild.compiler=major.ant.MajorCompiler -Dd4j.test.dir=/scratch/12309511/temp_checkouts/Chart_21f_evosuite_3/.test_suite -Dd4j.test.include=*.java -Dmajor.kill.log=/scratch/12309511/temp_checkouts/Chart_21f_evosuite_3/kill.csv -logfile /scratch/12309511/temp_checkouts/Chart_21f_evosuite_3/.mutation.log  -Dtest.entry.class=org.jfree.data.statistics.DefaultBoxAndWhiskerCategoryDataset_ESTest -Dtest.entry.method=test42 mutation.test 2>&1
OpenJDK 64-Bit Server VM warning: ignoring option MaxPermSize=1G; support was removed in 8.0
Unable to locate tools.jar. Expected to find it in /usr/lib/jvm/java-1.8.0-openjdk-1.8.0.212.b04-0.el7_6.x86_64/lib/tools.jar
Buildfile: /home/people/12309511/mutation_testing/defects4j/framework/projects/defects4j.build.xml
Moving csv files to results directories
mv: cannot stat ‘/scratch/12309511/temp_checkouts/Chart_21f_evosuite_3/killMap.csv’: No such file or directory
mv: cannot stat ‘/scratch/12309511/temp_checkouts/Chart_21f_evosuite_3/testMap.csv’: No such file or directory
mv: cannot stat ‘/scratch/12309511/temp_checkouts/Chart_21f_evosuite_3/summary.csv’: No such file or directory
Running ant (mutation.test)................................................ org.jfree.data.statistics.DefaultBoxAndWhiskerCategoryDataset_ESTest::test43
FAIL
Executed command:  cd /scratch/12309511/temp_checkouts/Chart_21f_evosuite_3 && /home/people/12309511/mutation_testing/defects4j/major/bin/ant -f /home/people/12309511/mutation_testing/defects4j/framework/projects/defects4j.build.xml -Dd4j.home=/home/people/12309511/mutation_testing/defects4j -Dd4j.dir.projects=/home/people/12309511/mutation_testing/defects4j/framework/projects -Dbasedir=/scratch/12309511/temp_checkouts/Chart_21f_evosuite_3 -Dbuild.compiler=major.ant.MajorCompiler -Dd4j.test.dir=/scratch/12309511/temp_checkouts/Chart_21f_evosuite_3/.test_suite -Dd4j.test.include=*.java -Dmajor.kill.log=/scratch/12309511/temp_checkouts/Chart_21f_evosuite_3/kill.csv -logfile /scratch/12309511/temp_checkouts/Chart_21f_evosuite_3/.mutation.log  -Dtest.entry.class=org.jfree.data.statistics.DefaultBoxAndWhiskerCategoryDataset_ESTest -Dtest.entry.method=test43 mutation.test 2>&1
OpenJDK 64-Bit Server VM warning: ignoring option MaxPermSize=1G; support was removed in 8.0
Unable to locate tools.jar. Expected to find it in /usr/lib/jvm/java-1.8.0-openjdk-1.8.0.212.b04-0.el7_6.x86_64/lib/tools.jar
Buildfile: /home/people/12309511/mutation_testing/defects4j/framework/projects/defects4j.build.xml
Moving csv files to results directories
mv: cannot stat ‘/scratch/12309511/temp_checkouts/Chart_21f_evosuite_3/killMap.csv’: No such file or directory
mv: cannot stat ‘/scratch/12309511/temp_checkouts/Chart_21f_evosuite_3/testMap.csv’: No such file or directory
mv: cannot stat ‘/scratch/12309511/temp_checkouts/Chart_21f_evosuite_3/summary.csv’: No such file or directory
Running ant (mutation.test)................................................ org.jfree.data.statistics.DefaultBoxAndWhiskerCategoryDataset_ESTest::test44
FAIL
Executed command:  cd /scratch/12309511/temp_checkouts/Chart_21f_evosuite_3 && /home/people/12309511/mutation_testing/defects4j/major/bin/ant -f /home/people/12309511/mutation_testing/defects4j/framework/projects/defects4j.build.xml -Dd4j.home=/home/people/12309511/mutation_testing/defects4j -Dd4j.dir.projects=/home/people/12309511/mutation_testing/defects4j/framework/projects -Dbasedir=/scratch/12309511/temp_checkouts/Chart_21f_evosuite_3 -Dbuild.compiler=major.ant.MajorCompiler -Dd4j.test.dir=/scratch/12309511/temp_checkouts/Chart_21f_evosuite_3/.test_suite -Dd4j.test.include=*.java -Dmajor.kill.log=/scratch/12309511/temp_checkouts/Chart_21f_evosuite_3/kill.csv -logfile /scratch/12309511/temp_checkouts/Chart_21f_evosuite_3/.mutation.log  -Dtest.entry.class=org.jfree.data.statistics.DefaultBoxAndWhiskerCategoryDataset_ESTest -Dtest.entry.method=test44 mutation.test 2>&1
OpenJDK 64-Bit Server VM warning: ignoring option MaxPermSize=1G; support was removed in 8.0
Unable to locate tools.jar. Expected to find it in /usr/lib/jvm/java-1.8.0-openjdk-1.8.0.212.b04-0.el7_6.x86_64/lib/tools.jar
Buildfile: /home/people/12309511/mutation_testing/defects4j/framework/projects/defects4j.build.xml
Moving csv files to results directories
mv: cannot stat ‘/scratch/12309511/temp_checkouts/Chart_21f_evosuite_3/killMap.csv’: No such file or directory
mv: cannot stat ‘/scratch/12309511/temp_checkouts/Chart_21f_evosuite_3/testMap.csv’: No such file or directory
mv: cannot stat ‘/scratch/12309511/temp_checkouts/Chart_21f_evosuite_3/summary.csv’: No such file or directory
Running ant (mutation.test)................................................ org.jfree.data.statistics.DefaultBoxAndWhiskerCategoryDataset_ESTest::test45
FAIL
Executed command:  cd /scratch/12309511/temp_checkouts/Chart_21f_evosuite_3 && /home/people/12309511/mutation_testing/defects4j/major/bin/ant -f /home/people/12309511/mutation_testing/defects4j/framework/projects/defects4j.build.xml -Dd4j.home=/home/people/12309511/mutation_testing/defects4j -Dd4j.dir.projects=/home/people/12309511/mutation_testing/defects4j/framework/projects -Dbasedir=/scratch/12309511/temp_checkouts/Chart_21f_evosuite_3 -Dbuild.compiler=major.ant.MajorCompiler -Dd4j.test.dir=/scratch/12309511/temp_checkouts/Chart_21f_evosuite_3/.test_suite -Dd4j.test.include=*.java -Dmajor.kill.log=/scratch/12309511/temp_checkouts/Chart_21f_evosuite_3/kill.csv -logfile /scratch/12309511/temp_checkouts/Chart_21f_evosuite_3/.mutation.log  -Dtest.entry.class=org.jfree.data.statistics.DefaultBoxAndWhiskerCategoryDataset_ESTest -Dtest.entry.method=test45 mutation.test 2>&1
OpenJDK 64-Bit Server VM warning: ignoring option MaxPermSize=1G; support was removed in 8.0
Unable to locate tools.jar. Expected to find it in /usr/lib/jvm/java-1.8.0-openjdk-1.8.0.212.b04-0.el7_6.x86_64/lib/tools.jar
Buildfile: /home/people/12309511/mutation_testing/defects4j/framework/projects/defects4j.build.xml
Moving csv files to results directories
mv: cannot stat ‘/scratch/12309511/temp_checkouts/Chart_21f_evosuite_3/killMap.csv’: No such file or directory
mv: cannot stat ‘/scratch/12309511/temp_checkouts/Chart_21f_evosuite_3/testMap.csv’: No such file or directory
mv: cannot stat ‘/scratch/12309511/temp_checkouts/Chart_21f_evosuite_3/summary.csv’: No such file or directory
Running ant (mutation.test)................................................ org.jfree.data.statistics.DefaultBoxAndWhiskerCategoryDataset_ESTest::test46
FAIL
Executed command:  cd /scratch/12309511/temp_checkouts/Chart_21f_evosuite_3 && /home/people/12309511/mutation_testing/defects4j/major/bin/ant -f /home/people/12309511/mutation_testing/defects4j/framework/projects/defects4j.build.xml -Dd4j.home=/home/people/12309511/mutation_testing/defects4j -Dd4j.dir.projects=/home/people/12309511/mutation_testing/defects4j/framework/projects -Dbasedir=/scratch/12309511/temp_checkouts/Chart_21f_evosuite_3 -Dbuild.compiler=major.ant.MajorCompiler -Dd4j.test.dir=/scratch/12309511/temp_checkouts/Chart_21f_evosuite_3/.test_suite -Dd4j.test.include=*.java -Dmajor.kill.log=/scratch/12309511/temp_checkouts/Chart_21f_evosuite_3/kill.csv -logfile /scratch/12309511/temp_checkouts/Chart_21f_evosuite_3/.mutation.log  -Dtest.entry.class=org.jfree.data.statistics.DefaultBoxAndWhiskerCategoryDataset_ESTest -Dtest.entry.method=test46 mutation.test 2>&1
OpenJDK 64-Bit Server VM warning: ignoring option MaxPermSize=1G; support was removed in 8.0
Unable to locate tools.jar. Expected to find it in /usr/lib/jvm/java-1.8.0-openjdk-1.8.0.212.b04-0.el7_6.x86_64/lib/tools.jar
Buildfile: /home/people/12309511/mutation_testing/defects4j/framework/projects/defects4j.build.xml
Moving csv files to results directories
mv: cannot stat ‘/scratch/12309511/temp_checkouts/Chart_21f_evosuite_3/killMap.csv’: No such file or directory
mv: cannot stat ‘/scratch/12309511/temp_checkouts/Chart_21f_evosuite_3/testMap.csv’: No such file or directory
mv: cannot stat ‘/scratch/12309511/temp_checkouts/Chart_21f_evosuite_3/summary.csv’: No such file or directory
Running ant (mutation.test)................................................ org.jfree.data.statistics.DefaultBoxAndWhiskerCategoryDataset_ESTest::test47
FAIL
Executed command:  cd /scratch/12309511/temp_checkouts/Chart_21f_evosuite_3 && /home/people/12309511/mutation_testing/defects4j/major/bin/ant -f /home/people/12309511/mutation_testing/defects4j/framework/projects/defects4j.build.xml -Dd4j.home=/home/people/12309511/mutation_testing/defects4j -Dd4j.dir.projects=/home/people/12309511/mutation_testing/defects4j/framework/projects -Dbasedir=/scratch/12309511/temp_checkouts/Chart_21f_evosuite_3 -Dbuild.compiler=major.ant.MajorCompiler -Dd4j.test.dir=/scratch/12309511/temp_checkouts/Chart_21f_evosuite_3/.test_suite -Dd4j.test.include=*.java -Dmajor.kill.log=/scratch/12309511/temp_checkouts/Chart_21f_evosuite_3/kill.csv -logfile /scratch/12309511/temp_checkouts/Chart_21f_evosuite_3/.mutation.log  -Dtest.entry.class=org.jfree.data.statistics.DefaultBoxAndWhiskerCategoryDataset_ESTest -Dtest.entry.method=test47 mutation.test 2>&1
OpenJDK 64-Bit Server VM warning: ignoring option MaxPermSize=1G; support was removed in 8.0
Unable to locate tools.jar. Expected to find it in /usr/lib/jvm/java-1.8.0-openjdk-1.8.0.212.b04-0.el7_6.x86_64/lib/tools.jar
Buildfile: /home/people/12309511/mutation_testing/defects4j/framework/projects/defects4j.build.xml
Moving csv files to results directories
mv: cannot stat ‘/scratch/12309511/temp_checkouts/Chart_21f_evosuite_3/killMap.csv’: No such file or directory
mv: cannot stat ‘/scratch/12309511/temp_checkouts/Chart_21f_evosuite_3/testMap.csv’: No such file or directory
mv: cannot stat ‘/scratch/12309511/temp_checkouts/Chart_21f_evosuite_3/summary.csv’: No such file or directory
Running ant (mutation.test)................................................ org.jfree.data.statistics.DefaultBoxAndWhiskerCategoryDataset_ESTest::test48
FAIL
Executed command:  cd /scratch/12309511/temp_checkouts/Chart_21f_evosuite_3 && /home/people/12309511/mutation_testing/defects4j/major/bin/ant -f /home/people/12309511/mutation_testing/defects4j/framework/projects/defects4j.build.xml -Dd4j.home=/home/people/12309511/mutation_testing/defects4j -Dd4j.dir.projects=/home/people/12309511/mutation_testing/defects4j/framework/projects -Dbasedir=/scratch/12309511/temp_checkouts/Chart_21f_evosuite_3 -Dbuild.compiler=major.ant.MajorCompiler -Dd4j.test.dir=/scratch/12309511/temp_checkouts/Chart_21f_evosuite_3/.test_suite -Dd4j.test.include=*.java -Dmajor.kill.log=/scratch/12309511/temp_checkouts/Chart_21f_evosuite_3/kill.csv -logfile /scratch/12309511/temp_checkouts/Chart_21f_evosuite_3/.mutation.log  -Dtest.entry.class=org.jfree.data.statistics.DefaultBoxAndWhiskerCategoryDataset_ESTest -Dtest.entry.method=test48 mutation.test 2>&1
OpenJDK 64-Bit Server VM warning: ignoring option MaxPermSize=1G; support was removed in 8.0
Unable to locate tools.jar. Expected to find it in /usr/lib/jvm/java-1.8.0-openjdk-1.8.0.212.b04-0.el7_6.x86_64/lib/tools.jar
Buildfile: /home/people/12309511/mutation_testing/defects4j/framework/projects/defects4j.build.xml
Moving csv files to results directories
mv: cannot stat ‘/scratch/12309511/temp_checkouts/Chart_21f_evosuite_3/killMap.csv’: No such file or directory
mv: cannot stat ‘/scratch/12309511/temp_checkouts/Chart_21f_evosuite_3/testMap.csv’: No such file or directory
mv: cannot stat ‘/scratch/12309511/temp_checkouts/Chart_21f_evosuite_3/summary.csv’: No such file or directory
Running ant (mutation.test)................................................ org.jfree.data.statistics.DefaultBoxAndWhiskerCategoryDataset_ESTest::test49
FAIL
Executed command:  cd /scratch/12309511/temp_checkouts/Chart_21f_evosuite_3 && /home/people/12309511/mutation_testing/defects4j/major/bin/ant -f /home/people/12309511/mutation_testing/defects4j/framework/projects/defects4j.build.xml -Dd4j.home=/home/people/12309511/mutation_testing/defects4j -Dd4j.dir.projects=/home/people/12309511/mutation_testing/defects4j/framework/projects -Dbasedir=/scratch/12309511/temp_checkouts/Chart_21f_evosuite_3 -Dbuild.compiler=major.ant.MajorCompiler -Dd4j.test.dir=/scratch/12309511/temp_checkouts/Chart_21f_evosuite_3/.test_suite -Dd4j.test.include=*.java -Dmajor.kill.log=/scratch/12309511/temp_checkouts/Chart_21f_evosuite_3/kill.csv -logfile /scratch/12309511/temp_checkouts/Chart_21f_evosuite_3/.mutation.log  -Dtest.entry.class=org.jfree.data.statistics.DefaultBoxAndWhiskerCategoryDataset_ESTest -Dtest.entry.method=test49 mutation.test 2>&1
OpenJDK 64-Bit Server VM warning: ignoring option MaxPermSize=1G; support was removed in 8.0
Unable to locate tools.jar. Expected to find it in /usr/lib/jvm/java-1.8.0-openjdk-1.8.0.212.b04-0.el7_6.x86_64/lib/tools.jar
Buildfile: /home/people/12309511/mutation_testing/defects4j/framework/projects/defects4j.build.xml
Moving csv files to results directories
mv: cannot stat ‘/scratch/12309511/temp_checkouts/Chart_21f_evosuite_3/killMap.csv’: No such file or directory
mv: cannot stat ‘/scratch/12309511/temp_checkouts/Chart_21f_evosuite_3/testMap.csv’: No such file or directory
mv: cannot stat ‘/scratch/12309511/temp_checkouts/Chart_21f_evosuite_3/summary.csv’: No such file or directory
Running ant (mutation.test)................................................ org.jfree.data.statistics.DefaultBoxAndWhiskerCategoryDataset_ESTest::test50
