Checking out 164 to /scratch/12309511/temp_checkouts/Chart_25f_evosuite_4.. OK
Init local repository...................................................... OK
Tag post-fix revision...................................................... OK
Apply patch................................................................ OK
Run post-checkout hook..................................................... OK
Excluding broken/flaky tests............................................... OK
Excluding broken/flaky tests............................................... OK
Initialize fixed program version........................................... OK
Apply patch................................................................ OK
Initialize buggy program version........................................... OK
Diff 164:162............................................................... OK
sh: line 1: 86150 Segmentation fault      (core dumped) git apply -p1 --check /scratch/12309511/temp_checkouts/Chart_25f_evosuite_4/.defects4j.diff 2>&1
Apply patch................................................................ OK
Tag pre-fix revision....................................................... OK
Check out program version: Chart-25f....................................... OK
Running ant (compile)...................................................... OK
Running ant (compile.tests)................................................ OK
Compiling mutant definition (mml).......................................... OK
Running ant (mutate)....................................................... OK
Extract test suite......................................................... OK
Running ant (compile.gen.tests)............................................ OK
Running ant (mutation.test)................................................ org.jfree.chart.renderer.category.StatisticalBarRenderer_ESTest::test0
FAIL
Executed command:  cd /scratch/12309511/temp_checkouts/Chart_25f_evosuite_4 && /home/people/12309511/mutation_testing/defects4j/major/bin/ant -f /home/people/12309511/mutation_testing/defects4j/framework/projects/defects4j.build.xml -Dd4j.home=/home/people/12309511/mutation_testing/defects4j -Dd4j.dir.projects=/home/people/12309511/mutation_testing/defects4j/framework/projects -Dbasedir=/scratch/12309511/temp_checkouts/Chart_25f_evosuite_4 -Dbuild.compiler=major.ant.MajorCompiler -Dd4j.test.dir=/scratch/12309511/temp_checkouts/Chart_25f_evosuite_4/.test_suite -Dd4j.test.include=*.java -Dmajor.kill.log=/scratch/12309511/temp_checkouts/Chart_25f_evosuite_4/kill.csv -logfile /scratch/12309511/temp_checkouts/Chart_25f_evosuite_4/.mutation.log  -Dtest.entry.class=org.jfree.chart.renderer.category.StatisticalBarRenderer_ESTest -Dtest.entry.method=test0 mutation.test 2>&1
OpenJDK 64-Bit Server VM warning: ignoring option MaxPermSize=1G; support was removed in 8.0
Unable to locate tools.jar. Expected to find it in /usr/lib/jvm/java-1.8.0-openjdk-1.8.0.212.b04-0.el7_6.x86_64/lib/tools.jar
Buildfile: /home/people/12309511/mutation_testing/defects4j/framework/projects/defects4j.build.xml
Moving csv files to results directories
mv: cannot stat ‘/scratch/12309511/temp_checkouts/Chart_25f_evosuite_4/killMap.csv’: No such file or directory
mv: cannot stat ‘/scratch/12309511/temp_checkouts/Chart_25f_evosuite_4/testMap.csv’: No such file or directory
mv: cannot stat ‘/scratch/12309511/temp_checkouts/Chart_25f_evosuite_4/summary.csv’: No such file or directory
Running ant (mutation.test)................................................ org.jfree.chart.renderer.category.StatisticalBarRenderer_ESTest::test1
FAIL
Executed command:  cd /scratch/12309511/temp_checkouts/Chart_25f_evosuite_4 && /home/people/12309511/mutation_testing/defects4j/major/bin/ant -f /home/people/12309511/mutation_testing/defects4j/framework/projects/defects4j.build.xml -Dd4j.home=/home/people/12309511/mutation_testing/defects4j -Dd4j.dir.projects=/home/people/12309511/mutation_testing/defects4j/framework/projects -Dbasedir=/scratch/12309511/temp_checkouts/Chart_25f_evosuite_4 -Dbuild.compiler=major.ant.MajorCompiler -Dd4j.test.dir=/scratch/12309511/temp_checkouts/Chart_25f_evosuite_4/.test_suite -Dd4j.test.include=*.java -Dmajor.kill.log=/scratch/12309511/temp_checkouts/Chart_25f_evosuite_4/kill.csv -logfile /scratch/12309511/temp_checkouts/Chart_25f_evosuite_4/.mutation.log  -Dtest.entry.class=org.jfree.chart.renderer.category.StatisticalBarRenderer_ESTest -Dtest.entry.method=test1 mutation.test 2>&1
OpenJDK 64-Bit Server VM warning: ignoring option MaxPermSize=1G; support was removed in 8.0
Unable to locate tools.jar. Expected to find it in /usr/lib/jvm/java-1.8.0-openjdk-1.8.0.212.b04-0.el7_6.x86_64/lib/tools.jar
Buildfile: /home/people/12309511/mutation_testing/defects4j/framework/projects/defects4j.build.xml
Moving csv files to results directories
mv: cannot stat ‘/scratch/12309511/temp_checkouts/Chart_25f_evosuite_4/killMap.csv’: No such file or directory
mv: cannot stat ‘/scratch/12309511/temp_checkouts/Chart_25f_evosuite_4/testMap.csv’: No such file or directory
mv: cannot stat ‘/scratch/12309511/temp_checkouts/Chart_25f_evosuite_4/summary.csv’: No such file or directory
Running ant (mutation.test)................................................ org.jfree.chart.renderer.category.StatisticalBarRenderer_ESTest::test2
FAIL
Executed command:  cd /scratch/12309511/temp_checkouts/Chart_25f_evosuite_4 && /home/people/12309511/mutation_testing/defects4j/major/bin/ant -f /home/people/12309511/mutation_testing/defects4j/framework/projects/defects4j.build.xml -Dd4j.home=/home/people/12309511/mutation_testing/defects4j -Dd4j.dir.projects=/home/people/12309511/mutation_testing/defects4j/framework/projects -Dbasedir=/scratch/12309511/temp_checkouts/Chart_25f_evosuite_4 -Dbuild.compiler=major.ant.MajorCompiler -Dd4j.test.dir=/scratch/12309511/temp_checkouts/Chart_25f_evosuite_4/.test_suite -Dd4j.test.include=*.java -Dmajor.kill.log=/scratch/12309511/temp_checkouts/Chart_25f_evosuite_4/kill.csv -logfile /scratch/12309511/temp_checkouts/Chart_25f_evosuite_4/.mutation.log  -Dtest.entry.class=org.jfree.chart.renderer.category.StatisticalBarRenderer_ESTest -Dtest.entry.method=test2 mutation.test 2>&1
OpenJDK 64-Bit Server VM warning: ignoring option MaxPermSize=1G; support was removed in 8.0
Unable to locate tools.jar. Expected to find it in /usr/lib/jvm/java-1.8.0-openjdk-1.8.0.212.b04-0.el7_6.x86_64/lib/tools.jar
Buildfile: /home/people/12309511/mutation_testing/defects4j/framework/projects/defects4j.build.xml
Moving csv files to results directories
mv: cannot stat ‘/scratch/12309511/temp_checkouts/Chart_25f_evosuite_4/killMap.csv’: No such file or directory
mv: cannot stat ‘/scratch/12309511/temp_checkouts/Chart_25f_evosuite_4/testMap.csv’: No such file or directory
mv: cannot stat ‘/scratch/12309511/temp_checkouts/Chart_25f_evosuite_4/summary.csv’: No such file or directory
Running ant (mutation.test)................................................ org.jfree.chart.renderer.category.StatisticalBarRenderer_ESTest::test3
FAIL
Executed command:  cd /scratch/12309511/temp_checkouts/Chart_25f_evosuite_4 && /home/people/12309511/mutation_testing/defects4j/major/bin/ant -f /home/people/12309511/mutation_testing/defects4j/framework/projects/defects4j.build.xml -Dd4j.home=/home/people/12309511/mutation_testing/defects4j -Dd4j.dir.projects=/home/people/12309511/mutation_testing/defects4j/framework/projects -Dbasedir=/scratch/12309511/temp_checkouts/Chart_25f_evosuite_4 -Dbuild.compiler=major.ant.MajorCompiler -Dd4j.test.dir=/scratch/12309511/temp_checkouts/Chart_25f_evosuite_4/.test_suite -Dd4j.test.include=*.java -Dmajor.kill.log=/scratch/12309511/temp_checkouts/Chart_25f_evosuite_4/kill.csv -logfile /scratch/12309511/temp_checkouts/Chart_25f_evosuite_4/.mutation.log  -Dtest.entry.class=org.jfree.chart.renderer.category.StatisticalBarRenderer_ESTest -Dtest.entry.method=test3 mutation.test 2>&1
OpenJDK 64-Bit Server VM warning: ignoring option MaxPermSize=1G; support was removed in 8.0
Unable to locate tools.jar. Expected to find it in /usr/lib/jvm/java-1.8.0-openjdk-1.8.0.212.b04-0.el7_6.x86_64/lib/tools.jar
Buildfile: /home/people/12309511/mutation_testing/defects4j/framework/projects/defects4j.build.xml
Moving csv files to results directories
mv: cannot stat ‘/scratch/12309511/temp_checkouts/Chart_25f_evosuite_4/killMap.csv’: No such file or directory
mv: cannot stat ‘/scratch/12309511/temp_checkouts/Chart_25f_evosuite_4/testMap.csv’: No such file or directory
mv: cannot stat ‘/scratch/12309511/temp_checkouts/Chart_25f_evosuite_4/summary.csv’: No such file or directory
Running ant (mutation.test)................................................ org.jfree.chart.renderer.category.StatisticalBarRenderer_ESTest::test4
FAIL
Executed command:  cd /scratch/12309511/temp_checkouts/Chart_25f_evosuite_4 && /home/people/12309511/mutation_testing/defects4j/major/bin/ant -f /home/people/12309511/mutation_testing/defects4j/framework/projects/defects4j.build.xml -Dd4j.home=/home/people/12309511/mutation_testing/defects4j -Dd4j.dir.projects=/home/people/12309511/mutation_testing/defects4j/framework/projects -Dbasedir=/scratch/12309511/temp_checkouts/Chart_25f_evosuite_4 -Dbuild.compiler=major.ant.MajorCompiler -Dd4j.test.dir=/scratch/12309511/temp_checkouts/Chart_25f_evosuite_4/.test_suite -Dd4j.test.include=*.java -Dmajor.kill.log=/scratch/12309511/temp_checkouts/Chart_25f_evosuite_4/kill.csv -logfile /scratch/12309511/temp_checkouts/Chart_25f_evosuite_4/.mutation.log  -Dtest.entry.class=org.jfree.chart.renderer.category.StatisticalBarRenderer_ESTest -Dtest.entry.method=test4 mutation.test 2>&1
OpenJDK 64-Bit Server VM warning: ignoring option MaxPermSize=1G; support was removed in 8.0
Unable to locate tools.jar. Expected to find it in /usr/lib/jvm/java-1.8.0-openjdk-1.8.0.212.b04-0.el7_6.x86_64/lib/tools.jar
Buildfile: /home/people/12309511/mutation_testing/defects4j/framework/projects/defects4j.build.xml
Moving csv files to results directories
mv: cannot stat ‘/scratch/12309511/temp_checkouts/Chart_25f_evosuite_4/killMap.csv’: No such file or directory
mv: cannot stat ‘/scratch/12309511/temp_checkouts/Chart_25f_evosuite_4/testMap.csv’: No such file or directory
mv: cannot stat ‘/scratch/12309511/temp_checkouts/Chart_25f_evosuite_4/summary.csv’: No such file or directory
Running ant (mutation.test)................................................ org.jfree.chart.renderer.category.StatisticalBarRenderer_ESTest::test5
FAIL
Executed command:  cd /scratch/12309511/temp_checkouts/Chart_25f_evosuite_4 && /home/people/12309511/mutation_testing/defects4j/major/bin/ant -f /home/people/12309511/mutation_testing/defects4j/framework/projects/defects4j.build.xml -Dd4j.home=/home/people/12309511/mutation_testing/defects4j -Dd4j.dir.projects=/home/people/12309511/mutation_testing/defects4j/framework/projects -Dbasedir=/scratch/12309511/temp_checkouts/Chart_25f_evosuite_4 -Dbuild.compiler=major.ant.MajorCompiler -Dd4j.test.dir=/scratch/12309511/temp_checkouts/Chart_25f_evosuite_4/.test_suite -Dd4j.test.include=*.java -Dmajor.kill.log=/scratch/12309511/temp_checkouts/Chart_25f_evosuite_4/kill.csv -logfile /scratch/12309511/temp_checkouts/Chart_25f_evosuite_4/.mutation.log  -Dtest.entry.class=org.jfree.chart.renderer.category.StatisticalBarRenderer_ESTest -Dtest.entry.method=test5 mutation.test 2>&1
OpenJDK 64-Bit Server VM warning: ignoring option MaxPermSize=1G; support was removed in 8.0
Unable to locate tools.jar. Expected to find it in /usr/lib/jvm/java-1.8.0-openjdk-1.8.0.212.b04-0.el7_6.x86_64/lib/tools.jar
Buildfile: /home/people/12309511/mutation_testing/defects4j/framework/projects/defects4j.build.xml
Moving csv files to results directories
mv: cannot stat ‘/scratch/12309511/temp_checkouts/Chart_25f_evosuite_4/killMap.csv’: No such file or directory
mv: cannot stat ‘/scratch/12309511/temp_checkouts/Chart_25f_evosuite_4/testMap.csv’: No such file or directory
mv: cannot stat ‘/scratch/12309511/temp_checkouts/Chart_25f_evosuite_4/summary.csv’: No such file or directory
Running ant (mutation.test)................................................ org.jfree.chart.renderer.category.StatisticalBarRenderer_ESTest::test6
FAIL
Executed command:  cd /scratch/12309511/temp_checkouts/Chart_25f_evosuite_4 && /home/people/12309511/mutation_testing/defects4j/major/bin/ant -f /home/people/12309511/mutation_testing/defects4j/framework/projects/defects4j.build.xml -Dd4j.home=/home/people/12309511/mutation_testing/defects4j -Dd4j.dir.projects=/home/people/12309511/mutation_testing/defects4j/framework/projects -Dbasedir=/scratch/12309511/temp_checkouts/Chart_25f_evosuite_4 -Dbuild.compiler=major.ant.MajorCompiler -Dd4j.test.dir=/scratch/12309511/temp_checkouts/Chart_25f_evosuite_4/.test_suite -Dd4j.test.include=*.java -Dmajor.kill.log=/scratch/12309511/temp_checkouts/Chart_25f_evosuite_4/kill.csv -logfile /scratch/12309511/temp_checkouts/Chart_25f_evosuite_4/.mutation.log  -Dtest.entry.class=org.jfree.chart.renderer.category.StatisticalBarRenderer_ESTest -Dtest.entry.method=test6 mutation.test 2>&1
OpenJDK 64-Bit Server VM warning: ignoring option MaxPermSize=1G; support was removed in 8.0
Unable to locate tools.jar. Expected to find it in /usr/lib/jvm/java-1.8.0-openjdk-1.8.0.212.b04-0.el7_6.x86_64/lib/tools.jar
Buildfile: /home/people/12309511/mutation_testing/defects4j/framework/projects/defects4j.build.xml
Moving csv files to results directories
mv: cannot stat ‘/scratch/12309511/temp_checkouts/Chart_25f_evosuite_4/killMap.csv’: No such file or directory
mv: cannot stat ‘/scratch/12309511/temp_checkouts/Chart_25f_evosuite_4/testMap.csv’: No such file or directory
mv: cannot stat ‘/scratch/12309511/temp_checkouts/Chart_25f_evosuite_4/summary.csv’: No such file or directory
Running ant (mutation.test)................................................ org.jfree.chart.renderer.category.StatisticalBarRenderer_ESTest::test7
FAIL
Executed command:  cd /scratch/12309511/temp_checkouts/Chart_25f_evosuite_4 && /home/people/12309511/mutation_testing/defects4j/major/bin/ant -f /home/people/12309511/mutation_testing/defects4j/framework/projects/defects4j.build.xml -Dd4j.home=/home/people/12309511/mutation_testing/defects4j -Dd4j.dir.projects=/home/people/12309511/mutation_testing/defects4j/framework/projects -Dbasedir=/scratch/12309511/temp_checkouts/Chart_25f_evosuite_4 -Dbuild.compiler=major.ant.MajorCompiler -Dd4j.test.dir=/scratch/12309511/temp_checkouts/Chart_25f_evosuite_4/.test_suite -Dd4j.test.include=*.java -Dmajor.kill.log=/scratch/12309511/temp_checkouts/Chart_25f_evosuite_4/kill.csv -logfile /scratch/12309511/temp_checkouts/Chart_25f_evosuite_4/.mutation.log  -Dtest.entry.class=org.jfree.chart.renderer.category.StatisticalBarRenderer_ESTest -Dtest.entry.method=test7 mutation.test 2>&1
OpenJDK 64-Bit Server VM warning: ignoring option MaxPermSize=1G; support was removed in 8.0
Unable to locate tools.jar. Expected to find it in /usr/lib/jvm/java-1.8.0-openjdk-1.8.0.212.b04-0.el7_6.x86_64/lib/tools.jar
Buildfile: /home/people/12309511/mutation_testing/defects4j/framework/projects/defects4j.build.xml
Moving csv files to results directories
mv: cannot stat ‘/scratch/12309511/temp_checkouts/Chart_25f_evosuite_4/killMap.csv’: No such file or directory
mv: cannot stat ‘/scratch/12309511/temp_checkouts/Chart_25f_evosuite_4/testMap.csv’: No such file or directory
mv: cannot stat ‘/scratch/12309511/temp_checkouts/Chart_25f_evosuite_4/summary.csv’: No such file or directory
Running ant (mutation.test)................................................ org.jfree.chart.renderer.category.StatisticalBarRenderer_ESTest::test8
FAIL
Executed command:  cd /scratch/12309511/temp_checkouts/Chart_25f_evosuite_4 && /home/people/12309511/mutation_testing/defects4j/major/bin/ant -f /home/people/12309511/mutation_testing/defects4j/framework/projects/defects4j.build.xml -Dd4j.home=/home/people/12309511/mutation_testing/defects4j -Dd4j.dir.projects=/home/people/12309511/mutation_testing/defects4j/framework/projects -Dbasedir=/scratch/12309511/temp_checkouts/Chart_25f_evosuite_4 -Dbuild.compiler=major.ant.MajorCompiler -Dd4j.test.dir=/scratch/12309511/temp_checkouts/Chart_25f_evosuite_4/.test_suite -Dd4j.test.include=*.java -Dmajor.kill.log=/scratch/12309511/temp_checkouts/Chart_25f_evosuite_4/kill.csv -logfile /scratch/12309511/temp_checkouts/Chart_25f_evosuite_4/.mutation.log  -Dtest.entry.class=org.jfree.chart.renderer.category.StatisticalBarRenderer_ESTest -Dtest.entry.method=test8 mutation.test 2>&1
OpenJDK 64-Bit Server VM warning: ignoring option MaxPermSize=1G; support was removed in 8.0
Unable to locate tools.jar. Expected to find it in /usr/lib/jvm/java-1.8.0-openjdk-1.8.0.212.b04-0.el7_6.x86_64/lib/tools.jar
Buildfile: /home/people/12309511/mutation_testing/defects4j/framework/projects/defects4j.build.xml
Moving csv files to results directories
mv: cannot stat ‘/scratch/12309511/temp_checkouts/Chart_25f_evosuite_4/killMap.csv’: No such file or directory
mv: cannot stat ‘/scratch/12309511/temp_checkouts/Chart_25f_evosuite_4/testMap.csv’: No such file or directory
mv: cannot stat ‘/scratch/12309511/temp_checkouts/Chart_25f_evosuite_4/summary.csv’: No such file or directory
Running ant (mutation.test)................................................ org.jfree.chart.renderer.category.StatisticalBarRenderer_ESTest::test9
FAIL
Executed command:  cd /scratch/12309511/temp_checkouts/Chart_25f_evosuite_4 && /home/people/12309511/mutation_testing/defects4j/major/bin/ant -f /home/people/12309511/mutation_testing/defects4j/framework/projects/defects4j.build.xml -Dd4j.home=/home/people/12309511/mutation_testing/defects4j -Dd4j.dir.projects=/home/people/12309511/mutation_testing/defects4j/framework/projects -Dbasedir=/scratch/12309511/temp_checkouts/Chart_25f_evosuite_4 -Dbuild.compiler=major.ant.MajorCompiler -Dd4j.test.dir=/scratch/12309511/temp_checkouts/Chart_25f_evosuite_4/.test_suite -Dd4j.test.include=*.java -Dmajor.kill.log=/scratch/12309511/temp_checkouts/Chart_25f_evosuite_4/kill.csv -logfile /scratch/12309511/temp_checkouts/Chart_25f_evosuite_4/.mutation.log  -Dtest.entry.class=org.jfree.chart.renderer.category.StatisticalBarRenderer_ESTest -Dtest.entry.method=test9 mutation.test 2>&1
OpenJDK 64-Bit Server VM warning: ignoring option MaxPermSize=1G; support was removed in 8.0
Unable to locate tools.jar. Expected to find it in /usr/lib/jvm/java-1.8.0-openjdk-1.8.0.212.b04-0.el7_6.x86_64/lib/tools.jar
Buildfile: /home/people/12309511/mutation_testing/defects4j/framework/projects/defects4j.build.xml
Moving csv files to results directories
mv: cannot stat ‘/scratch/12309511/temp_checkouts/Chart_25f_evosuite_4/killMap.csv’: No such file or directory
mv: cannot stat ‘/scratch/12309511/temp_checkouts/Chart_25f_evosuite_4/testMap.csv’: No such file or directory
mv: cannot stat ‘/scratch/12309511/temp_checkouts/Chart_25f_evosuite_4/summary.csv’: No such file or directory

update.all.tests:

mutation.test:
     [echo] Running mutation analysis ...
    [junit] MAJOR: Mutation analysis enabled

BUILD FAILED
/home/people/12309511/mutation_testing/defects4j/framework/projects/defects4j.build.xml:226: Reference build.classpath not found.

Total time: 0 seconds
