Checking out 434 to /scratch/12309511/temp_checkouts/Chart_19f_evosuite_3.. OK
Init local repository...................................................... OK
Tag post-fix revision...................................................... OK
Apply patch................................................................ OK
Run post-checkout hook..................................................... OK
Excluding broken/flaky tests............................................... OK
Excluding broken/flaky tests............................................... OK
Initialize fixed program version........................................... OK
Apply patch................................................................ OK
Initialize buggy program version........................................... OK
Diff 434:430............................................................... OK
sh: line 1: 43159 Segmentation fault      (core dumped) git apply -p1 --check /scratch/12309511/temp_checkouts/Chart_19f_evosuite_3/.defects4j.diff 2>&1
Apply patch................................................................ OK
Tag pre-fix revision....................................................... OK
Check out program version: Chart-19f....................................... OK
Running ant (compile)...................................................... OK
Running ant (compile.tests)................................................ OK
Compiling mutant definition (mml).......................................... OK
Running ant (mutate)....................................................... OK
Extract test suite......................................................... OK
Running ant (compile.gen.tests)............................................ OK
Running ant (mutation.test)................................................ org.jfree.chart.plot.CategoryPlot_ESTest::test000
FAIL
Executed command:  cd /scratch/12309511/temp_checkouts/Chart_19f_evosuite_3 && /home/people/12309511/mutation_testing/defects4j/major/bin/ant -f /home/people/12309511/mutation_testing/defects4j/framework/projects/defects4j.build.xml -Dd4j.home=/home/people/12309511/mutation_testing/defects4j -Dd4j.dir.projects=/home/people/12309511/mutation_testing/defects4j/framework/projects -Dbasedir=/scratch/12309511/temp_checkouts/Chart_19f_evosuite_3 -Dbuild.compiler=major.ant.MajorCompiler -Dd4j.test.dir=/scratch/12309511/temp_checkouts/Chart_19f_evosuite_3/.test_suite -Dd4j.test.include=*.java -Dmajor.kill.log=/scratch/12309511/temp_checkouts/Chart_19f_evosuite_3/kill.csv -logfile /scratch/12309511/temp_checkouts/Chart_19f_evosuite_3/.mutation.log  -Dtest.entry.class=org.jfree.chart.plot.CategoryPlot_ESTest -Dtest.entry.method=test000 mutation.test 2>&1
OpenJDK 64-Bit Server VM warning: ignoring option MaxPermSize=1G; support was removed in 8.0
Unable to locate tools.jar. Expected to find it in /usr/lib/jvm/java-1.8.0-openjdk-1.8.0.212.b04-0.el7_6.x86_64/lib/tools.jar
Buildfile: /home/people/12309511/mutation_testing/defects4j/framework/projects/defects4j.build.xml
Moving csv files to results directories
mv: cannot stat ‘/scratch/12309511/temp_checkouts/Chart_19f_evosuite_3/killMap.csv’: No such file or directory
mv: cannot stat ‘/scratch/12309511/temp_checkouts/Chart_19f_evosuite_3/testMap.csv’: No such file or directory
mv: cannot stat ‘/scratch/12309511/temp_checkouts/Chart_19f_evosuite_3/summary.csv’: No such file or directory
Running ant (mutation.test)................................................ org.jfree.chart.plot.CategoryPlot_ESTest::test001
FAIL
Executed command:  cd /scratch/12309511/temp_checkouts/Chart_19f_evosuite_3 && /home/people/12309511/mutation_testing/defects4j/major/bin/ant -f /home/people/12309511/mutation_testing/defects4j/framework/projects/defects4j.build.xml -Dd4j.home=/home/people/12309511/mutation_testing/defects4j -Dd4j.dir.projects=/home/people/12309511/mutation_testing/defects4j/framework/projects -Dbasedir=/scratch/12309511/temp_checkouts/Chart_19f_evosuite_3 -Dbuild.compiler=major.ant.MajorCompiler -Dd4j.test.dir=/scratch/12309511/temp_checkouts/Chart_19f_evosuite_3/.test_suite -Dd4j.test.include=*.java -Dmajor.kill.log=/scratch/12309511/temp_checkouts/Chart_19f_evosuite_3/kill.csv -logfile /scratch/12309511/temp_checkouts/Chart_19f_evosuite_3/.mutation.log  -Dtest.entry.class=org.jfree.chart.plot.CategoryPlot_ESTest -Dtest.entry.method=test001 mutation.test 2>&1
OpenJDK 64-Bit Server VM warning: ignoring option MaxPermSize=1G; support was removed in 8.0
Unable to locate tools.jar. Expected to find it in /usr/lib/jvm/java-1.8.0-openjdk-1.8.0.212.b04-0.el7_6.x86_64/lib/tools.jar
Buildfile: /home/people/12309511/mutation_testing/defects4j/framework/projects/defects4j.build.xml
Moving csv files to results directories
mv: cannot stat ‘/scratch/12309511/temp_checkouts/Chart_19f_evosuite_3/killMap.csv’: No such file or directory
mv: cannot stat ‘/scratch/12309511/temp_checkouts/Chart_19f_evosuite_3/testMap.csv’: No such file or directory
mv: cannot stat ‘/scratch/12309511/temp_checkouts/Chart_19f_evosuite_3/summary.csv’: No such file or directory
Running ant (mutation.test)................................................ org.jfree.chart.plot.CategoryPlot_ESTest::test002
FAIL
Executed command:  cd /scratch/12309511/temp_checkouts/Chart_19f_evosuite_3 && /home/people/12309511/mutation_testing/defects4j/major/bin/ant -f /home/people/12309511/mutation_testing/defects4j/framework/projects/defects4j.build.xml -Dd4j.home=/home/people/12309511/mutation_testing/defects4j -Dd4j.dir.projects=/home/people/12309511/mutation_testing/defects4j/framework/projects -Dbasedir=/scratch/12309511/temp_checkouts/Chart_19f_evosuite_3 -Dbuild.compiler=major.ant.MajorCompiler -Dd4j.test.dir=/scratch/12309511/temp_checkouts/Chart_19f_evosuite_3/.test_suite -Dd4j.test.include=*.java -Dmajor.kill.log=/scratch/12309511/temp_checkouts/Chart_19f_evosuite_3/kill.csv -logfile /scratch/12309511/temp_checkouts/Chart_19f_evosuite_3/.mutation.log  -Dtest.entry.class=org.jfree.chart.plot.CategoryPlot_ESTest -Dtest.entry.method=test002 mutation.test 2>&1
OpenJDK 64-Bit Server VM warning: ignoring option MaxPermSize=1G; support was removed in 8.0
Unable to locate tools.jar. Expected to find it in /usr/lib/jvm/java-1.8.0-openjdk-1.8.0.212.b04-0.el7_6.x86_64/lib/tools.jar
Buildfile: /home/people/12309511/mutation_testing/defects4j/framework/projects/defects4j.build.xml
Moving csv files to results directories
mv: cannot stat ‘/scratch/12309511/temp_checkouts/Chart_19f_evosuite_3/killMap.csv’: No such file or directory
mv: cannot stat ‘/scratch/12309511/temp_checkouts/Chart_19f_evosuite_3/testMap.csv’: No such file or directory
mv: cannot stat ‘/scratch/12309511/temp_checkouts/Chart_19f_evosuite_3/summary.csv’: No such file or directory
Running ant (mutation.test)................................................ org.jfree.chart.plot.CategoryPlot_ESTest::test003
FAIL
Executed command:  cd /scratch/12309511/temp_checkouts/Chart_19f_evosuite_3 && /home/people/12309511/mutation_testing/defects4j/major/bin/ant -f /home/people/12309511/mutation_testing/defects4j/framework/projects/defects4j.build.xml -Dd4j.home=/home/people/12309511/mutation_testing/defects4j -Dd4j.dir.projects=/home/people/12309511/mutation_testing/defects4j/framework/projects -Dbasedir=/scratch/12309511/temp_checkouts/Chart_19f_evosuite_3 -Dbuild.compiler=major.ant.MajorCompiler -Dd4j.test.dir=/scratch/12309511/temp_checkouts/Chart_19f_evosuite_3/.test_suite -Dd4j.test.include=*.java -Dmajor.kill.log=/scratch/12309511/temp_checkouts/Chart_19f_evosuite_3/kill.csv -logfile /scratch/12309511/temp_checkouts/Chart_19f_evosuite_3/.mutation.log  -Dtest.entry.class=org.jfree.chart.plot.CategoryPlot_ESTest -Dtest.entry.method=test003 mutation.test 2>&1
OpenJDK 64-Bit Server VM warning: ignoring option MaxPermSize=1G; support was removed in 8.0
Unable to locate tools.jar. Expected to find it in /usr/lib/jvm/java-1.8.0-openjdk-1.8.0.212.b04-0.el7_6.x86_64/lib/tools.jar
Buildfile: /home/people/12309511/mutation_testing/defects4j/framework/projects/defects4j.build.xml
Moving csv files to results directories
mv: cannot stat ‘/scratch/12309511/temp_checkouts/Chart_19f_evosuite_3/killMap.csv’: No such file or directory
mv: cannot stat ‘/scratch/12309511/temp_checkouts/Chart_19f_evosuite_3/testMap.csv’: No such file or directory
mv: cannot stat ‘/scratch/12309511/temp_checkouts/Chart_19f_evosuite_3/summary.csv’: No such file or directory
Running ant (mutation.test)................................................ org.jfree.chart.plot.CategoryPlot_ESTest::test004
FAIL
Executed command:  cd /scratch/12309511/temp_checkouts/Chart_19f_evosuite_3 && /home/people/12309511/mutation_testing/defects4j/major/bin/ant -f /home/people/12309511/mutation_testing/defects4j/framework/projects/defects4j.build.xml -Dd4j.home=/home/people/12309511/mutation_testing/defects4j -Dd4j.dir.projects=/home/people/12309511/mutation_testing/defects4j/framework/projects -Dbasedir=/scratch/12309511/temp_checkouts/Chart_19f_evosuite_3 -Dbuild.compiler=major.ant.MajorCompiler -Dd4j.test.dir=/scratch/12309511/temp_checkouts/Chart_19f_evosuite_3/.test_suite -Dd4j.test.include=*.java -Dmajor.kill.log=/scratch/12309511/temp_checkouts/Chart_19f_evosuite_3/kill.csv -logfile /scratch/12309511/temp_checkouts/Chart_19f_evosuite_3/.mutation.log  -Dtest.entry.class=org.jfree.chart.plot.CategoryPlot_ESTest -Dtest.entry.method=test004 mutation.test 2>&1
OpenJDK 64-Bit Server VM warning: ignoring option MaxPermSize=1G; support was removed in 8.0
Unable to locate tools.jar. Expected to find it in /usr/lib/jvm/java-1.8.0-openjdk-1.8.0.212.b04-0.el7_6.x86_64/lib/tools.jar
Buildfile: /home/people/12309511/mutation_testing/defects4j/framework/projects/defects4j.build.xml
Moving csv files to results directories
mv: cannot stat ‘/scratch/12309511/temp_checkouts/Chart_19f_evosuite_3/killMap.csv’: No such file or directory
mv: cannot stat ‘/scratch/12309511/temp_checkouts/Chart_19f_evosuite_3/testMap.csv’: No such file or directory
mv: cannot stat ‘/scratch/12309511/temp_checkouts/Chart_19f_evosuite_3/summary.csv’: No such file or directory
Running ant (mutation.test)................................................ org.jfree.chart.plot.CategoryPlot_ESTest::test005
FAIL
Executed command:  cd /scratch/12309511/temp_checkouts/Chart_19f_evosuite_3 && /home/people/12309511/mutation_testing/defects4j/major/bin/ant -f /home/people/12309511/mutation_testing/defects4j/framework/projects/defects4j.build.xml -Dd4j.home=/home/people/12309511/mutation_testing/defects4j -Dd4j.dir.projects=/home/people/12309511/mutation_testing/defects4j/framework/projects -Dbasedir=/scratch/12309511/temp_checkouts/Chart_19f_evosuite_3 -Dbuild.compiler=major.ant.MajorCompiler -Dd4j.test.dir=/scratch/12309511/temp_checkouts/Chart_19f_evosuite_3/.test_suite -Dd4j.test.include=*.java -Dmajor.kill.log=/scratch/12309511/temp_checkouts/Chart_19f_evosuite_3/kill.csv -logfile /scratch/12309511/temp_checkouts/Chart_19f_evosuite_3/.mutation.log  -Dtest.entry.class=org.jfree.chart.plot.CategoryPlot_ESTest -Dtest.entry.method=test005 mutation.test 2>&1
OpenJDK 64-Bit Server VM warning: ignoring option MaxPermSize=1G; support was removed in 8.0
Unable to locate tools.jar. Expected to find it in /usr/lib/jvm/java-1.8.0-openjdk-1.8.0.212.b04-0.el7_6.x86_64/lib/tools.jar
Buildfile: /home/people/12309511/mutation_testing/defects4j/framework/projects/defects4j.build.xml
Moving csv files to results directories
mv: cannot stat ‘/scratch/12309511/temp_checkouts/Chart_19f_evosuite_3/killMap.csv’: No such file or directory
mv: cannot stat ‘/scratch/12309511/temp_checkouts/Chart_19f_evosuite_3/testMap.csv’: No such file or directory
mv: cannot stat ‘/scratch/12309511/temp_checkouts/Chart_19f_evosuite_3/summary.csv’: No such file or directory
Running ant (mutation.test)................................................ org.jfree.chart.plot.CategoryPlot_ESTest::test006
FAIL
Executed command:  cd /scratch/12309511/temp_checkouts/Chart_19f_evosuite_3 && /home/people/12309511/mutation_testing/defects4j/major/bin/ant -f /home/people/12309511/mutation_testing/defects4j/framework/projects/defects4j.build.xml -Dd4j.home=/home/people/12309511/mutation_testing/defects4j -Dd4j.dir.projects=/home/people/12309511/mutation_testing/defects4j/framework/projects -Dbasedir=/scratch/12309511/temp_checkouts/Chart_19f_evosuite_3 -Dbuild.compiler=major.ant.MajorCompiler -Dd4j.test.dir=/scratch/12309511/temp_checkouts/Chart_19f_evosuite_3/.test_suite -Dd4j.test.include=*.java -Dmajor.kill.log=/scratch/12309511/temp_checkouts/Chart_19f_evosuite_3/kill.csv -logfile /scratch/12309511/temp_checkouts/Chart_19f_evosuite_3/.mutation.log  -Dtest.entry.class=org.jfree.chart.plot.CategoryPlot_ESTest -Dtest.entry.method=test006 mutation.test 2>&1
OpenJDK 64-Bit Server VM warning: ignoring option MaxPermSize=1G; support was removed in 8.0
Unable to locate tools.jar. Expected to find it in /usr/lib/jvm/java-1.8.0-openjdk-1.8.0.212.b04-0.el7_6.x86_64/lib/tools.jar
Buildfile: /home/people/12309511/mutation_testing/defects4j/framework/projects/defects4j.build.xml
Moving csv files to results directories
mv: cannot stat ‘/scratch/12309511/temp_checkouts/Chart_19f_evosuite_3/killMap.csv’: No such file or directory
mv: cannot stat ‘/scratch/12309511/temp_checkouts/Chart_19f_evosuite_3/testMap.csv’: No such file or directory
mv: cannot stat ‘/scratch/12309511/temp_checkouts/Chart_19f_evosuite_3/summary.csv’: No such file or directory
Running ant (mutation.test)................................................ org.jfree.chart.plot.CategoryPlot_ESTest::test007
FAIL
Executed command:  cd /scratch/12309511/temp_checkouts/Chart_19f_evosuite_3 && /home/people/12309511/mutation_testing/defects4j/major/bin/ant -f /home/people/12309511/mutation_testing/defects4j/framework/projects/defects4j.build.xml -Dd4j.home=/home/people/12309511/mutation_testing/defects4j -Dd4j.dir.projects=/home/people/12309511/mutation_testing/defects4j/framework/projects -Dbasedir=/scratch/12309511/temp_checkouts/Chart_19f_evosuite_3 -Dbuild.compiler=major.ant.MajorCompiler -Dd4j.test.dir=/scratch/12309511/temp_checkouts/Chart_19f_evosuite_3/.test_suite -Dd4j.test.include=*.java -Dmajor.kill.log=/scratch/12309511/temp_checkouts/Chart_19f_evosuite_3/kill.csv -logfile /scratch/12309511/temp_checkouts/Chart_19f_evosuite_3/.mutation.log  -Dtest.entry.class=org.jfree.chart.plot.CategoryPlot_ESTest -Dtest.entry.method=test007 mutation.test 2>&1
OpenJDK 64-Bit Server VM warning: ignoring option MaxPermSize=1G; support was removed in 8.0
Unable to locate tools.jar. Expected to find it in /usr/lib/jvm/java-1.8.0-openjdk-1.8.0.212.b04-0.el7_6.x86_64/lib/tools.jar
Buildfile: /home/people/12309511/mutation_testing/defects4j/framework/projects/defects4j.build.xml
Moving csv files to results directories
mv: cannot stat ‘/scratch/12309511/temp_checkouts/Chart_19f_evosuite_3/killMap.csv’: No such file or directory
mv: cannot stat ‘/scratch/12309511/temp_checkouts/Chart_19f_evosuite_3/testMap.csv’: No such file or directory
mv: cannot stat ‘/scratch/12309511/temp_checkouts/Chart_19f_evosuite_3/summary.csv’: No such file or directory
Running ant (mutation.test)................................................ org.jfree.chart.plot.CategoryPlot_ESTest::test008
FAIL
Executed command:  cd /scratch/12309511/temp_checkouts/Chart_19f_evosuite_3 && /home/people/12309511/mutation_testing/defects4j/major/bin/ant -f /home/people/12309511/mutation_testing/defects4j/framework/projects/defects4j.build.xml -Dd4j.home=/home/people/12309511/mutation_testing/defects4j -Dd4j.dir.projects=/home/people/12309511/mutation_testing/defects4j/framework/projects -Dbasedir=/scratch/12309511/temp_checkouts/Chart_19f_evosuite_3 -Dbuild.compiler=major.ant.MajorCompiler -Dd4j.test.dir=/scratch/12309511/temp_checkouts/Chart_19f_evosuite_3/.test_suite -Dd4j.test.include=*.java -Dmajor.kill.log=/scratch/12309511/temp_checkouts/Chart_19f_evosuite_3/kill.csv -logfile /scratch/12309511/temp_checkouts/Chart_19f_evosuite_3/.mutation.log  -Dtest.entry.class=org.jfree.chart.plot.CategoryPlot_ESTest -Dtest.entry.method=test008 mutation.test 2>&1
OpenJDK 64-Bit Server VM warning: ignoring option MaxPermSize=1G; support was removed in 8.0
Unable to locate tools.jar. Expected to find it in /usr/lib/jvm/java-1.8.0-openjdk-1.8.0.212.b04-0.el7_6.x86_64/lib/tools.jar
Buildfile: /home/people/12309511/mutation_testing/defects4j/framework/projects/defects4j.build.xml
Moving csv files to results directories
mv: cannot stat ‘/scratch/12309511/temp_checkouts/Chart_19f_evosuite_3/killMap.csv’: No such file or directory
mv: cannot stat ‘/scratch/12309511/temp_checkouts/Chart_19f_evosuite_3/testMap.csv’: No such file or directory
mv: cannot stat ‘/scratch/12309511/temp_checkouts/Chart_19f_evosuite_3/summary.csv’: No such file or directory
Running ant (mutation.test)................................................ org.jfree.chart.plot.CategoryPlot_ESTest::test009
FAIL
Executed command:  cd /scratch/12309511/temp_checkouts/Chart_19f_evosuite_3 && /home/people/12309511/mutation_testing/defects4j/major/bin/ant -f /home/people/12309511/mutation_testing/defects4j/framework/projects/defects4j.build.xml -Dd4j.home=/home/people/12309511/mutation_testing/defects4j -Dd4j.dir.projects=/home/people/12309511/mutation_testing/defects4j/framework/projects -Dbasedir=/scratch/12309511/temp_checkouts/Chart_19f_evosuite_3 -Dbuild.compiler=major.ant.MajorCompiler -Dd4j.test.dir=/scratch/12309511/temp_checkouts/Chart_19f_evosuite_3/.test_suite -Dd4j.test.include=*.java -Dmajor.kill.log=/scratch/12309511/temp_checkouts/Chart_19f_evosuite_3/kill.csv -logfile /scratch/12309511/temp_checkouts/Chart_19f_evosuite_3/.mutation.log  -Dtest.entry.class=org.jfree.chart.plot.CategoryPlot_ESTest -Dtest.entry.method=test009 mutation.test 2>&1
OpenJDK 64-Bit Server VM warning: ignoring option MaxPermSize=1G; support was removed in 8.0
Unable to locate tools.jar. Expected to find it in /usr/lib/jvm/java-1.8.0-openjdk-1.8.0.212.b04-0.el7_6.x86_64/lib/tools.jar
Buildfile: /home/people/12309511/mutation_testing/defects4j/framework/projects/defects4j.build.xml
Moving csv files to results directories
mv: cannot stat ‘/scratch/12309511/temp_checkouts/Chart_19f_evosuite_3/killMap.csv’: No such file or directory
mv: cannot stat ‘/scratch/12309511/temp_checkouts/Chart_19f_evosuite_3/testMap.csv’: No such file or directory
mv: cannot stat ‘/scratch/12309511/temp_checkouts/Chart_19f_evosuite_3/summary.csv’: No such file or directory
Running ant (mutation.test)................................................ org.jfree.chart.plot.CategoryPlot_ESTest::test010
FAIL
Executed command:  cd /scratch/12309511/temp_checkouts/Chart_19f_evosuite_3 && /home/people/12309511/mutation_testing/defects4j/major/bin/ant -f /home/people/12309511/mutation_testing/defects4j/framework/projects/defects4j.build.xml -Dd4j.home=/home/people/12309511/mutation_testing/defects4j -Dd4j.dir.projects=/home/people/12309511/mutation_testing/defects4j/framework/projects -Dbasedir=/scratch/12309511/temp_checkouts/Chart_19f_evosuite_3 -Dbuild.compiler=major.ant.MajorCompiler -Dd4j.test.dir=/scratch/12309511/temp_checkouts/Chart_19f_evosuite_3/.test_suite -Dd4j.test.include=*.java -Dmajor.kill.log=/scratch/12309511/temp_checkouts/Chart_19f_evosuite_3/kill.csv -logfile /scratch/12309511/temp_checkouts/Chart_19f_evosuite_3/.mutation.log  -Dtest.entry.class=org.jfree.chart.plot.CategoryPlot_ESTest -Dtest.entry.method=test010 mutation.test 2>&1
OpenJDK 64-Bit Server VM warning: ignoring option MaxPermSize=1G; support was removed in 8.0
Unable to locate tools.jar. Expected to find it in /usr/lib/jvm/java-1.8.0-openjdk-1.8.0.212.b04-0.el7_6.x86_64/lib/tools.jar
Buildfile: /home/people/12309511/mutation_testing/defects4j/framework/projects/defects4j.build.xml
Moving csv files to results directories
mv: cannot stat ‘/scratch/12309511/temp_checkouts/Chart_19f_evosuite_3/killMap.csv’: No such file or directory
mv: cannot stat ‘/scratch/12309511/temp_checkouts/Chart_19f_evosuite_3/testMap.csv’: No such file or directory
mv: cannot stat ‘/scratch/12309511/temp_checkouts/Chart_19f_evosuite_3/summary.csv’: No such file or directory
Running ant (mutation.test)................................................ org.jfree.chart.plot.CategoryPlot_ESTest::test011
FAIL
Executed command:  cd /scratch/12309511/temp_checkouts/Chart_19f_evosuite_3 && /home/people/12309511/mutation_testing/defects4j/major/bin/ant -f /home/people/12309511/mutation_testing/defects4j/framework/projects/defects4j.build.xml -Dd4j.home=/home/people/12309511/mutation_testing/defects4j -Dd4j.dir.projects=/home/people/12309511/mutation_testing/defects4j/framework/projects -Dbasedir=/scratch/12309511/temp_checkouts/Chart_19f_evosuite_3 -Dbuild.compiler=major.ant.MajorCompiler -Dd4j.test.dir=/scratch/12309511/temp_checkouts/Chart_19f_evosuite_3/.test_suite -Dd4j.test.include=*.java -Dmajor.kill.log=/scratch/12309511/temp_checkouts/Chart_19f_evosuite_3/kill.csv -logfile /scratch/12309511/temp_checkouts/Chart_19f_evosuite_3/.mutation.log  -Dtest.entry.class=org.jfree.chart.plot.CategoryPlot_ESTest -Dtest.entry.method=test011 mutation.test 2>&1
OpenJDK 64-Bit Server VM warning: ignoring option MaxPermSize=1G; support was removed in 8.0
Unable to locate tools.jar. Expected to find it in /usr/lib/jvm/java-1.8.0-openjdk-1.8.0.212.b04-0.el7_6.x86_64/lib/tools.jar
Buildfile: /home/people/12309511/mutation_testing/defects4j/framework/projects/defects4j.build.xml
Moving csv files to results directories
mv: cannot stat ‘/scratch/12309511/temp_checkouts/Chart_19f_evosuite_3/killMap.csv’: No such file or directory
mv: cannot stat ‘/scratch/12309511/temp_checkouts/Chart_19f_evosuite_3/testMap.csv’: No such file or directory
mv: cannot stat ‘/scratch/12309511/temp_checkouts/Chart_19f_evosuite_3/summary.csv’: No such file or directory
Running ant (mutation.test)................................................ org.jfree.chart.plot.CategoryPlot_ESTest::test012
