Checking out 2266 to /scratch/12309511/temp_checkouts/Chart_1f_evosuite_3.. OK
Init local repository...................................................... OK
Tag post-fix revision...................................................... OK
Apply patch................................................................ OK
Run post-checkout hook..................................................... OK
Excluding broken/flaky tests............................................... OK
Excluding broken/flaky tests............................................... OK
Initialize fixed program version........................................... OK
Apply patch................................................................ OK
Initialize buggy program version........................................... OK
Diff 2266:2264............................................................. OK
Apply patch................................................................ OK
Tag pre-fix revision....................................................... OK
Check out program version: Chart-1f........................................ OK
Running ant (compile)...................................................... OK
Running ant (compile.tests)................................................ OK
Compiling mutant definition (mml).......................................... OK
Running ant (mutate)....................................................... OK
Extract test suite......................................................... OK
Running ant (compile.gen.tests)............................................ OK
Running ant (mutation.test)................................................ org.jfree.chart.renderer.category.AbstractCategoryItemRenderer_ESTest::test00
FAIL
Executed command:  cd /scratch/12309511/temp_checkouts/Chart_1f_evosuite_3 && /home/people/12309511/mutation_testing/defects4j/major/bin/ant -f /home/people/12309511/mutation_testing/defects4j/framework/projects/defects4j.build.xml -Dd4j.home=/home/people/12309511/mutation_testing/defects4j -Dd4j.dir.projects=/home/people/12309511/mutation_testing/defects4j/framework/projects -Dbasedir=/scratch/12309511/temp_checkouts/Chart_1f_evosuite_3 -Dbuild.compiler=major.ant.MajorCompiler -Dd4j.test.dir=/scratch/12309511/temp_checkouts/Chart_1f_evosuite_3/.test_suite -Dd4j.test.include=*.java -Dmajor.kill.log=/scratch/12309511/temp_checkouts/Chart_1f_evosuite_3/kill.csv -logfile /scratch/12309511/temp_checkouts/Chart_1f_evosuite_3/.mutation.log  -Dtest.entry.class=org.jfree.chart.renderer.category.AbstractCategoryItemRenderer_ESTest -Dtest.entry.method=test00 mutation.test 2>&1
OpenJDK 64-Bit Server VM warning: ignoring option MaxPermSize=1G; support was removed in 8.0
Unable to locate tools.jar. Expected to find it in /usr/lib/jvm/java-1.8.0-openjdk-1.8.0.212.b04-0.el7_6.x86_64/lib/tools.jar
Buildfile: /home/people/12309511/mutation_testing/defects4j/framework/projects/defects4j.build.xml
Moving csv files to results directories
mv: cannot stat ‘/scratch/12309511/temp_checkouts/Chart_1f_evosuite_3/killMap.csv’: No such file or directory
mv: cannot stat ‘/scratch/12309511/temp_checkouts/Chart_1f_evosuite_3/testMap.csv’: No such file or directory
mv: cannot stat ‘/scratch/12309511/temp_checkouts/Chart_1f_evosuite_3/summary.csv’: No such file or directory
Running ant (mutation.test)................................................ org.jfree.chart.renderer.category.AbstractCategoryItemRenderer_ESTest::test01
FAIL
Executed command:  cd /scratch/12309511/temp_checkouts/Chart_1f_evosuite_3 && /home/people/12309511/mutation_testing/defects4j/major/bin/ant -f /home/people/12309511/mutation_testing/defects4j/framework/projects/defects4j.build.xml -Dd4j.home=/home/people/12309511/mutation_testing/defects4j -Dd4j.dir.projects=/home/people/12309511/mutation_testing/defects4j/framework/projects -Dbasedir=/scratch/12309511/temp_checkouts/Chart_1f_evosuite_3 -Dbuild.compiler=major.ant.MajorCompiler -Dd4j.test.dir=/scratch/12309511/temp_checkouts/Chart_1f_evosuite_3/.test_suite -Dd4j.test.include=*.java -Dmajor.kill.log=/scratch/12309511/temp_checkouts/Chart_1f_evosuite_3/kill.csv -logfile /scratch/12309511/temp_checkouts/Chart_1f_evosuite_3/.mutation.log  -Dtest.entry.class=org.jfree.chart.renderer.category.AbstractCategoryItemRenderer_ESTest -Dtest.entry.method=test01 mutation.test 2>&1
OpenJDK 64-Bit Server VM warning: ignoring option MaxPermSize=1G; support was removed in 8.0
Unable to locate tools.jar. Expected to find it in /usr/lib/jvm/java-1.8.0-openjdk-1.8.0.212.b04-0.el7_6.x86_64/lib/tools.jar
Buildfile: /home/people/12309511/mutation_testing/defects4j/framework/projects/defects4j.build.xml
Moving csv files to results directories
mv: cannot stat ‘/scratch/12309511/temp_checkouts/Chart_1f_evosuite_3/killMap.csv’: No such file or directory
mv: cannot stat ‘/scratch/12309511/temp_checkouts/Chart_1f_evosuite_3/testMap.csv’: No such file or directory
mv: cannot stat ‘/scratch/12309511/temp_checkouts/Chart_1f_evosuite_3/summary.csv’: No such file or directory
Running ant (mutation.test)................................................ org.jfree.chart.renderer.category.AbstractCategoryItemRenderer_ESTest::test02
