Checking out 2242 to /scratch/12309511/temp_checkouts/Chart_2f_randoop_3... OK
Init local repository...................................................... OK
Tag post-fix revision...................................................... OK
Apply patch................................................................ OK
Run post-checkout hook..................................................... OK
Excluding broken/flaky tests............................................... OK
Excluding broken/flaky tests............................................... OK
Initialize fixed program version........................................... OK
Apply patch................................................................ OK
Initialize buggy program version........................................... OK
Diff 2242:2240............................................................. OK
Apply patch................................................................ OK
Tag pre-fix revision....................................................... OK
Check out program version: Chart-2f........................................ OK
Running ant (compile)...................................................... OK
Running ant (compile.tests)................................................ OK
Compiling mutant definition (mml).......................................... OK
Running ant (mutate)....................................................... OK
Extract test suite......................................................... OK
Running ant (compile.gen.tests)............................................ OK
Running ant (mutation.test)................................................ RegressionTest0::test00001
FAIL
Executed command:  cd /scratch/12309511/temp_checkouts/Chart_2f_randoop_3 && /home/people/12309511/mutation_testing/defects4j/major/bin/ant -f /home/people/12309511/mutation_testing/defects4j/framework/projects/defects4j.build.xml -Dd4j.home=/home/people/12309511/mutation_testing/defects4j -Dd4j.dir.projects=/home/people/12309511/mutation_testing/defects4j/framework/projects -Dbasedir=/scratch/12309511/temp_checkouts/Chart_2f_randoop_3 -Dbuild.compiler=major.ant.MajorCompiler -Dd4j.test.dir=/scratch/12309511/temp_checkouts/Chart_2f_randoop_3/.test_suite -Dd4j.test.include=*.java -Dmajor.kill.log=/scratch/12309511/temp_checkouts/Chart_2f_randoop_3/kill.csv -logfile /scratch/12309511/temp_checkouts/Chart_2f_randoop_3/.mutation.log  -Dtest.entry.class=RegressionTest0 -Dtest.entry.method=test00001 mutation.test 2>&1
OpenJDK 64-Bit Server VM warning: ignoring option MaxPermSize=1G; support was removed in 8.0
Unable to locate tools.jar. Expected to find it in /usr/lib/jvm/java-1.8.0-openjdk-1.8.0.212.b04-0.el7_6.x86_64/lib/tools.jar
Buildfile: /home/people/12309511/mutation_testing/defects4j/framework/projects/defects4j.build.xml
Moving csv files to results directories
mv: cannot stat ‘/scratch/12309511/temp_checkouts/Chart_2f_randoop_3/killMap.csv’: No such file or directory
mv: cannot stat ‘/scratch/12309511/temp_checkouts/Chart_2f_randoop_3/testMap.csv’: No such file or directory
mv: cannot stat ‘/scratch/12309511/temp_checkouts/Chart_2f_randoop_3/summary.csv’: No such file or directory
Running ant (mutation.test)................................................ RegressionTest0::test00002
FAIL
Executed command:  cd /scratch/12309511/temp_checkouts/Chart_2f_randoop_3 && /home/people/12309511/mutation_testing/defects4j/major/bin/ant -f /home/people/12309511/mutation_testing/defects4j/framework/projects/defects4j.build.xml -Dd4j.home=/home/people/12309511/mutation_testing/defects4j -Dd4j.dir.projects=/home/people/12309511/mutation_testing/defects4j/framework/projects -Dbasedir=/scratch/12309511/temp_checkouts/Chart_2f_randoop_3 -Dbuild.compiler=major.ant.MajorCompiler -Dd4j.test.dir=/scratch/12309511/temp_checkouts/Chart_2f_randoop_3/.test_suite -Dd4j.test.include=*.java -Dmajor.kill.log=/scratch/12309511/temp_checkouts/Chart_2f_randoop_3/kill.csv -logfile /scratch/12309511/temp_checkouts/Chart_2f_randoop_3/.mutation.log  -Dtest.entry.class=RegressionTest0 -Dtest.entry.method=test00002 mutation.test 2>&1
OpenJDK 64-Bit Server VM warning: ignoring option MaxPermSize=1G; support was removed in 8.0
Unable to locate tools.jar. Expected to find it in /usr/lib/jvm/java-1.8.0-openjdk-1.8.0.212.b04-0.el7_6.x86_64/lib/tools.jar
Buildfile: /home/people/12309511/mutation_testing/defects4j/framework/projects/defects4j.build.xml
Moving csv files to results directories
mv: cannot stat ‘/scratch/12309511/temp_checkouts/Chart_2f_randoop_3/killMap.csv’: No such file or directory
mv: cannot stat ‘/scratch/12309511/temp_checkouts/Chart_2f_randoop_3/testMap.csv’: No such file or directory
mv: cannot stat ‘/scratch/12309511/temp_checkouts/Chart_2f_randoop_3/summary.csv’: No such file or directory
Running ant (mutation.test)................................................ RegressionTest0::test00003
FAIL
Executed command:  cd /scratch/12309511/temp_checkouts/Chart_2f_randoop_3 && /home/people/12309511/mutation_testing/defects4j/major/bin/ant -f /home/people/12309511/mutation_testing/defects4j/framework/projects/defects4j.build.xml -Dd4j.home=/home/people/12309511/mutation_testing/defects4j -Dd4j.dir.projects=/home/people/12309511/mutation_testing/defects4j/framework/projects -Dbasedir=/scratch/12309511/temp_checkouts/Chart_2f_randoop_3 -Dbuild.compiler=major.ant.MajorCompiler -Dd4j.test.dir=/scratch/12309511/temp_checkouts/Chart_2f_randoop_3/.test_suite -Dd4j.test.include=*.java -Dmajor.kill.log=/scratch/12309511/temp_checkouts/Chart_2f_randoop_3/kill.csv -logfile /scratch/12309511/temp_checkouts/Chart_2f_randoop_3/.mutation.log  -Dtest.entry.class=RegressionTest0 -Dtest.entry.method=test00003 mutation.test 2>&1
OpenJDK 64-Bit Server VM warning: ignoring option MaxPermSize=1G; support was removed in 8.0
Unable to locate tools.jar. Expected to find it in /usr/lib/jvm/java-1.8.0-openjdk-1.8.0.212.b04-0.el7_6.x86_64/lib/tools.jar
Buildfile: /home/people/12309511/mutation_testing/defects4j/framework/projects/defects4j.build.xml
Moving csv files to results directories
mv: cannot stat ‘/scratch/12309511/temp_checkouts/Chart_2f_randoop_3/killMap.csv’: No such file or directory
mv: cannot stat ‘/scratch/12309511/temp_checkouts/Chart_2f_randoop_3/testMap.csv’: No such file or directory
mv: cannot stat ‘/scratch/12309511/temp_checkouts/Chart_2f_randoop_3/summary.csv’: No such file or directory
Running ant (mutation.test)................................................ RegressionTest0::test00004
FAIL
Executed command:  cd /scratch/12309511/temp_checkouts/Chart_2f_randoop_3 && /home/people/12309511/mutation_testing/defects4j/major/bin/ant -f /home/people/12309511/mutation_testing/defects4j/framework/projects/defects4j.build.xml -Dd4j.home=/home/people/12309511/mutation_testing/defects4j -Dd4j.dir.projects=/home/people/12309511/mutation_testing/defects4j/framework/projects -Dbasedir=/scratch/12309511/temp_checkouts/Chart_2f_randoop_3 -Dbuild.compiler=major.ant.MajorCompiler -Dd4j.test.dir=/scratch/12309511/temp_checkouts/Chart_2f_randoop_3/.test_suite -Dd4j.test.include=*.java -Dmajor.kill.log=/scratch/12309511/temp_checkouts/Chart_2f_randoop_3/kill.csv -logfile /scratch/12309511/temp_checkouts/Chart_2f_randoop_3/.mutation.log  -Dtest.entry.class=RegressionTest0 -Dtest.entry.method=test00004 mutation.test 2>&1
OpenJDK 64-Bit Server VM warning: ignoring option MaxPermSize=1G; support was removed in 8.0
Unable to locate tools.jar. Expected to find it in /usr/lib/jvm/java-1.8.0-openjdk-1.8.0.212.b04-0.el7_6.x86_64/lib/tools.jar
Buildfile: /home/people/12309511/mutation_testing/defects4j/framework/projects/defects4j.build.xml
Moving csv files to results directories
mv: cannot stat ‘/scratch/12309511/temp_checkouts/Chart_2f_randoop_3/killMap.csv’: No such file or directory
mv: cannot stat ‘/scratch/12309511/temp_checkouts/Chart_2f_randoop_3/testMap.csv’: No such file or directory
mv: cannot stat ‘/scratch/12309511/temp_checkouts/Chart_2f_randoop_3/summary.csv’: No such file or directory
Running ant (mutation.test)................................................ RegressionTest0::test00005
FAIL
Executed command:  cd /scratch/12309511/temp_checkouts/Chart_2f_randoop_3 && /home/people/12309511/mutation_testing/defects4j/major/bin/ant -f /home/people/12309511/mutation_testing/defects4j/framework/projects/defects4j.build.xml -Dd4j.home=/home/people/12309511/mutation_testing/defects4j -Dd4j.dir.projects=/home/people/12309511/mutation_testing/defects4j/framework/projects -Dbasedir=/scratch/12309511/temp_checkouts/Chart_2f_randoop_3 -Dbuild.compiler=major.ant.MajorCompiler -Dd4j.test.dir=/scratch/12309511/temp_checkouts/Chart_2f_randoop_3/.test_suite -Dd4j.test.include=*.java -Dmajor.kill.log=/scratch/12309511/temp_checkouts/Chart_2f_randoop_3/kill.csv -logfile /scratch/12309511/temp_checkouts/Chart_2f_randoop_3/.mutation.log  -Dtest.entry.class=RegressionTest0 -Dtest.entry.method=test00005 mutation.test 2>&1
OpenJDK 64-Bit Server VM warning: ignoring option MaxPermSize=1G; support was removed in 8.0
Unable to locate tools.jar. Expected to find it in /usr/lib/jvm/java-1.8.0-openjdk-1.8.0.212.b04-0.el7_6.x86_64/lib/tools.jar
Buildfile: /home/people/12309511/mutation_testing/defects4j/framework/projects/defects4j.build.xml
Moving csv files to results directories
mv: cannot stat ‘/scratch/12309511/temp_checkouts/Chart_2f_randoop_3/killMap.csv’: No such file or directory
mv: cannot stat ‘/scratch/12309511/temp_checkouts/Chart_2f_randoop_3/testMap.csv’: No such file or directory
mv: cannot stat ‘/scratch/12309511/temp_checkouts/Chart_2f_randoop_3/summary.csv’: No such file or directory
Running ant (mutation.test)................................................ RegressionTest0::test00006
FAIL
Executed command:  cd /scratch/12309511/temp_checkouts/Chart_2f_randoop_3 && /home/people/12309511/mutation_testing/defects4j/major/bin/ant -f /home/people/12309511/mutation_testing/defects4j/framework/projects/defects4j.build.xml -Dd4j.home=/home/people/12309511/mutation_testing/defects4j -Dd4j.dir.projects=/home/people/12309511/mutation_testing/defects4j/framework/projects -Dbasedir=/scratch/12309511/temp_checkouts/Chart_2f_randoop_3 -Dbuild.compiler=major.ant.MajorCompiler -Dd4j.test.dir=/scratch/12309511/temp_checkouts/Chart_2f_randoop_3/.test_suite -Dd4j.test.include=*.java -Dmajor.kill.log=/scratch/12309511/temp_checkouts/Chart_2f_randoop_3/kill.csv -logfile /scratch/12309511/temp_checkouts/Chart_2f_randoop_3/.mutation.log  -Dtest.entry.class=RegressionTest0 -Dtest.entry.method=test00006 mutation.test 2>&1
OpenJDK 64-Bit Server VM warning: ignoring option MaxPermSize=1G; support was removed in 8.0
Unable to locate tools.jar. Expected to find it in /usr/lib/jvm/java-1.8.0-openjdk-1.8.0.212.b04-0.el7_6.x86_64/lib/tools.jar
Buildfile: /home/people/12309511/mutation_testing/defects4j/framework/projects/defects4j.build.xml
Moving csv files to results directories
mv: cannot stat ‘/scratch/12309511/temp_checkouts/Chart_2f_randoop_3/killMap.csv’: No such file or directory
mv: cannot stat ‘/scratch/12309511/temp_checkouts/Chart_2f_randoop_3/testMap.csv’: No such file or directory
mv: cannot stat ‘/scratch/12309511/temp_checkouts/Chart_2f_randoop_3/summary.csv’: No such file or directory
Running ant (mutation.test)................................................ RegressionTest0::test00007
FAIL
Executed command:  cd /scratch/12309511/temp_checkouts/Chart_2f_randoop_3 && /home/people/12309511/mutation_testing/defects4j/major/bin/ant -f /home/people/12309511/mutation_testing/defects4j/framework/projects/defects4j.build.xml -Dd4j.home=/home/people/12309511/mutation_testing/defects4j -Dd4j.dir.projects=/home/people/12309511/mutation_testing/defects4j/framework/projects -Dbasedir=/scratch/12309511/temp_checkouts/Chart_2f_randoop_3 -Dbuild.compiler=major.ant.MajorCompiler -Dd4j.test.dir=/scratch/12309511/temp_checkouts/Chart_2f_randoop_3/.test_suite -Dd4j.test.include=*.java -Dmajor.kill.log=/scratch/12309511/temp_checkouts/Chart_2f_randoop_3/kill.csv -logfile /scratch/12309511/temp_checkouts/Chart_2f_randoop_3/.mutation.log  -Dtest.entry.class=RegressionTest0 -Dtest.entry.method=test00007 mutation.test 2>&1
OpenJDK 64-Bit Server VM warning: ignoring option MaxPermSize=1G; support was removed in 8.0
Unable to locate tools.jar. Expected to find it in /usr/lib/jvm/java-1.8.0-openjdk-1.8.0.212.b04-0.el7_6.x86_64/lib/tools.jar
Buildfile: /home/people/12309511/mutation_testing/defects4j/framework/projects/defects4j.build.xml
Moving csv files to results directories
mv: cannot stat ‘/scratch/12309511/temp_checkouts/Chart_2f_randoop_3/killMap.csv’: No such file or directory
mv: cannot stat ‘/scratch/12309511/temp_checkouts/Chart_2f_randoop_3/testMap.csv’: No such file or directory
mv: cannot stat ‘/scratch/12309511/temp_checkouts/Chart_2f_randoop_3/summary.csv’: No such file or directory
Running ant (mutation.test)................................................ RegressionTest0::test00008
FAIL
Executed command:  cd /scratch/12309511/temp_checkouts/Chart_2f_randoop_3 && /home/people/12309511/mutation_testing/defects4j/major/bin/ant -f /home/people/12309511/mutation_testing/defects4j/framework/projects/defects4j.build.xml -Dd4j.home=/home/people/12309511/mutation_testing/defects4j -Dd4j.dir.projects=/home/people/12309511/mutation_testing/defects4j/framework/projects -Dbasedir=/scratch/12309511/temp_checkouts/Chart_2f_randoop_3 -Dbuild.compiler=major.ant.MajorCompiler -Dd4j.test.dir=/scratch/12309511/temp_checkouts/Chart_2f_randoop_3/.test_suite -Dd4j.test.include=*.java -Dmajor.kill.log=/scratch/12309511/temp_checkouts/Chart_2f_randoop_3/kill.csv -logfile /scratch/12309511/temp_checkouts/Chart_2f_randoop_3/.mutation.log  -Dtest.entry.class=RegressionTest0 -Dtest.entry.method=test00008 mutation.test 2>&1
OpenJDK 64-Bit Server VM warning: ignoring option MaxPermSize=1G; support was removed in 8.0
Unable to locate tools.jar. Expected to find it in /usr/lib/jvm/java-1.8.0-openjdk-1.8.0.212.b04-0.el7_6.x86_64/lib/tools.jar
Buildfile: /home/people/12309511/mutation_testing/defects4j/framework/projects/defects4j.build.xml
Moving csv files to results directories
mv: cannot stat ‘/scratch/12309511/temp_checkouts/Chart_2f_randoop_3/killMap.csv’: No such file or directory
mv: cannot stat ‘/scratch/12309511/temp_checkouts/Chart_2f_randoop_3/testMap.csv’: No such file or directory
mv: cannot stat ‘/scratch/12309511/temp_checkouts/Chart_2f_randoop_3/summary.csv’: No such file or directory
Running ant (mutation.test)................................................ RegressionTest0::test00009
FAIL
Executed command:  cd /scratch/12309511/temp_checkouts/Chart_2f_randoop_3 && /home/people/12309511/mutation_testing/defects4j/major/bin/ant -f /home/people/12309511/mutation_testing/defects4j/framework/projects/defects4j.build.xml -Dd4j.home=/home/people/12309511/mutation_testing/defects4j -Dd4j.dir.projects=/home/people/12309511/mutation_testing/defects4j/framework/projects -Dbasedir=/scratch/12309511/temp_checkouts/Chart_2f_randoop_3 -Dbuild.compiler=major.ant.MajorCompiler -Dd4j.test.dir=/scratch/12309511/temp_checkouts/Chart_2f_randoop_3/.test_suite -Dd4j.test.include=*.java -Dmajor.kill.log=/scratch/12309511/temp_checkouts/Chart_2f_randoop_3/kill.csv -logfile /scratch/12309511/temp_checkouts/Chart_2f_randoop_3/.mutation.log  -Dtest.entry.class=RegressionTest0 -Dtest.entry.method=test00009 mutation.test 2>&1
OpenJDK 64-Bit Server VM warning: ignoring option MaxPermSize=1G; support was removed in 8.0
Unable to locate tools.jar. Expected to find it in /usr/lib/jvm/java-1.8.0-openjdk-1.8.0.212.b04-0.el7_6.x86_64/lib/tools.jar
Buildfile: /home/people/12309511/mutation_testing/defects4j/framework/projects/defects4j.build.xml
Moving csv files to results directories
mv: cannot stat ‘/scratch/12309511/temp_checkouts/Chart_2f_randoop_3/killMap.csv’: No such file or directory
mv: cannot stat ‘/scratch/12309511/temp_checkouts/Chart_2f_randoop_3/testMap.csv’: No such file or directory
mv: cannot stat ‘/scratch/12309511/temp_checkouts/Chart_2f_randoop_3/summary.csv’: No such file or directory
Running ant (mutation.test)................................................ RegressionTest0::test00010
FAIL
Executed command:  cd /scratch/12309511/temp_checkouts/Chart_2f_randoop_3 && /home/people/12309511/mutation_testing/defects4j/major/bin/ant -f /home/people/12309511/mutation_testing/defects4j/framework/projects/defects4j.build.xml -Dd4j.home=/home/people/12309511/mutation_testing/defects4j -Dd4j.dir.projects=/home/people/12309511/mutation_testing/defects4j/framework/projects -Dbasedir=/scratch/12309511/temp_checkouts/Chart_2f_randoop_3 -Dbuild.compiler=major.ant.MajorCompiler -Dd4j.test.dir=/scratch/12309511/temp_checkouts/Chart_2f_randoop_3/.test_suite -Dd4j.test.include=*.java -Dmajor.kill.log=/scratch/12309511/temp_checkouts/Chart_2f_randoop_3/kill.csv -logfile /scratch/12309511/temp_checkouts/Chart_2f_randoop_3/.mutation.log  -Dtest.entry.class=RegressionTest0 -Dtest.entry.method=test00010 mutation.test 2>&1
OpenJDK 64-Bit Server VM warning: ignoring option MaxPermSize=1G; support was removed in 8.0
Unable to locate tools.jar. Expected to find it in /usr/lib/jvm/java-1.8.0-openjdk-1.8.0.212.b04-0.el7_6.x86_64/lib/tools.jar
Buildfile: /home/people/12309511/mutation_testing/defects4j/framework/projects/defects4j.build.xml
Moving csv files to results directories
mv: cannot stat ‘/scratch/12309511/temp_checkouts/Chart_2f_randoop_3/killMap.csv’: No such file or directory
mv: cannot stat ‘/scratch/12309511/temp_checkouts/Chart_2f_randoop_3/testMap.csv’: No such file or directory
mv: cannot stat ‘/scratch/12309511/temp_checkouts/Chart_2f_randoop_3/summary.csv’: No such file or directory
Running ant (mutation.test)................................................ RegressionTest0::test00011
FAIL
Executed command:  cd /scratch/12309511/temp_checkouts/Chart_2f_randoop_3 && /home/people/12309511/mutation_testing/defects4j/major/bin/ant -f /home/people/12309511/mutation_testing/defects4j/framework/projects/defects4j.build.xml -Dd4j.home=/home/people/12309511/mutation_testing/defects4j -Dd4j.dir.projects=/home/people/12309511/mutation_testing/defects4j/framework/projects -Dbasedir=/scratch/12309511/temp_checkouts/Chart_2f_randoop_3 -Dbuild.compiler=major.ant.MajorCompiler -Dd4j.test.dir=/scratch/12309511/temp_checkouts/Chart_2f_randoop_3/.test_suite -Dd4j.test.include=*.java -Dmajor.kill.log=/scratch/12309511/temp_checkouts/Chart_2f_randoop_3/kill.csv -logfile /scratch/12309511/temp_checkouts/Chart_2f_randoop_3/.mutation.log  -Dtest.entry.class=RegressionTest0 -Dtest.entry.method=test00011 mutation.test 2>&1
OpenJDK 64-Bit Server VM warning: ignoring option MaxPermSize=1G; support was removed in 8.0
Unable to locate tools.jar. Expected to find it in /usr/lib/jvm/java-1.8.0-openjdk-1.8.0.212.b04-0.el7_6.x86_64/lib/tools.jar
Buildfile: /home/people/12309511/mutation_testing/defects4j/framework/projects/defects4j.build.xml
Moving csv files to results directories
mv: cannot stat ‘/scratch/12309511/temp_checkouts/Chart_2f_randoop_3/killMap.csv’: No such file or directory
mv: cannot stat ‘/scratch/12309511/temp_checkouts/Chart_2f_randoop_3/testMap.csv’: No such file or directory
mv: cannot stat ‘/scratch/12309511/temp_checkouts/Chart_2f_randoop_3/summary.csv’: No such file or directory
Running ant (mutation.test)................................................ RegressionTest0::test00012
FAIL
Executed command:  cd /scratch/12309511/temp_checkouts/Chart_2f_randoop_3 && /home/people/12309511/mutation_testing/defects4j/major/bin/ant -f /home/people/12309511/mutation_testing/defects4j/framework/projects/defects4j.build.xml -Dd4j.home=/home/people/12309511/mutation_testing/defects4j -Dd4j.dir.projects=/home/people/12309511/mutation_testing/defects4j/framework/projects -Dbasedir=/scratch/12309511/temp_checkouts/Chart_2f_randoop_3 -Dbuild.compiler=major.ant.MajorCompiler -Dd4j.test.dir=/scratch/12309511/temp_checkouts/Chart_2f_randoop_3/.test_suite -Dd4j.test.include=*.java -Dmajor.kill.log=/scratch/12309511/temp_checkouts/Chart_2f_randoop_3/kill.csv -logfile /scratch/12309511/temp_checkouts/Chart_2f_randoop_3/.mutation.log  -Dtest.entry.class=RegressionTest0 -Dtest.entry.method=test00012 mutation.test 2>&1
OpenJDK 64-Bit Server VM warning: ignoring option MaxPermSize=1G; support was removed in 8.0
Unable to locate tools.jar. Expected to find it in /usr/lib/jvm/java-1.8.0-openjdk-1.8.0.212.b04-0.el7_6.x86_64/lib/tools.jar
Buildfile: /home/people/12309511/mutation_testing/defects4j/framework/projects/defects4j.build.xml
Moving csv files to results directories
mv: cannot stat ‘/scratch/12309511/temp_checkouts/Chart_2f_randoop_3/killMap.csv’: No such file or directory
mv: cannot stat ‘/scratch/12309511/temp_checkouts/Chart_2f_randoop_3/testMap.csv’: No such file or directory
mv: cannot stat ‘/scratch/12309511/temp_checkouts/Chart_2f_randoop_3/summary.csv’: No such file or directory
Running ant (mutation.test)................................................ RegressionTest0::test00013
FAIL
Executed command:  cd /scratch/12309511/temp_checkouts/Chart_2f_randoop_3 && /home/people/12309511/mutation_testing/defects4j/major/bin/ant -f /home/people/12309511/mutation_testing/defects4j/framework/projects/defects4j.build.xml -Dd4j.home=/home/people/12309511/mutation_testing/defects4j -Dd4j.dir.projects=/home/people/12309511/mutation_testing/defects4j/framework/projects -Dbasedir=/scratch/12309511/temp_checkouts/Chart_2f_randoop_3 -Dbuild.compiler=major.ant.MajorCompiler -Dd4j.test.dir=/scratch/12309511/temp_checkouts/Chart_2f_randoop_3/.test_suite -Dd4j.test.include=*.java -Dmajor.kill.log=/scratch/12309511/temp_checkouts/Chart_2f_randoop_3/kill.csv -logfile /scratch/12309511/temp_checkouts/Chart_2f_randoop_3/.mutation.log  -Dtest.entry.class=RegressionTest0 -Dtest.entry.method=test00013 mutation.test 2>&1
OpenJDK 64-Bit Server VM warning: ignoring option MaxPermSize=1G; support was removed in 8.0
Unable to locate tools.jar. Expected to find it in /usr/lib/jvm/java-1.8.0-openjdk-1.8.0.212.b04-0.el7_6.x86_64/lib/tools.jar
Buildfile: /home/people/12309511/mutation_testing/defects4j/framework/projects/defects4j.build.xml
Moving csv files to results directories
mv: cannot stat ‘/scratch/12309511/temp_checkouts/Chart_2f_randoop_3/killMap.csv’: No such file or directory
mv: cannot stat ‘/scratch/12309511/temp_checkouts/Chart_2f_randoop_3/testMap.csv’: No such file or directory
mv: cannot stat ‘/scratch/12309511/temp_checkouts/Chart_2f_randoop_3/summary.csv’: No such file or directory
Running ant (mutation.test)................................................ RegressionTest0::test00014
FAIL
Executed command:  cd /scratch/12309511/temp_checkouts/Chart_2f_randoop_3 && /home/people/12309511/mutation_testing/defects4j/major/bin/ant -f /home/people/12309511/mutation_testing/defects4j/framework/projects/defects4j.build.xml -Dd4j.home=/home/people/12309511/mutation_testing/defects4j -Dd4j.dir.projects=/home/people/12309511/mutation_testing/defects4j/framework/projects -Dbasedir=/scratch/12309511/temp_checkouts/Chart_2f_randoop_3 -Dbuild.compiler=major.ant.MajorCompiler -Dd4j.test.dir=/scratch/12309511/temp_checkouts/Chart_2f_randoop_3/.test_suite -Dd4j.test.include=*.java -Dmajor.kill.log=/scratch/12309511/temp_checkouts/Chart_2f_randoop_3/kill.csv -logfile /scratch/12309511/temp_checkouts/Chart_2f_randoop_3/.mutation.log  -Dtest.entry.class=RegressionTest0 -Dtest.entry.method=test00014 mutation.test 2>&1
OpenJDK 64-Bit Server VM warning: ignoring option MaxPermSize=1G; support was removed in 8.0
Unable to locate tools.jar. Expected to find it in /usr/lib/jvm/java-1.8.0-openjdk-1.8.0.212.b04-0.el7_6.x86_64/lib/tools.jar
Buildfile: /home/people/12309511/mutation_testing/defects4j/framework/projects/defects4j.build.xml
Moving csv files to results directories
mv: cannot stat ‘/scratch/12309511/temp_checkouts/Chart_2f_randoop_3/killMap.csv’: No such file or directory
mv: cannot stat ‘/scratch/12309511/temp_checkouts/Chart_2f_randoop_3/testMap.csv’: No such file or directory
mv: cannot stat ‘/scratch/12309511/temp_checkouts/Chart_2f_randoop_3/summary.csv’: No such file or directory
Running ant (mutation.test)................................................ RegressionTest0::test00015
FAIL
Executed command:  cd /scratch/12309511/temp_checkouts/Chart_2f_randoop_3 && /home/people/12309511/mutation_testing/defects4j/major/bin/ant -f /home/people/12309511/mutation_testing/defects4j/framework/projects/defects4j.build.xml -Dd4j.home=/home/people/12309511/mutation_testing/defects4j -Dd4j.dir.projects=/home/people/12309511/mutation_testing/defects4j/framework/projects -Dbasedir=/scratch/12309511/temp_checkouts/Chart_2f_randoop_3 -Dbuild.compiler=major.ant.MajorCompiler -Dd4j.test.dir=/scratch/12309511/temp_checkouts/Chart_2f_randoop_3/.test_suite -Dd4j.test.include=*.java -Dmajor.kill.log=/scratch/12309511/temp_checkouts/Chart_2f_randoop_3/kill.csv -logfile /scratch/12309511/temp_checkouts/Chart_2f_randoop_3/.mutation.log  -Dtest.entry.class=RegressionTest0 -Dtest.entry.method=test00015 mutation.test 2>&1
OpenJDK 64-Bit Server VM warning: ignoring option MaxPermSize=1G; support was removed in 8.0
Unable to locate tools.jar. Expected to find it in /usr/lib/jvm/java-1.8.0-openjdk-1.8.0.212.b04-0.el7_6.x86_64/lib/tools.jar
Buildfile: /home/people/12309511/mutation_testing/defects4j/framework/projects/defects4j.build.xml
Moving csv files to results directories
mv: cannot stat ‘/scratch/12309511/temp_checkouts/Chart_2f_randoop_3/killMap.csv’: No such file or directory
mv: cannot stat ‘/scratch/12309511/temp_checkouts/Chart_2f_randoop_3/testMap.csv’: No such file or directory
mv: cannot stat ‘/scratch/12309511/temp_checkouts/Chart_2f_randoop_3/summary.csv’: No such file or directory
Running ant (mutation.test)................................................ RegressionTest0::test00016
FAIL
Executed command:  cd /scratch/12309511/temp_checkouts/Chart_2f_randoop_3 && /home/people/12309511/mutation_testing/defects4j/major/bin/ant -f /home/people/12309511/mutation_testing/defects4j/framework/projects/defects4j.build.xml -Dd4j.home=/home/people/12309511/mutation_testing/defects4j -Dd4j.dir.projects=/home/people/12309511/mutation_testing/defects4j/framework/projects -Dbasedir=/scratch/12309511/temp_checkouts/Chart_2f_randoop_3 -Dbuild.compiler=major.ant.MajorCompiler -Dd4j.test.dir=/scratch/12309511/temp_checkouts/Chart_2f_randoop_3/.test_suite -Dd4j.test.include=*.java -Dmajor.kill.log=/scratch/12309511/temp_checkouts/Chart_2f_randoop_3/kill.csv -logfile /scratch/12309511/temp_checkouts/Chart_2f_randoop_3/.mutation.log  -Dtest.entry.class=RegressionTest0 -Dtest.entry.method=test00016 mutation.test 2>&1
OpenJDK 64-Bit Server VM warning: ignoring option MaxPermSize=1G; support was removed in 8.0
Unable to locate tools.jar. Expected to find it in /usr/lib/jvm/java-1.8.0-openjdk-1.8.0.212.b04-0.el7_6.x86_64/lib/tools.jar
Buildfile: /home/people/12309511/mutation_testing/defects4j/framework/projects/defects4j.build.xml
Moving csv files to results directories
mv: cannot stat ‘/scratch/12309511/temp_checkouts/Chart_2f_randoop_3/killMap.csv’: No such file or directory
mv: cannot stat ‘/scratch/12309511/temp_checkouts/Chart_2f_randoop_3/testMap.csv’: No such file or directory
mv: cannot stat ‘/scratch/12309511/temp_checkouts/Chart_2f_randoop_3/summary.csv’: No such file or directory
Running ant (mutation.test)................................................ RegressionTest0::test00017
FAIL
Executed command:  cd /scratch/12309511/temp_checkouts/Chart_2f_randoop_3 && /home/people/12309511/mutation_testing/defects4j/major/bin/ant -f /home/people/12309511/mutation_testing/defects4j/framework/projects/defects4j.build.xml -Dd4j.home=/home/people/12309511/mutation_testing/defects4j -Dd4j.dir.projects=/home/people/12309511/mutation_testing/defects4j/framework/projects -Dbasedir=/scratch/12309511/temp_checkouts/Chart_2f_randoop_3 -Dbuild.compiler=major.ant.MajorCompiler -Dd4j.test.dir=/scratch/12309511/temp_checkouts/Chart_2f_randoop_3/.test_suite -Dd4j.test.include=*.java -Dmajor.kill.log=/scratch/12309511/temp_checkouts/Chart_2f_randoop_3/kill.csv -logfile /scratch/12309511/temp_checkouts/Chart_2f_randoop_3/.mutation.log  -Dtest.entry.class=RegressionTest0 -Dtest.entry.method=test00017 mutation.test 2>&1
OpenJDK 64-Bit Server VM warning: ignoring option MaxPermSize=1G; support was removed in 8.0
Unable to locate tools.jar. Expected to find it in /usr/lib/jvm/java-1.8.0-openjdk-1.8.0.212.b04-0.el7_6.x86_64/lib/tools.jar
Buildfile: /home/people/12309511/mutation_testing/defects4j/framework/projects/defects4j.build.xml
Moving csv files to results directories
mv: cannot stat ‘/scratch/12309511/temp_checkouts/Chart_2f_randoop_3/killMap.csv’: No such file or directory
mv: cannot stat ‘/scratch/12309511/temp_checkouts/Chart_2f_randoop_3/testMap.csv’: No such file or directory
mv: cannot stat ‘/scratch/12309511/temp_checkouts/Chart_2f_randoop_3/summary.csv’: No such file or directory
Running ant (mutation.test)................................................ RegressionTest0::test00018
FAIL
Executed command:  cd /scratch/12309511/temp_checkouts/Chart_2f_randoop_3 && /home/people/12309511/mutation_testing/defects4j/major/bin/ant -f /home/people/12309511/mutation_testing/defects4j/framework/projects/defects4j.build.xml -Dd4j.home=/home/people/12309511/mutation_testing/defects4j -Dd4j.dir.projects=/home/people/12309511/mutation_testing/defects4j/framework/projects -Dbasedir=/scratch/12309511/temp_checkouts/Chart_2f_randoop_3 -Dbuild.compiler=major.ant.MajorCompiler -Dd4j.test.dir=/scratch/12309511/temp_checkouts/Chart_2f_randoop_3/.test_suite -Dd4j.test.include=*.java -Dmajor.kill.log=/scratch/12309511/temp_checkouts/Chart_2f_randoop_3/kill.csv -logfile /scratch/12309511/temp_checkouts/Chart_2f_randoop_3/.mutation.log  -Dtest.entry.class=RegressionTest0 -Dtest.entry.method=test00018 mutation.test 2>&1
OpenJDK 64-Bit Server VM warning: ignoring option MaxPermSize=1G; support was removed in 8.0
Unable to locate tools.jar. Expected to find it in /usr/lib/jvm/java-1.8.0-openjdk-1.8.0.212.b04-0.el7_6.x86_64/lib/tools.jar
Buildfile: /home/people/12309511/mutation_testing/defects4j/framework/projects/defects4j.build.xml
Moving csv files to results directories
mv: cannot stat ‘/scratch/12309511/temp_checkouts/Chart_2f_randoop_3/killMap.csv’: No such file or directory
mv: cannot stat ‘/scratch/12309511/temp_checkouts/Chart_2f_randoop_3/testMap.csv’: No such file or directory
mv: cannot stat ‘/scratch/12309511/temp_checkouts/Chart_2f_randoop_3/summary.csv’: No such file or directory
Running ant (mutation.test)................................................ RegressionTest0::test00019
FAIL
Executed command:  cd /scratch/12309511/temp_checkouts/Chart_2f_randoop_3 && /home/people/12309511/mutation_testing/defects4j/major/bin/ant -f /home/people/12309511/mutation_testing/defects4j/framework/projects/defects4j.build.xml -Dd4j.home=/home/people/12309511/mutation_testing/defects4j -Dd4j.dir.projects=/home/people/12309511/mutation_testing/defects4j/framework/projects -Dbasedir=/scratch/12309511/temp_checkouts/Chart_2f_randoop_3 -Dbuild.compiler=major.ant.MajorCompiler -Dd4j.test.dir=/scratch/12309511/temp_checkouts/Chart_2f_randoop_3/.test_suite -Dd4j.test.include=*.java -Dmajor.kill.log=/scratch/12309511/temp_checkouts/Chart_2f_randoop_3/kill.csv -logfile /scratch/12309511/temp_checkouts/Chart_2f_randoop_3/.mutation.log  -Dtest.entry.class=RegressionTest0 -Dtest.entry.method=test00019 mutation.test 2>&1
OpenJDK 64-Bit Server VM warning: ignoring option MaxPermSize=1G; support was removed in 8.0
Unable to locate tools.jar. Expected to find it in /usr/lib/jvm/java-1.8.0-openjdk-1.8.0.212.b04-0.el7_6.x86_64/lib/tools.jar
Buildfile: /home/people/12309511/mutation_testing/defects4j/framework/projects/defects4j.build.xml
Moving csv files to results directories
mv: cannot stat ‘/scratch/12309511/temp_checkouts/Chart_2f_randoop_3/killMap.csv’: No such file or directory
mv: cannot stat ‘/scratch/12309511/temp_checkouts/Chart_2f_randoop_3/testMap.csv’: No such file or directory
mv: cannot stat ‘/scratch/12309511/temp_checkouts/Chart_2f_randoop_3/summary.csv’: No such file or directory
Running ant (mutation.test)................................................ RegressionTest0::test00020
FAIL
Executed command:  cd /scratch/12309511/temp_checkouts/Chart_2f_randoop_3 && /home/people/12309511/mutation_testing/defects4j/major/bin/ant -f /home/people/12309511/mutation_testing/defects4j/framework/projects/defects4j.build.xml -Dd4j.home=/home/people/12309511/mutation_testing/defects4j -Dd4j.dir.projects=/home/people/12309511/mutation_testing/defects4j/framework/projects -Dbasedir=/scratch/12309511/temp_checkouts/Chart_2f_randoop_3 -Dbuild.compiler=major.ant.MajorCompiler -Dd4j.test.dir=/scratch/12309511/temp_checkouts/Chart_2f_randoop_3/.test_suite -Dd4j.test.include=*.java -Dmajor.kill.log=/scratch/12309511/temp_checkouts/Chart_2f_randoop_3/kill.csv -logfile /scratch/12309511/temp_checkouts/Chart_2f_randoop_3/.mutation.log  -Dtest.entry.class=RegressionTest0 -Dtest.entry.method=test00020 mutation.test 2>&1
OpenJDK 64-Bit Server VM warning: ignoring option MaxPermSize=1G; support was removed in 8.0
Unable to locate tools.jar. Expected to find it in /usr/lib/jvm/java-1.8.0-openjdk-1.8.0.212.b04-0.el7_6.x86_64/lib/tools.jar
Buildfile: /home/people/12309511/mutation_testing/defects4j/framework/projects/defects4j.build.xml
Moving csv files to results directories
mv: cannot stat ‘/scratch/12309511/temp_checkouts/Chart_2f_randoop_3/killMap.csv’: No such file or directory
mv: cannot stat ‘/scratch/12309511/temp_checkouts/Chart_2f_randoop_3/testMap.csv’: No such file or directory
mv: cannot stat ‘/scratch/12309511/temp_checkouts/Chart_2f_randoop_3/summary.csv’: No such file or directory
Running ant (mutation.test)................................................ RegressionTest0::test00021
FAIL
Executed command:  cd /scratch/12309511/temp_checkouts/Chart_2f_randoop_3 && /home/people/12309511/mutation_testing/defects4j/major/bin/ant -f /home/people/12309511/mutation_testing/defects4j/framework/projects/defects4j.build.xml -Dd4j.home=/home/people/12309511/mutation_testing/defects4j -Dd4j.dir.projects=/home/people/12309511/mutation_testing/defects4j/framework/projects -Dbasedir=/scratch/12309511/temp_checkouts/Chart_2f_randoop_3 -Dbuild.compiler=major.ant.MajorCompiler -Dd4j.test.dir=/scratch/12309511/temp_checkouts/Chart_2f_randoop_3/.test_suite -Dd4j.test.include=*.java -Dmajor.kill.log=/scratch/12309511/temp_checkouts/Chart_2f_randoop_3/kill.csv -logfile /scratch/12309511/temp_checkouts/Chart_2f_randoop_3/.mutation.log  -Dtest.entry.class=RegressionTest0 -Dtest.entry.method=test00021 mutation.test 2>&1
OpenJDK 64-Bit Server VM warning: ignoring option MaxPermSize=1G; support was removed in 8.0
Unable to locate tools.jar. Expected to find it in /usr/lib/jvm/java-1.8.0-openjdk-1.8.0.212.b04-0.el7_6.x86_64/lib/tools.jar
Buildfile: /home/people/12309511/mutation_testing/defects4j/framework/projects/defects4j.build.xml
Moving csv files to results directories
mv: cannot stat ‘/scratch/12309511/temp_checkouts/Chart_2f_randoop_3/killMap.csv’: No such file or directory
mv: cannot stat ‘/scratch/12309511/temp_checkouts/Chart_2f_randoop_3/testMap.csv’: No such file or directory
mv: cannot stat ‘/scratch/12309511/temp_checkouts/Chart_2f_randoop_3/summary.csv’: No such file or directory
Running ant (mutation.test)................................................ RegressionTest0::test00022
FAIL
Executed command:  cd /scratch/12309511/temp_checkouts/Chart_2f_randoop_3 && /home/people/12309511/mutation_testing/defects4j/major/bin/ant -f /home/people/12309511/mutation_testing/defects4j/framework/projects/defects4j.build.xml -Dd4j.home=/home/people/12309511/mutation_testing/defects4j -Dd4j.dir.projects=/home/people/12309511/mutation_testing/defects4j/framework/projects -Dbasedir=/scratch/12309511/temp_checkouts/Chart_2f_randoop_3 -Dbuild.compiler=major.ant.MajorCompiler -Dd4j.test.dir=/scratch/12309511/temp_checkouts/Chart_2f_randoop_3/.test_suite -Dd4j.test.include=*.java -Dmajor.kill.log=/scratch/12309511/temp_checkouts/Chart_2f_randoop_3/kill.csv -logfile /scratch/12309511/temp_checkouts/Chart_2f_randoop_3/.mutation.log  -Dtest.entry.class=RegressionTest0 -Dtest.entry.method=test00022 mutation.test 2>&1
OpenJDK 64-Bit Server VM warning: ignoring option MaxPermSize=1G; support was removed in 8.0
Unable to locate tools.jar. Expected to find it in /usr/lib/jvm/java-1.8.0-openjdk-1.8.0.212.b04-0.el7_6.x86_64/lib/tools.jar
Buildfile: /home/people/12309511/mutation_testing/defects4j/framework/projects/defects4j.build.xml
Moving csv files to results directories
mv: cannot stat ‘/scratch/12309511/temp_checkouts/Chart_2f_randoop_3/killMap.csv’: No such file or directory
mv: cannot stat ‘/scratch/12309511/temp_checkouts/Chart_2f_randoop_3/testMap.csv’: No such file or directory
mv: cannot stat ‘/scratch/12309511/temp_checkouts/Chart_2f_randoop_3/summary.csv’: No such file or directory
Running ant (mutation.test)................................................ RegressionTest0::test00023
FAIL
Executed command:  cd /scratch/12309511/temp_checkouts/Chart_2f_randoop_3 && /home/people/12309511/mutation_testing/defects4j/major/bin/ant -f /home/people/12309511/mutation_testing/defects4j/framework/projects/defects4j.build.xml -Dd4j.home=/home/people/12309511/mutation_testing/defects4j -Dd4j.dir.projects=/home/people/12309511/mutation_testing/defects4j/framework/projects -Dbasedir=/scratch/12309511/temp_checkouts/Chart_2f_randoop_3 -Dbuild.compiler=major.ant.MajorCompiler -Dd4j.test.dir=/scratch/12309511/temp_checkouts/Chart_2f_randoop_3/.test_suite -Dd4j.test.include=*.java -Dmajor.kill.log=/scratch/12309511/temp_checkouts/Chart_2f_randoop_3/kill.csv -logfile /scratch/12309511/temp_checkouts/Chart_2f_randoop_3/.mutation.log  -Dtest.entry.class=RegressionTest0 -Dtest.entry.method=test00023 mutation.test 2>&1
OpenJDK 64-Bit Server VM warning: ignoring option MaxPermSize=1G; support was removed in 8.0
Unable to locate tools.jar. Expected to find it in /usr/lib/jvm/java-1.8.0-openjdk-1.8.0.212.b04-0.el7_6.x86_64/lib/tools.jar
Buildfile: /home/people/12309511/mutation_testing/defects4j/framework/projects/defects4j.build.xml
Moving csv files to results directories
mv: cannot stat ‘/scratch/12309511/temp_checkouts/Chart_2f_randoop_3/killMap.csv’: No such file or directory
mv: cannot stat ‘/scratch/12309511/temp_checkouts/Chart_2f_randoop_3/testMap.csv’: No such file or directory
mv: cannot stat ‘/scratch/12309511/temp_checkouts/Chart_2f_randoop_3/summary.csv’: No such file or directory
Running ant (mutation.test)................................................ RegressionTest0::test00024
FAIL
Executed command:  cd /scratch/12309511/temp_checkouts/Chart_2f_randoop_3 && /home/people/12309511/mutation_testing/defects4j/major/bin/ant -f /home/people/12309511/mutation_testing/defects4j/framework/projects/defects4j.build.xml -Dd4j.home=/home/people/12309511/mutation_testing/defects4j -Dd4j.dir.projects=/home/people/12309511/mutation_testing/defects4j/framework/projects -Dbasedir=/scratch/12309511/temp_checkouts/Chart_2f_randoop_3 -Dbuild.compiler=major.ant.MajorCompiler -Dd4j.test.dir=/scratch/12309511/temp_checkouts/Chart_2f_randoop_3/.test_suite -Dd4j.test.include=*.java -Dmajor.kill.log=/scratch/12309511/temp_checkouts/Chart_2f_randoop_3/kill.csv -logfile /scratch/12309511/temp_checkouts/Chart_2f_randoop_3/.mutation.log  -Dtest.entry.class=RegressionTest0 -Dtest.entry.method=test00024 mutation.test 2>&1
OpenJDK 64-Bit Server VM warning: ignoring option MaxPermSize=1G; support was removed in 8.0
Unable to locate tools.jar. Expected to find it in /usr/lib/jvm/java-1.8.0-openjdk-1.8.0.212.b04-0.el7_6.x86_64/lib/tools.jar
Buildfile: /home/people/12309511/mutation_testing/defects4j/framework/projects/defects4j.build.xml
Moving csv files to results directories
mv: cannot stat ‘/scratch/12309511/temp_checkouts/Chart_2f_randoop_3/killMap.csv’: No such file or directory
mv: cannot stat ‘/scratch/12309511/temp_checkouts/Chart_2f_randoop_3/testMap.csv’: No such file or directory
mv: cannot stat ‘/scratch/12309511/temp_checkouts/Chart_2f_randoop_3/summary.csv’: No such file or directory
Running ant (mutation.test)................................................ RegressionTest0::test00025
FAIL
Executed command:  cd /scratch/12309511/temp_checkouts/Chart_2f_randoop_3 && /home/people/12309511/mutation_testing/defects4j/major/bin/ant -f /home/people/12309511/mutation_testing/defects4j/framework/projects/defects4j.build.xml -Dd4j.home=/home/people/12309511/mutation_testing/defects4j -Dd4j.dir.projects=/home/people/12309511/mutation_testing/defects4j/framework/projects -Dbasedir=/scratch/12309511/temp_checkouts/Chart_2f_randoop_3 -Dbuild.compiler=major.ant.MajorCompiler -Dd4j.test.dir=/scratch/12309511/temp_checkouts/Chart_2f_randoop_3/.test_suite -Dd4j.test.include=*.java -Dmajor.kill.log=/scratch/12309511/temp_checkouts/Chart_2f_randoop_3/kill.csv -logfile /scratch/12309511/temp_checkouts/Chart_2f_randoop_3/.mutation.log  -Dtest.entry.class=RegressionTest0 -Dtest.entry.method=test00025 mutation.test 2>&1
OpenJDK 64-Bit Server VM warning: ignoring option MaxPermSize=1G; support was removed in 8.0
Unable to locate tools.jar. Expected to find it in /usr/lib/jvm/java-1.8.0-openjdk-1.8.0.212.b04-0.el7_6.x86_64/lib/tools.jar
Buildfile: /home/people/12309511/mutation_testing/defects4j/framework/projects/defects4j.build.xml
Moving csv files to results directories
mv: cannot stat ‘/scratch/12309511/temp_checkouts/Chart_2f_randoop_3/killMap.csv’: No such file or directory
mv: cannot stat ‘/scratch/12309511/temp_checkouts/Chart_2f_randoop_3/testMap.csv’: No such file or directory
mv: cannot stat ‘/scratch/12309511/temp_checkouts/Chart_2f_randoop_3/summary.csv’: No such file or directory
Running ant (mutation.test)................................................ RegressionTest0::test00026
FAIL
Executed command:  cd /scratch/12309511/temp_checkouts/Chart_2f_randoop_3 && /home/people/12309511/mutation_testing/defects4j/major/bin/ant -f /home/people/12309511/mutation_testing/defects4j/framework/projects/defects4j.build.xml -Dd4j.home=/home/people/12309511/mutation_testing/defects4j -Dd4j.dir.projects=/home/people/12309511/mutation_testing/defects4j/framework/projects -Dbasedir=/scratch/12309511/temp_checkouts/Chart_2f_randoop_3 -Dbuild.compiler=major.ant.MajorCompiler -Dd4j.test.dir=/scratch/12309511/temp_checkouts/Chart_2f_randoop_3/.test_suite -Dd4j.test.include=*.java -Dmajor.kill.log=/scratch/12309511/temp_checkouts/Chart_2f_randoop_3/kill.csv -logfile /scratch/12309511/temp_checkouts/Chart_2f_randoop_3/.mutation.log  -Dtest.entry.class=RegressionTest0 -Dtest.entry.method=test00026 mutation.test 2>&1
OpenJDK 64-Bit Server VM warning: ignoring option MaxPermSize=1G; support was removed in 8.0
Unable to locate tools.jar. Expected to find it in /usr/lib/jvm/java-1.8.0-openjdk-1.8.0.212.b04-0.el7_6.x86_64/lib/tools.jar
Buildfile: /home/people/12309511/mutation_testing/defects4j/framework/projects/defects4j.build.xml
Moving csv files to results directories
mv: cannot stat ‘/scratch/12309511/temp_checkouts/Chart_2f_randoop_3/killMap.csv’: No such file or directory
mv: cannot stat ‘/scratch/12309511/temp_checkouts/Chart_2f_randoop_3/testMap.csv’: No such file or directory
mv: cannot stat ‘/scratch/12309511/temp_checkouts/Chart_2f_randoop_3/summary.csv’: No such file or directory
Running ant (mutation.test)................................................ RegressionTest0::test00027
FAIL
Executed command:  cd /scratch/12309511/temp_checkouts/Chart_2f_randoop_3 && /home/people/12309511/mutation_testing/defects4j/major/bin/ant -f /home/people/12309511/mutation_testing/defects4j/framework/projects/defects4j.build.xml -Dd4j.home=/home/people/12309511/mutation_testing/defects4j -Dd4j.dir.projects=/home/people/12309511/mutation_testing/defects4j/framework/projects -Dbasedir=/scratch/12309511/temp_checkouts/Chart_2f_randoop_3 -Dbuild.compiler=major.ant.MajorCompiler -Dd4j.test.dir=/scratch/12309511/temp_checkouts/Chart_2f_randoop_3/.test_suite -Dd4j.test.include=*.java -Dmajor.kill.log=/scratch/12309511/temp_checkouts/Chart_2f_randoop_3/kill.csv -logfile /scratch/12309511/temp_checkouts/Chart_2f_randoop_3/.mutation.log  -Dtest.entry.class=RegressionTest0 -Dtest.entry.method=test00027 mutation.test 2>&1
OpenJDK 64-Bit Server VM warning: ignoring option MaxPermSize=1G; support was removed in 8.0
Unable to locate tools.jar. Expected to find it in /usr/lib/jvm/java-1.8.0-openjdk-1.8.0.212.b04-0.el7_6.x86_64/lib/tools.jar
Buildfile: /home/people/12309511/mutation_testing/defects4j/framework/projects/defects4j.build.xml
Moving csv files to results directories
mv: cannot stat ‘/scratch/12309511/temp_checkouts/Chart_2f_randoop_3/killMap.csv’: No such file or directory
mv: cannot stat ‘/scratch/12309511/temp_checkouts/Chart_2f_randoop_3/testMap.csv’: No such file or directory
mv: cannot stat ‘/scratch/12309511/temp_checkouts/Chart_2f_randoop_3/summary.csv’: No such file or directory
Running ant (mutation.test)................................................ RegressionTest0::test00028
FAIL
Executed command:  cd /scratch/12309511/temp_checkouts/Chart_2f_randoop_3 && /home/people/12309511/mutation_testing/defects4j/major/bin/ant -f /home/people/12309511/mutation_testing/defects4j/framework/projects/defects4j.build.xml -Dd4j.home=/home/people/12309511/mutation_testing/defects4j -Dd4j.dir.projects=/home/people/12309511/mutation_testing/defects4j/framework/projects -Dbasedir=/scratch/12309511/temp_checkouts/Chart_2f_randoop_3 -Dbuild.compiler=major.ant.MajorCompiler -Dd4j.test.dir=/scratch/12309511/temp_checkouts/Chart_2f_randoop_3/.test_suite -Dd4j.test.include=*.java -Dmajor.kill.log=/scratch/12309511/temp_checkouts/Chart_2f_randoop_3/kill.csv -logfile /scratch/12309511/temp_checkouts/Chart_2f_randoop_3/.mutation.log  -Dtest.entry.class=RegressionTest0 -Dtest.entry.method=test00028 mutation.test 2>&1
OpenJDK 64-Bit Server VM warning: ignoring option MaxPermSize=1G; support was removed in 8.0
Unable to locate tools.jar. Expected to find it in /usr/lib/jvm/java-1.8.0-openjdk-1.8.0.212.b04-0.el7_6.x86_64/lib/tools.jar
Buildfile: /home/people/12309511/mutation_testing/defects4j/framework/projects/defects4j.build.xml
Moving csv files to results directories
mv: cannot stat ‘/scratch/12309511/temp_checkouts/Chart_2f_randoop_3/killMap.csv’: No such file or directory
mv: cannot stat ‘/scratch/12309511/temp_checkouts/Chart_2f_randoop_3/testMap.csv’: No such file or directory
mv: cannot stat ‘/scratch/12309511/temp_checkouts/Chart_2f_randoop_3/summary.csv’: No such file or directory
Running ant (mutation.test)................................................ RegressionTest0::test00029
FAIL
Executed command:  cd /scratch/12309511/temp_checkouts/Chart_2f_randoop_3 && /home/people/12309511/mutation_testing/defects4j/major/bin/ant -f /home/people/12309511/mutation_testing/defects4j/framework/projects/defects4j.build.xml -Dd4j.home=/home/people/12309511/mutation_testing/defects4j -Dd4j.dir.projects=/home/people/12309511/mutation_testing/defects4j/framework/projects -Dbasedir=/scratch/12309511/temp_checkouts/Chart_2f_randoop_3 -Dbuild.compiler=major.ant.MajorCompiler -Dd4j.test.dir=/scratch/12309511/temp_checkouts/Chart_2f_randoop_3/.test_suite -Dd4j.test.include=*.java -Dmajor.kill.log=/scratch/12309511/temp_checkouts/Chart_2f_randoop_3/kill.csv -logfile /scratch/12309511/temp_checkouts/Chart_2f_randoop_3/.mutation.log  -Dtest.entry.class=RegressionTest0 -Dtest.entry.method=test00029 mutation.test 2>&1
OpenJDK 64-Bit Server VM warning: ignoring option MaxPermSize=1G; support was removed in 8.0
Unable to locate tools.jar. Expected to find it in /usr/lib/jvm/java-1.8.0-openjdk-1.8.0.212.b04-0.el7_6.x86_64/lib/tools.jar
Buildfile: /home/people/12309511/mutation_testing/defects4j/framework/projects/defects4j.build.xml
Moving csv files to results directories
mv: cannot stat ‘/scratch/12309511/temp_checkouts/Chart_2f_randoop_3/killMap.csv’: No such file or directory
mv: cannot stat ‘/scratch/12309511/temp_checkouts/Chart_2f_randoop_3/testMap.csv’: No such file or directory
mv: cannot stat ‘/scratch/12309511/temp_checkouts/Chart_2f_randoop_3/summary.csv’: No such file or directory
Running ant (mutation.test)................................................ RegressionTest0::test00030
FAIL
Executed command:  cd /scratch/12309511/temp_checkouts/Chart_2f_randoop_3 && /home/people/12309511/mutation_testing/defects4j/major/bin/ant -f /home/people/12309511/mutation_testing/defects4j/framework/projects/defects4j.build.xml -Dd4j.home=/home/people/12309511/mutation_testing/defects4j -Dd4j.dir.projects=/home/people/12309511/mutation_testing/defects4j/framework/projects -Dbasedir=/scratch/12309511/temp_checkouts/Chart_2f_randoop_3 -Dbuild.compiler=major.ant.MajorCompiler -Dd4j.test.dir=/scratch/12309511/temp_checkouts/Chart_2f_randoop_3/.test_suite -Dd4j.test.include=*.java -Dmajor.kill.log=/scratch/12309511/temp_checkouts/Chart_2f_randoop_3/kill.csv -logfile /scratch/12309511/temp_checkouts/Chart_2f_randoop_3/.mutation.log  -Dtest.entry.class=RegressionTest0 -Dtest.entry.method=test00030 mutation.test 2>&1
OpenJDK 64-Bit Server VM warning: ignoring option MaxPermSize=1G; support was removed in 8.0
Unable to locate tools.jar. Expected to find it in /usr/lib/jvm/java-1.8.0-openjdk-1.8.0.212.b04-0.el7_6.x86_64/lib/tools.jar
Buildfile: /home/people/12309511/mutation_testing/defects4j/framework/projects/defects4j.build.xml
Moving csv files to results directories
mv: cannot stat ‘/scratch/12309511/temp_checkouts/Chart_2f_randoop_3/killMap.csv’: No such file or directory
mv: cannot stat ‘/scratch/12309511/temp_checkouts/Chart_2f_randoop_3/testMap.csv’: No such file or directory
mv: cannot stat ‘/scratch/12309511/temp_checkouts/Chart_2f_randoop_3/summary.csv’: No such file or directory
Running ant (mutation.test)................................................ RegressionTest0::test00031
FAIL
Executed command:  cd /scratch/12309511/temp_checkouts/Chart_2f_randoop_3 && /home/people/12309511/mutation_testing/defects4j/major/bin/ant -f /home/people/12309511/mutation_testing/defects4j/framework/projects/defects4j.build.xml -Dd4j.home=/home/people/12309511/mutation_testing/defects4j -Dd4j.dir.projects=/home/people/12309511/mutation_testing/defects4j/framework/projects -Dbasedir=/scratch/12309511/temp_checkouts/Chart_2f_randoop_3 -Dbuild.compiler=major.ant.MajorCompiler -Dd4j.test.dir=/scratch/12309511/temp_checkouts/Chart_2f_randoop_3/.test_suite -Dd4j.test.include=*.java -Dmajor.kill.log=/scratch/12309511/temp_checkouts/Chart_2f_randoop_3/kill.csv -logfile /scratch/12309511/temp_checkouts/Chart_2f_randoop_3/.mutation.log  -Dtest.entry.class=RegressionTest0 -Dtest.entry.method=test00031 mutation.test 2>&1
OpenJDK 64-Bit Server VM warning: ignoring option MaxPermSize=1G; support was removed in 8.0
Unable to locate tools.jar. Expected to find it in /usr/lib/jvm/java-1.8.0-openjdk-1.8.0.212.b04-0.el7_6.x86_64/lib/tools.jar
Buildfile: /home/people/12309511/mutation_testing/defects4j/framework/projects/defects4j.build.xml
Moving csv files to results directories
mv: cannot stat ‘/scratch/12309511/temp_checkouts/Chart_2f_randoop_3/killMap.csv’: No such file or directory
mv: cannot stat ‘/scratch/12309511/temp_checkouts/Chart_2f_randoop_3/testMap.csv’: No such file or directory
mv: cannot stat ‘/scratch/12309511/temp_checkouts/Chart_2f_randoop_3/summary.csv’: No such file or directory
Running ant (mutation.test)................................................ RegressionTest0::test00032
FAIL
Executed command:  cd /scratch/12309511/temp_checkouts/Chart_2f_randoop_3 && /home/people/12309511/mutation_testing/defects4j/major/bin/ant -f /home/people/12309511/mutation_testing/defects4j/framework/projects/defects4j.build.xml -Dd4j.home=/home/people/12309511/mutation_testing/defects4j -Dd4j.dir.projects=/home/people/12309511/mutation_testing/defects4j/framework/projects -Dbasedir=/scratch/12309511/temp_checkouts/Chart_2f_randoop_3 -Dbuild.compiler=major.ant.MajorCompiler -Dd4j.test.dir=/scratch/12309511/temp_checkouts/Chart_2f_randoop_3/.test_suite -Dd4j.test.include=*.java -Dmajor.kill.log=/scratch/12309511/temp_checkouts/Chart_2f_randoop_3/kill.csv -logfile /scratch/12309511/temp_checkouts/Chart_2f_randoop_3/.mutation.log  -Dtest.entry.class=RegressionTest0 -Dtest.entry.method=test00032 mutation.test 2>&1
OpenJDK 64-Bit Server VM warning: ignoring option MaxPermSize=1G; support was removed in 8.0
Unable to locate tools.jar. Expected to find it in /usr/lib/jvm/java-1.8.0-openjdk-1.8.0.212.b04-0.el7_6.x86_64/lib/tools.jar
Buildfile: /home/people/12309511/mutation_testing/defects4j/framework/projects/defects4j.build.xml
Moving csv files to results directories
mv: cannot stat ‘/scratch/12309511/temp_checkouts/Chart_2f_randoop_3/killMap.csv’: No such file or directory
mv: cannot stat ‘/scratch/12309511/temp_checkouts/Chart_2f_randoop_3/testMap.csv’: No such file or directory
mv: cannot stat ‘/scratch/12309511/temp_checkouts/Chart_2f_randoop_3/summary.csv’: No such file or directory
Running ant (mutation.test)................................................ RegressionTest0::test00033
FAIL
Executed command:  cd /scratch/12309511/temp_checkouts/Chart_2f_randoop_3 && /home/people/12309511/mutation_testing/defects4j/major/bin/ant -f /home/people/12309511/mutation_testing/defects4j/framework/projects/defects4j.build.xml -Dd4j.home=/home/people/12309511/mutation_testing/defects4j -Dd4j.dir.projects=/home/people/12309511/mutation_testing/defects4j/framework/projects -Dbasedir=/scratch/12309511/temp_checkouts/Chart_2f_randoop_3 -Dbuild.compiler=major.ant.MajorCompiler -Dd4j.test.dir=/scratch/12309511/temp_checkouts/Chart_2f_randoop_3/.test_suite -Dd4j.test.include=*.java -Dmajor.kill.log=/scratch/12309511/temp_checkouts/Chart_2f_randoop_3/kill.csv -logfile /scratch/12309511/temp_checkouts/Chart_2f_randoop_3/.mutation.log  -Dtest.entry.class=RegressionTest0 -Dtest.entry.method=test00033 mutation.test 2>&1
OpenJDK 64-Bit Server VM warning: ignoring option MaxPermSize=1G; support was removed in 8.0
Unable to locate tools.jar. Expected to find it in /usr/lib/jvm/java-1.8.0-openjdk-1.8.0.212.b04-0.el7_6.x86_64/lib/tools.jar
Buildfile: /home/people/12309511/mutation_testing/defects4j/framework/projects/defects4j.build.xml
Moving csv files to results directories
mv: cannot stat ‘/scratch/12309511/temp_checkouts/Chart_2f_randoop_3/killMap.csv’: No such file or directory
mv: cannot stat ‘/scratch/12309511/temp_checkouts/Chart_2f_randoop_3/testMap.csv’: No such file or directory
mv: cannot stat ‘/scratch/12309511/temp_checkouts/Chart_2f_randoop_3/summary.csv’: No such file or directory
Running ant (mutation.test)................................................ RegressionTest0::test00034
FAIL
Executed command:  cd /scratch/12309511/temp_checkouts/Chart_2f_randoop_3 && /home/people/12309511/mutation_testing/defects4j/major/bin/ant -f /home/people/12309511/mutation_testing/defects4j/framework/projects/defects4j.build.xml -Dd4j.home=/home/people/12309511/mutation_testing/defects4j -Dd4j.dir.projects=/home/people/12309511/mutation_testing/defects4j/framework/projects -Dbasedir=/scratch/12309511/temp_checkouts/Chart_2f_randoop_3 -Dbuild.compiler=major.ant.MajorCompiler -Dd4j.test.dir=/scratch/12309511/temp_checkouts/Chart_2f_randoop_3/.test_suite -Dd4j.test.include=*.java -Dmajor.kill.log=/scratch/12309511/temp_checkouts/Chart_2f_randoop_3/kill.csv -logfile /scratch/12309511/temp_checkouts/Chart_2f_randoop_3/.mutation.log  -Dtest.entry.class=RegressionTest0 -Dtest.entry.method=test00034 mutation.test 2>&1
OpenJDK 64-Bit Server VM warning: ignoring option MaxPermSize=1G; support was removed in 8.0
Unable to locate tools.jar. Expected to find it in /usr/lib/jvm/java-1.8.0-openjdk-1.8.0.212.b04-0.el7_6.x86_64/lib/tools.jar
Buildfile: /home/people/12309511/mutation_testing/defects4j/framework/projects/defects4j.build.xml
Moving csv files to results directories
mv: cannot stat ‘/scratch/12309511/temp_checkouts/Chart_2f_randoop_3/killMap.csv’: No such file or directory
mv: cannot stat ‘/scratch/12309511/temp_checkouts/Chart_2f_randoop_3/testMap.csv’: No such file or directory
mv: cannot stat ‘/scratch/12309511/temp_checkouts/Chart_2f_randoop_3/summary.csv’: No such file or directory
Running ant (mutation.test)................................................ RegressionTest0::test00035
FAIL
Executed command:  cd /scratch/12309511/temp_checkouts/Chart_2f_randoop_3 && /home/people/12309511/mutation_testing/defects4j/major/bin/ant -f /home/people/12309511/mutation_testing/defects4j/framework/projects/defects4j.build.xml -Dd4j.home=/home/people/12309511/mutation_testing/defects4j -Dd4j.dir.projects=/home/people/12309511/mutation_testing/defects4j/framework/projects -Dbasedir=/scratch/12309511/temp_checkouts/Chart_2f_randoop_3 -Dbuild.compiler=major.ant.MajorCompiler -Dd4j.test.dir=/scratch/12309511/temp_checkouts/Chart_2f_randoop_3/.test_suite -Dd4j.test.include=*.java -Dmajor.kill.log=/scratch/12309511/temp_checkouts/Chart_2f_randoop_3/kill.csv -logfile /scratch/12309511/temp_checkouts/Chart_2f_randoop_3/.mutation.log  -Dtest.entry.class=RegressionTest0 -Dtest.entry.method=test00035 mutation.test 2>&1
OpenJDK 64-Bit Server VM warning: ignoring option MaxPermSize=1G; support was removed in 8.0
Unable to locate tools.jar. Expected to find it in /usr/lib/jvm/java-1.8.0-openjdk-1.8.0.212.b04-0.el7_6.x86_64/lib/tools.jar
Buildfile: /home/people/12309511/mutation_testing/defects4j/framework/projects/defects4j.build.xml
Moving csv files to results directories
mv: cannot stat ‘/scratch/12309511/temp_checkouts/Chart_2f_randoop_3/killMap.csv’: No such file or directory
mv: cannot stat ‘/scratch/12309511/temp_checkouts/Chart_2f_randoop_3/testMap.csv’: No such file or directory
mv: cannot stat ‘/scratch/12309511/temp_checkouts/Chart_2f_randoop_3/summary.csv’: No such file or directory
Running ant (mutation.test)................................................ RegressionTest0::test00036
FAIL
Executed command:  cd /scratch/12309511/temp_checkouts/Chart_2f_randoop_3 && /home/people/12309511/mutation_testing/defects4j/major/bin/ant -f /home/people/12309511/mutation_testing/defects4j/framework/projects/defects4j.build.xml -Dd4j.home=/home/people/12309511/mutation_testing/defects4j -Dd4j.dir.projects=/home/people/12309511/mutation_testing/defects4j/framework/projects -Dbasedir=/scratch/12309511/temp_checkouts/Chart_2f_randoop_3 -Dbuild.compiler=major.ant.MajorCompiler -Dd4j.test.dir=/scratch/12309511/temp_checkouts/Chart_2f_randoop_3/.test_suite -Dd4j.test.include=*.java -Dmajor.kill.log=/scratch/12309511/temp_checkouts/Chart_2f_randoop_3/kill.csv -logfile /scratch/12309511/temp_checkouts/Chart_2f_randoop_3/.mutation.log  -Dtest.entry.class=RegressionTest0 -Dtest.entry.method=test00036 mutation.test 2>&1
OpenJDK 64-Bit Server VM warning: ignoring option MaxPermSize=1G; support was removed in 8.0
Unable to locate tools.jar. Expected to find it in /usr/lib/jvm/java-1.8.0-openjdk-1.8.0.212.b04-0.el7_6.x86_64/lib/tools.jar
Buildfile: /home/people/12309511/mutation_testing/defects4j/framework/projects/defects4j.build.xml
Moving csv files to results directories
mv: cannot stat ‘/scratch/12309511/temp_checkouts/Chart_2f_randoop_3/killMap.csv’: No such file or directory
mv: cannot stat ‘/scratch/12309511/temp_checkouts/Chart_2f_randoop_3/testMap.csv’: No such file or directory
mv: cannot stat ‘/scratch/12309511/temp_checkouts/Chart_2f_randoop_3/summary.csv’: No such file or directory
Running ant (mutation.test)................................................ RegressionTest0::test00037
FAIL
Executed command:  cd /scratch/12309511/temp_checkouts/Chart_2f_randoop_3 && /home/people/12309511/mutation_testing/defects4j/major/bin/ant -f /home/people/12309511/mutation_testing/defects4j/framework/projects/defects4j.build.xml -Dd4j.home=/home/people/12309511/mutation_testing/defects4j -Dd4j.dir.projects=/home/people/12309511/mutation_testing/defects4j/framework/projects -Dbasedir=/scratch/12309511/temp_checkouts/Chart_2f_randoop_3 -Dbuild.compiler=major.ant.MajorCompiler -Dd4j.test.dir=/scratch/12309511/temp_checkouts/Chart_2f_randoop_3/.test_suite -Dd4j.test.include=*.java -Dmajor.kill.log=/scratch/12309511/temp_checkouts/Chart_2f_randoop_3/kill.csv -logfile /scratch/12309511/temp_checkouts/Chart_2f_randoop_3/.mutation.log  -Dtest.entry.class=RegressionTest0 -Dtest.entry.method=test00037 mutation.test 2>&1
OpenJDK 64-Bit Server VM warning: ignoring option MaxPermSize=1G; support was removed in 8.0
Unable to locate tools.jar. Expected to find it in /usr/lib/jvm/java-1.8.0-openjdk-1.8.0.212.b04-0.el7_6.x86_64/lib/tools.jar
Buildfile: /home/people/12309511/mutation_testing/defects4j/framework/projects/defects4j.build.xml
Moving csv files to results directories
mv: cannot stat ‘/scratch/12309511/temp_checkouts/Chart_2f_randoop_3/killMap.csv’: No such file or directory
mv: cannot stat ‘/scratch/12309511/temp_checkouts/Chart_2f_randoop_3/testMap.csv’: No such file or directory
mv: cannot stat ‘/scratch/12309511/temp_checkouts/Chart_2f_randoop_3/summary.csv’: No such file or directory
Running ant (mutation.test)................................................ RegressionTest0::test00038
FAIL
Executed command:  cd /scratch/12309511/temp_checkouts/Chart_2f_randoop_3 && /home/people/12309511/mutation_testing/defects4j/major/bin/ant -f /home/people/12309511/mutation_testing/defects4j/framework/projects/defects4j.build.xml -Dd4j.home=/home/people/12309511/mutation_testing/defects4j -Dd4j.dir.projects=/home/people/12309511/mutation_testing/defects4j/framework/projects -Dbasedir=/scratch/12309511/temp_checkouts/Chart_2f_randoop_3 -Dbuild.compiler=major.ant.MajorCompiler -Dd4j.test.dir=/scratch/12309511/temp_checkouts/Chart_2f_randoop_3/.test_suite -Dd4j.test.include=*.java -Dmajor.kill.log=/scratch/12309511/temp_checkouts/Chart_2f_randoop_3/kill.csv -logfile /scratch/12309511/temp_checkouts/Chart_2f_randoop_3/.mutation.log  -Dtest.entry.class=RegressionTest0 -Dtest.entry.method=test00038 mutation.test 2>&1
OpenJDK 64-Bit Server VM warning: ignoring option MaxPermSize=1G; support was removed in 8.0
Unable to locate tools.jar. Expected to find it in /usr/lib/jvm/java-1.8.0-openjdk-1.8.0.212.b04-0.el7_6.x86_64/lib/tools.jar
Buildfile: /home/people/12309511/mutation_testing/defects4j/framework/projects/defects4j.build.xml
Moving csv files to results directories
mv: cannot stat ‘/scratch/12309511/temp_checkouts/Chart_2f_randoop_3/killMap.csv’: No such file or directory
mv: cannot stat ‘/scratch/12309511/temp_checkouts/Chart_2f_randoop_3/testMap.csv’: No such file or directory
mv: cannot stat ‘/scratch/12309511/temp_checkouts/Chart_2f_randoop_3/summary.csv’: No such file or directory
Running ant (mutation.test)................................................ RegressionTest0::test00039
FAIL
Executed command:  cd /scratch/12309511/temp_checkouts/Chart_2f_randoop_3 && /home/people/12309511/mutation_testing/defects4j/major/bin/ant -f /home/people/12309511/mutation_testing/defects4j/framework/projects/defects4j.build.xml -Dd4j.home=/home/people/12309511/mutation_testing/defects4j -Dd4j.dir.projects=/home/people/12309511/mutation_testing/defects4j/framework/projects -Dbasedir=/scratch/12309511/temp_checkouts/Chart_2f_randoop_3 -Dbuild.compiler=major.ant.MajorCompiler -Dd4j.test.dir=/scratch/12309511/temp_checkouts/Chart_2f_randoop_3/.test_suite -Dd4j.test.include=*.java -Dmajor.kill.log=/scratch/12309511/temp_checkouts/Chart_2f_randoop_3/kill.csv -logfile /scratch/12309511/temp_checkouts/Chart_2f_randoop_3/.mutation.log  -Dtest.entry.class=RegressionTest0 -Dtest.entry.method=test00039 mutation.test 2>&1
OpenJDK 64-Bit Server VM warning: ignoring option MaxPermSize=1G; support was removed in 8.0
Unable to locate tools.jar. Expected to find it in /usr/lib/jvm/java-1.8.0-openjdk-1.8.0.212.b04-0.el7_6.x86_64/lib/tools.jar
Buildfile: /home/people/12309511/mutation_testing/defects4j/framework/projects/defects4j.build.xml
Moving csv files to results directories
mv: cannot stat ‘/scratch/12309511/temp_checkouts/Chart_2f_randoop_3/killMap.csv’: No such file or directory
mv: cannot stat ‘/scratch/12309511/temp_checkouts/Chart_2f_randoop_3/testMap.csv’: No such file or directory
mv: cannot stat ‘/scratch/12309511/temp_checkouts/Chart_2f_randoop_3/summary.csv’: No such file or directory
Running ant (mutation.test)................................................ RegressionTest0::test00040
FAIL
Executed command:  cd /scratch/12309511/temp_checkouts/Chart_2f_randoop_3 && /home/people/12309511/mutation_testing/defects4j/major/bin/ant -f /home/people/12309511/mutation_testing/defects4j/framework/projects/defects4j.build.xml -Dd4j.home=/home/people/12309511/mutation_testing/defects4j -Dd4j.dir.projects=/home/people/12309511/mutation_testing/defects4j/framework/projects -Dbasedir=/scratch/12309511/temp_checkouts/Chart_2f_randoop_3 -Dbuild.compiler=major.ant.MajorCompiler -Dd4j.test.dir=/scratch/12309511/temp_checkouts/Chart_2f_randoop_3/.test_suite -Dd4j.test.include=*.java -Dmajor.kill.log=/scratch/12309511/temp_checkouts/Chart_2f_randoop_3/kill.csv -logfile /scratch/12309511/temp_checkouts/Chart_2f_randoop_3/.mutation.log  -Dtest.entry.class=RegressionTest0 -Dtest.entry.method=test00040 mutation.test 2>&1
OpenJDK 64-Bit Server VM warning: ignoring option MaxPermSize=1G; support was removed in 8.0
Unable to locate tools.jar. Expected to find it in /usr/lib/jvm/java-1.8.0-openjdk-1.8.0.212.b04-0.el7_6.x86_64/lib/tools.jar
Buildfile: /home/people/12309511/mutation_testing/defects4j/framework/projects/defects4j.build.xml
Moving csv files to results directories
mv: cannot stat ‘/scratch/12309511/temp_checkouts/Chart_2f_randoop_3/killMap.csv’: No such file or directory
mv: cannot stat ‘/scratch/12309511/temp_checkouts/Chart_2f_randoop_3/testMap.csv’: No such file or directory
mv: cannot stat ‘/scratch/12309511/temp_checkouts/Chart_2f_randoop_3/summary.csv’: No such file or directory
Running ant (mutation.test)................................................ RegressionTest0::test00041
